{"C:\\Users\\User\\.claude\\agents\\server.js": {"path":"C:\\Users\\User\\.claude\\agents\\server.js","statementMap":{"0":{"start":{"line":1,"column":16},"end":{"line":1,"column":34}},"1":{"start":{"line":2,"column":13},"end":{"line":2,"column":28}},"2":{"start":{"line":3,"column":15},"end":{"line":3,"column":32}},"3":{"start":{"line":4,"column":20},"end":{"line":4,"column":42}},"4":{"start":{"line":5,"column":18},"end":{"line":5,"column":47}},"5":{"start":{"line":6,"column":15},"end":{"line":6,"column":32}},"6":{"start":{"line":7,"column":25},"end":{"line":7,"column":40}},"7":{"start":{"line":8,"column":28},"end":{"line":8,"column":41}},"8":{"start":{"line":9,"column":13},"end":{"line":9,"column":28}},"9":{"start":{"line":10,"column":0},"end":{"line":10,"column":27}},"10":{"start":{"line":12,"column":12},"end":{"line":12,"column":21}},"11":{"start":{"line":13,"column":15},"end":{"line":13,"column":32}},"12":{"start":{"line":14,"column":12},"end":{"line":14,"column":43}},"13":{"start":{"line":16,"column":24},"end":{"line":16,"column":53}},"14":{"start":{"line":17,"column":21},"end":{"line":17,"column":48}},"15":{"start":{"line":18,"column":19},"end":{"line":18,"column":43}},"16":{"start":{"line":19,"column":20},"end":{"line":19,"column":45}},"17":{"start":{"line":20,"column":22},"end":{"line":20,"column":49}},"18":{"start":{"line":21,"column":24},"end":{"line":21,"column":53}},"19":{"start":{"line":22,"column":18},"end":{"line":22,"column":41}},"20":{"start":{"line":23,"column":22},"end":{"line":23,"column":49}},"21":{"start":{"line":24,"column":24},"end":{"line":24,"column":53}},"22":{"start":{"line":25,"column":17},"end":{"line":25,"column":58}},"23":{"start":{"line":26,"column":19},"end":{"line":26,"column":43}},"24":{"start":{"line":27,"column":21},"end":{"line":27,"column":47}},"25":{"start":{"line":28,"column":23},"end":{"line":28,"column":51}},"26":{"start":{"line":29,"column":17},"end":{"line":29,"column":39}},"27":{"start":{"line":31,"column":11},"end":{"line":31,"column":39}},"28":{"start":{"line":32,"column":14},"end":{"line":32,"column":39}},"29":{"start":{"line":33,"column":30},"end":{"line":33,"column":58}},"30":{"start":{"line":34,"column":25},"end":{"line":34,"column":61}},"31":{"start":{"line":35,"column":29},"end":{"line":35,"column":59}},"32":{"start":{"line":37,"column":0},"end":{"line":40,"column":4}},"33":{"start":{"line":41,"column":0},"end":{"line":41,"column":16}},"34":{"start":{"line":42,"column":0},"end":{"line":42,"column":23}},"35":{"start":{"line":43,"column":0},"end":{"line":43,"column":41}},"36":{"start":{"line":44,"column":0},"end":{"line":44,"column":63}},"37":{"start":{"line":45,"column":0},"end":{"line":45,"column":28}},"38":{"start":{"line":46,"column":0},"end":{"line":46,"column":26}},"39":{"start":{"line":48,"column":16},"end":{"line":52,"column":2}},"40":{"start":{"line":54,"column":0},"end":{"line":54,"column":26}},"41":{"start":{"line":57,"column":0},"end":{"line":59,"column":3}},"42":{"start":{"line":58,"column":4},"end":{"line":58,"column":48}},"43":{"start":{"line":61,"column":0},"end":{"line":61,"column":33}},"44":{"start":{"line":62,"column":0},"end":{"line":62,"column":56}},"45":{"start":{"line":63,"column":0},"end":{"line":63,"column":60}},"46":{"start":{"line":64,"column":0},"end":{"line":64,"column":48}},"47":{"start":{"line":65,"column":0},"end":{"line":65,"column":62}},"48":{"start":{"line":66,"column":0},"end":{"line":66,"column":57}},"49":{"start":{"line":67,"column":0},"end":{"line":67,"column":52}},"50":{"start":{"line":68,"column":0},"end":{"line":68,"column":54}},"51":{"start":{"line":69,"column":0},"end":{"line":69,"column":58}},"52":{"start":{"line":70,"column":0},"end":{"line":70,"column":62}},"53":{"start":{"line":71,"column":0},"end":{"line":71,"column":50}},"54":{"start":{"line":72,"column":0},"end":{"line":72,"column":58}},"55":{"start":{"line":73,"column":0},"end":{"line":73,"column":62}},"56":{"start":{"line":74,"column":0},"end":{"line":74,"column":48}},"57":{"start":{"line":76,"column":0},"end":{"line":76,"column":56}},"58":{"start":{"line":78,"column":0},"end":{"line":80,"column":3}},"59":{"start":{"line":79,"column":4},"end":{"line":79,"column":63}},"60":{"start":{"line":82,"column":25},"end":{"line":82,"column":34}},"61":{"start":{"line":84,"column":0},"end":{"line":106,"column":3}},"62":{"start":{"line":85,"column":21},"end":{"line":85,"column":71}},"63":{"start":{"line":86,"column":4},"end":{"line":86,"column":39}},"64":{"start":{"line":88,"column":4},"end":{"line":95,"column":7}},"65":{"start":{"line":89,"column":8},"end":{"line":94,"column":9}},"66":{"start":{"line":90,"column":25},"end":{"line":90,"column":44}},"67":{"start":{"line":91,"column":12},"end":{"line":91,"column":55}},"68":{"start":{"line":93,"column":12},"end":{"line":93,"column":73}},"69":{"start":{"line":97,"column":4},"end":{"line":99,"column":7}},"70":{"start":{"line":98,"column":8},"end":{"line":98,"column":42}},"71":{"start":{"line":101,"column":4},"end":{"line":105,"column":8}},"72":{"start":{"line":109,"column":30},"end":{"line":109,"column":34}},"73":{"start":{"line":111,"column":4},"end":{"line":126,"column":5}},"74":{"start":{"line":113,"column":12},"end":{"line":113,"column":47}},"75":{"start":{"line":114,"column":12},"end":{"line":114,"column":18}},"76":{"start":{"line":116,"column":12},"end":{"line":116,"column":51}},"77":{"start":{"line":117,"column":12},"end":{"line":117,"column":18}},"78":{"start":{"line":119,"column":12},"end":{"line":119,"column":57}},"79":{"start":{"line":120,"column":12},"end":{"line":120,"column":18}},"80":{"start":{"line":122,"column":12},"end":{"line":122,"column":61}},"81":{"start":{"line":123,"column":12},"end":{"line":123,"column":18}},"82":{"start":{"line":125,"column":12},"end":{"line":125,"column":71}},"83":{"start":{"line":130,"column":4},"end":{"line":137,"column":13}},"84":{"start":{"line":131,"column":8},"end":{"line":136,"column":9}},"85":{"start":{"line":132,"column":12},"end":{"line":135,"column":16}},"86":{"start":{"line":141,"column":4},"end":{"line":148,"column":13}},"87":{"start":{"line":142,"column":8},"end":{"line":147,"column":9}},"88":{"start":{"line":143,"column":12},"end":{"line":146,"column":16}},"89":{"start":{"line":152,"column":4},"end":{"line":158,"column":6}},"90":{"start":{"line":162,"column":4},"end":{"line":172,"column":6}},"91":{"start":{"line":176,"column":4},"end":{"line":180,"column":8}},"92":{"start":{"line":184,"column":26},"end":{"line":184,"column":46}},"93":{"start":{"line":185,"column":4},"end":{"line":190,"column":8}},"94":{"start":{"line":193,"column":0},"end":{"line":193,"column":22}},"95":{"start":{"line":195,"column":13},"end":{"line":195,"column":37}},"96":{"start":{"line":198,"column":4},"end":{"line":224,"column":5}},"97":{"start":{"line":199,"column":8},"end":{"line":199,"column":32}},"98":{"start":{"line":200,"column":8},"end":{"line":200,"column":57}},"99":{"start":{"line":203,"column":8},"end":{"line":203,"column":40}},"100":{"start":{"line":204,"column":8},"end":{"line":204,"column":47}},"101":{"start":{"line":206,"column":8},"end":{"line":206,"column":30}},"102":{"start":{"line":207,"column":8},"end":{"line":207,"column":48}},"103":{"start":{"line":210,"column":29},"end":{"line":210,"column":53}},"104":{"start":{"line":211,"column":8},"end":{"line":211,"column":29}},"105":{"start":{"line":213,"column":8},"end":{"line":220,"column":11}},"106":{"start":{"line":214,"column":12},"end":{"line":214,"column":77}},"107":{"start":{"line":215,"column":12},"end":{"line":215,"column":66}},"108":{"start":{"line":216,"column":12},"end":{"line":216,"column":64}},"109":{"start":{"line":217,"column":12},"end":{"line":217,"column":51}},"110":{"start":{"line":218,"column":12},"end":{"line":218,"column":63}},"111":{"start":{"line":219,"column":12},"end":{"line":219,"column":74}},"112":{"start":{"line":222,"column":8},"end":{"line":222,"column":58}},"113":{"start":{"line":223,"column":8},"end":{"line":223,"column":24}},"114":{"start":{"line":227,"column":0},"end":{"line":227,"column":14}},"115":{"start":{"line":229,"column":0},"end":{"line":237,"column":3}},"116":{"start":{"line":230,"column":4},"end":{"line":230,"column":65}},"117":{"start":{"line":231,"column":4},"end":{"line":233,"column":7}},"118":{"start":{"line":232,"column":8},"end":{"line":232,"column":37}},"119":{"start":{"line":234,"column":4},"end":{"line":234,"column":21}},"120":{"start":{"line":235,"column":4},"end":{"line":235,"column":29}},"121":{"start":{"line":236,"column":4},"end":{"line":236,"column":20}},"122":{"start":{"line":239,"column":0},"end":{"line":239,"column":33}}},"fnMap":{"0":{"name":"(anonymous_0)","decl":{"start":{"line":57,"column":19},"end":{"line":57,"column":20}},"loc":{"start":{"line":57,"column":33},"end":{"line":59,"column":1}},"line":57},"1":{"name":"(anonymous_1)","decl":{"start":{"line":78,"column":13},"end":{"line":78,"column":14}},"loc":{"start":{"line":78,"column":27},"end":{"line":80,"column":1}},"line":78},"2":{"name":"(anonymous_2)","decl":{"start":{"line":84,"column":21},"end":{"line":84,"column":22}},"loc":{"start":{"line":84,"column":34},"end":{"line":106,"column":1}},"line":84},"3":{"name":"(anonymous_3)","decl":{"start":{"line":88,"column":21},"end":{"line":88,"column":22}},"loc":{"start":{"line":88,"column":40},"end":{"line":95,"column":5}},"line":88},"4":{"name":"(anonymous_4)","decl":{"start":{"line":97,"column":19},"end":{"line":97,"column":20}},"loc":{"start":{"line":97,"column":25},"end":{"line":99,"column":5}},"line":97},"5":{"name":"handleWebSocketMessage","decl":{"start":{"line":108,"column":15},"end":{"line":108,"column":37}},"loc":{"start":{"line":108,"column":58},"end":{"line":127,"column":1}},"line":108},"6":{"name":"subscribeToDashboard","decl":{"start":{"line":129,"column":9},"end":{"line":129,"column":29}},"loc":{"start":{"line":129,"column":44},"end":{"line":138,"column":1}},"line":129},"7":{"name":"(anonymous_7)","decl":{"start":{"line":130,"column":16},"end":{"line":130,"column":17}},"loc":{"start":{"line":130,"column":22},"end":{"line":137,"column":5}},"line":130},"8":{"name":"subscribeToRealTimeSales","decl":{"start":{"line":140,"column":9},"end":{"line":140,"column":33}},"loc":{"start":{"line":140,"column":48},"end":{"line":149,"column":1}},"line":140},"9":{"name":"(anonymous_9)","decl":{"start":{"line":141,"column":16},"end":{"line":141,"column":17}},"loc":{"start":{"line":141,"column":22},"end":{"line":148,"column":5}},"line":141},"10":{"name":"generateDashboardMetrics","decl":{"start":{"line":151,"column":9},"end":{"line":151,"column":33}},"loc":{"start":{"line":151,"column":36},"end":{"line":159,"column":1}},"line":151},"11":{"name":"generateSalesMetrics","decl":{"start":{"line":161,"column":9},"end":{"line":161,"column":29}},"loc":{"start":{"line":161,"column":32},"end":{"line":173,"column":1}},"line":161},"12":{"name":"handleInventoryUpdate","decl":{"start":{"line":175,"column":15},"end":{"line":175,"column":36}},"loc":{"start":{"line":175,"column":60},"end":{"line":181,"column":1}},"line":175},"13":{"name":"handleCashlessTransaction","decl":{"start":{"line":183,"column":15},"end":{"line":183,"column":40}},"loc":{"start":{"line":183,"column":64},"end":{"line":191,"column":1}},"line":183},"14":{"name":"startServer","decl":{"start":{"line":197,"column":15},"end":{"line":197,"column":26}},"loc":{"start":{"line":197,"column":29},"end":{"line":225,"column":1}},"line":197},"15":{"name":"(anonymous_15)","decl":{"start":{"line":213,"column":28},"end":{"line":213,"column":29}},"loc":{"start":{"line":213,"column":34},"end":{"line":220,"column":9}},"line":213},"16":{"name":"(anonymous_16)","decl":{"start":{"line":229,"column":22},"end":{"line":229,"column":23}},"loc":{"start":{"line":229,"column":34},"end":{"line":237,"column":1}},"line":229},"17":{"name":"(anonymous_17)","decl":{"start":{"line":231,"column":17},"end":{"line":231,"column":18}},"loc":{"start":{"line":231,"column":23},"end":{"line":233,"column":5}},"line":231}},"branchMap":{"0":{"loc":{"start":{"line":85,"column":21},"end":{"line":85,"column":71}},"type":"binary-expr","locations":[{"start":{"line":85,"column":21},"end":{"line":85,"column":47}},{"start":{"line":85,"column":51},"end":{"line":85,"column":71}}],"line":85},"1":{"loc":{"start":{"line":111,"column":4},"end":{"line":126,"column":5}},"type":"switch","locations":[{"start":{"line":112,"column":8},"end":{"line":114,"column":18}},{"start":{"line":115,"column":8},"end":{"line":117,"column":18}},{"start":{"line":118,"column":8},"end":{"line":120,"column":18}},{"start":{"line":121,"column":8},"end":{"line":123,"column":18}},{"start":{"line":124,"column":8},"end":{"line":125,"column":71}}],"line":111},"2":{"loc":{"start":{"line":131,"column":8},"end":{"line":136,"column":9}},"type":"if","locations":[{"start":{"line":131,"column":8},"end":{"line":136,"column":9}},{"start":{},"end":{}}],"line":131},"3":{"loc":{"start":{"line":142,"column":8},"end":{"line":147,"column":9}},"type":"if","locations":[{"start":{"line":142,"column":8},"end":{"line":147,"column":9}},{"start":{},"end":{}}],"line":142},"4":{"loc":{"start":{"line":195,"column":13},"end":{"line":195,"column":37}},"type":"binary-expr","locations":[{"start":{"line":195,"column":13},"end":{"line":195,"column":29}},{"start":{"line":195,"column":33},"end":{"line":195,"column":37}}],"line":195}},"s":{"0":5,"1":5,"2":5,"3":5,"4":5,"5":5,"6":5,"7":5,"8":5,"9":5,"10":5,"11":5,"12":5,"13":5,"14":5,"15":5,"16":5,"17":5,"18":5,"19":5,"20":5,"21":5,"22":5,"23":5,"24":5,"25":5,"26":5,"27":5,"28":5,"29":5,"30":5,"31":5,"32":5,"33":5,"34":5,"35":5,"36":5,"37":5,"38":5,"39":5,"40":5,"41":5,"42":0,"43":5,"44":5,"45":5,"46":5,"47":5,"48":5,"49":5,"50":5,"51":5,"52":5,"53":5,"54":5,"55":5,"56":5,"57":5,"58":5,"59":0,"60":5,"61":5,"62":0,"63":0,"64":0,"65":0,"66":0,"67":0,"68":0,"69":0,"70":0,"71":0,"72":0,"73":0,"74":0,"75":0,"76":0,"77":0,"78":0,"79":0,"80":0,"81":0,"82":0,"83":0,"84":0,"85":0,"86":0,"87":0,"88":0,"89":0,"90":0,"91":0,"92":0,"93":0,"94":5,"95":5,"96":5,"97":5,"98":5,"99":5,"100":4,"101":4,"102":4,"103":4,"104":4,"105":4,"106":1,"107":1,"108":1,"109":1,"110":1,"111":1,"112":0,"113":0,"114":5,"115":5,"116":0,"117":0,"118":0,"119":0,"120":0,"121":0,"122":5},"f":{"0":0,"1":0,"2":0,"3":0,"4":0,"5":0,"6":0,"7":0,"8":0,"9":0,"10":0,"11":0,"12":0,"13":0,"14":5,"15":1,"16":0,"17":0},"b":{"0":[0,0],"1":[0,0,0,0,0],"2":[0,0],"3":[0,0],"4":[5,0]},"_coverageSchema":"1a1c01bbd47fc00a2c39e90264f33305004495a9","hash":"885dea0de413730c558b4d074b2d62b70262dba7"}
,"C:\\Users\\User\\.claude\\agents\\config\\cache.js": {"path":"C:\\Users\\User\\.claude\\agents\\config\\cache.js","statementMap":{"0":{"start":{"line":4,"column":8},"end":{"line":4,"column":31}},"1":{"start":{"line":5,"column":8},"end":{"line":5,"column":32}},"2":{"start":{"line":9,"column":8},"end":{"line":9,"column":61}},"3":{"start":{"line":10,"column":8},"end":{"line":10,"column":20}},"4":{"start":{"line":14,"column":21},"end":{"line":14,"column":40}},"5":{"start":{"line":15,"column":8},"end":{"line":15,"column":31}},"6":{"start":{"line":15,"column":19},"end":{"line":15,"column":31}},"7":{"start":{"line":17,"column":8},"end":{"line":20,"column":9}},"8":{"start":{"line":18,"column":12},"end":{"line":18,"column":35}},"9":{"start":{"line":19,"column":12},"end":{"line":19,"column":24}},"10":{"start":{"line":22,"column":8},"end":{"line":22,"column":26}},"11":{"start":{"line":26,"column":8},"end":{"line":29,"column":11}},"12":{"start":{"line":30,"column":8},"end":{"line":30,"column":20}},"13":{"start":{"line":34,"column":8},"end":{"line":34,"column":38}},"14":{"start":{"line":38,"column":8},"end":{"line":38,"column":27}},"15":{"start":{"line":39,"column":8},"end":{"line":39,"column":20}},"16":{"start":{"line":43,"column":8},"end":{"line":43,"column":27}},"17":{"start":{"line":44,"column":8},"end":{"line":44,"column":33}},"18":{"start":{"line":48,"column":0},"end":{"line":48,"column":36}}},"fnMap":{"0":{"name":"(anonymous_0)","decl":{"start":{"line":3,"column":4},"end":{"line":3,"column":5}},"loc":{"start":{"line":3,"column":18},"end":{"line":6,"column":5}},"line":3},"1":{"name":"(anonymous_1)","decl":{"start":{"line":8,"column":4},"end":{"line":8,"column":5}},"loc":{"start":{"line":8,"column":20},"end":{"line":11,"column":5}},"line":8},"2":{"name":"(anonymous_2)","decl":{"start":{"line":13,"column":4},"end":{"line":13,"column":5}},"loc":{"start":{"line":13,"column":19},"end":{"line":23,"column":5}},"line":13},"3":{"name":"(anonymous_3)","decl":{"start":{"line":25,"column":4},"end":{"line":25,"column":5}},"loc":{"start":{"line":25,"column":38},"end":{"line":31,"column":5}},"line":25},"4":{"name":"(anonymous_4)","decl":{"start":{"line":33,"column":4},"end":{"line":33,"column":5}},"loc":{"start":{"line":33,"column":19},"end":{"line":35,"column":5}},"line":33},"5":{"name":"(anonymous_5)","decl":{"start":{"line":37,"column":4},"end":{"line":37,"column":5}},"loc":{"start":{"line":37,"column":18},"end":{"line":40,"column":5}},"line":37},"6":{"name":"(anonymous_6)","decl":{"start":{"line":42,"column":4},"end":{"line":42,"column":5}},"loc":{"start":{"line":42,"column":23},"end":{"line":45,"column":5}},"line":42}},"branchMap":{"0":{"loc":{"start":{"line":15,"column":8},"end":{"line":15,"column":31}},"type":"if","locations":[{"start":{"line":15,"column":8},"end":{"line":15,"column":31}},{"start":{},"end":{}}],"line":15},"1":{"loc":{"start":{"line":17,"column":8},"end":{"line":20,"column":9}},"type":"if","locations":[{"start":{"line":17,"column":8},"end":{"line":20,"column":9}},{"start":{},"end":{}}],"line":17},"2":{"loc":{"start":{"line":17,"column":12},"end":{"line":17,"column":45}},"type":"binary-expr","locations":[{"start":{"line":17,"column":12},"end":{"line":17,"column":20}},{"start":{"line":17,"column":24},"end":{"line":17,"column":45}}],"line":17},"3":{"loc":{"start":{"line":25,"column":26},"end":{"line":25,"column":36}},"type":"default-arg","locations":[{"start":{"line":25,"column":32},"end":{"line":25,"column":36}}],"line":25},"4":{"loc":{"start":{"line":28,"column":17},"end":{"line":28,"column":55}},"type":"cond-expr","locations":[{"start":{"line":28,"column":23},"end":{"line":28,"column":48}},{"start":{"line":28,"column":51},"end":{"line":28,"column":55}}],"line":28}},"s":{"0":5,"1":5,"2":4,"3":4,"4":0,"5":0,"6":0,"7":0,"8":0,"9":0,"10":0,"11":0,"12":0,"13":0,"14":0,"15":0,"16":0,"17":0,"18":5},"f":{"0":5,"1":4,"2":0,"3":0,"4":0,"5":0,"6":0},"b":{"0":[0,0],"1":[0,0],"2":[0,0],"3":[0],"4":[0,0]},"_coverageSchema":"1a1c01bbd47fc00a2c39e90264f33305004495a9","hash":"71de2a53652d8ba2252efb4e643f1f07884f591b"}
,"C:\\Users\\User\\.claude\\agents\\config\\database.js": {"path":"C:\\Users\\User\\.claude\\agents\\config\\database.js","statementMap":{"0":{"start":{"line":1,"column":22},"end":{"line":1,"column":42}},"1":{"start":{"line":2,"column":0},"end":{"line":2,"column":27}},"2":{"start":{"line":5,"column":22},"end":{"line":5,"column":59}},"3":{"start":{"line":6,"column":20},"end":{"line":6,"column":95}},"4":{"start":{"line":10,"column":0},"end":{"line":46,"column":1}},"5":{"start":{"line":12,"column":4},"end":{"line":32,"column":7}},"6":{"start":{"line":35,"column":4},"end":{"line":45,"column":7}},"7":{"start":{"line":49,"column":0},"end":{"line":55,"column":7}},"8":{"start":{"line":51,"column":8},"end":{"line":51,"column":100}},"9":{"start":{"line":54,"column":8},"end":{"line":54,"column":63}},"10":{"start":{"line":57,"column":0},"end":{"line":57,"column":27}}},"fnMap":{"0":{"name":"(anonymous_0)","decl":{"start":{"line":50,"column":10},"end":{"line":50,"column":11}},"loc":{"start":{"line":50,"column":16},"end":{"line":52,"column":5}},"line":50},"1":{"name":"(anonymous_1)","decl":{"start":{"line":53,"column":11},"end":{"line":53,"column":12}},"loc":{"start":{"line":53,"column":18},"end":{"line":55,"column":5}},"line":53}},"branchMap":{"0":{"loc":{"start":{"line":6,"column":20},"end":{"line":6,"column":95}},"type":"binary-expr","locations":[{"start":{"line":6,"column":20},"end":{"line":6,"column":54}},{"start":{"line":6,"column":58},"end":{"line":6,"column":95}}],"line":6},"1":{"loc":{"start":{"line":10,"column":0},"end":{"line":46,"column":1}},"type":"if","locations":[{"start":{"line":10,"column":0},"end":{"line":46,"column":1}},{"start":{"line":33,"column":7},"end":{"line":46,"column":1}}],"line":10},"2":{"loc":{"start":{"line":14,"column":14},"end":{"line":14,"column":48}},"type":"binary-expr","locations":[{"start":{"line":14,"column":14},"end":{"line":14,"column":33}},{"start":{"line":14,"column":37},"end":{"line":14,"column":48}}],"line":14},"3":{"loc":{"start":{"line":15,"column":14},"end":{"line":15,"column":41}},"type":"binary-expr","locations":[{"start":{"line":15,"column":14},"end":{"line":15,"column":33}},{"start":{"line":15,"column":37},"end":{"line":15,"column":41}}],"line":15},"4":{"loc":{"start":{"line":16,"column":18},"end":{"line":16,"column":50}},"type":"binary-expr","locations":[{"start":{"line":16,"column":18},"end":{"line":16,"column":37}},{"start":{"line":16,"column":41},"end":{"line":16,"column":50}}],"line":16},"5":{"loc":{"start":{"line":17,"column":18},"end":{"line":17,"column":51}},"type":"binary-expr","locations":[{"start":{"line":17,"column":18},"end":{"line":17,"column":37}},{"start":{"line":17,"column":41},"end":{"line":17,"column":51}}],"line":17},"6":{"loc":{"start":{"line":18,"column":18},"end":{"line":18,"column":55}},"type":"binary-expr","locations":[{"start":{"line":18,"column":18},"end":{"line":18,"column":41}},{"start":{"line":18,"column":45},"end":{"line":18,"column":55}}],"line":18},"7":{"loc":{"start":{"line":19,"column":17},"end":{"line":19,"column":52}},"type":"cond-expr","locations":[{"start":{"line":19,"column":33},"end":{"line":19,"column":44}},{"start":{"line":19,"column":47},"end":{"line":19,"column":52}}],"line":19},"8":{"loc":{"start":{"line":27,"column":17},"end":{"line":30,"column":21}},"type":"cond-expr","locations":[{"start":{"line":27,"column":49},"end":{"line":30,"column":13}},{"start":{"line":30,"column":16},"end":{"line":30,"column":21}}],"line":27},"9":{"loc":{"start":{"line":37,"column":17},"end":{"line":37,"column":62}},"type":"binary-expr","locations":[{"start":{"line":37,"column":17},"end":{"line":37,"column":39}},{"start":{"line":37,"column":43},"end":{"line":37,"column":62}}],"line":37},"10":{"loc":{"start":{"line":38,"column":17},"end":{"line":38,"column":52}},"type":"cond-expr","locations":[{"start":{"line":38,"column":33},"end":{"line":38,"column":44}},{"start":{"line":38,"column":47},"end":{"line":38,"column":52}}],"line":38},"11":{"loc":{"start":{"line":51,"column":58},"end":{"line":51,"column":95}},"type":"cond-expr","locations":[{"start":{"line":51,"column":72},"end":{"line":51,"column":84}},{"start":{"line":51,"column":87},"end":{"line":51,"column":95}}],"line":51}},"s":{"0":9,"1":9,"2":9,"3":9,"4":9,"5":0,"6":9,"7":9,"8":8,"9":0,"10":9},"f":{"0":8,"1":0},"b":{"0":[9,9],"1":[0,9],"2":[0,0],"3":[0,0],"4":[0,0],"5":[0,0],"6":[0,0],"7":[0,0],"8":[0,0],"9":[9,0],"10":[9,0],"11":[0,8]},"_coverageSchema":"1a1c01bbd47fc00a2c39e90264f33305004495a9","hash":"4424e9a89fd181429cd41d778d63472c3c5cf00c"}
,"C:\\Users\\User\\.claude\\agents\\config\\env-validator.js": {"path":"C:\\Users\\User\\.claude\\agents\\config\\env-validator.js","statementMap":{"0":{"start":{"line":6,"column":12},"end":{"line":6,"column":26}},"1":{"start":{"line":9,"column":18},"end":{"line":150,"column":12}},"2":{"start":{"line":154,"column":8},"end":{"line":154,"column":25}},"3":{"start":{"line":155,"column":8},"end":{"line":155,"column":27}},"4":{"start":{"line":156,"column":8},"end":{"line":156,"column":25}},"5":{"start":{"line":160,"column":8},"end":{"line":160,"column":66}},"6":{"start":{"line":163,"column":33},"end":{"line":166,"column":10}},"7":{"start":{"line":168,"column":8},"end":{"line":176,"column":9}},"8":{"start":{"line":169,"column":12},"end":{"line":172,"column":16}},"9":{"start":{"line":169,"column":55},"end":{"line":172,"column":13}},"10":{"start":{"line":174,"column":12},"end":{"line":174,"column":29}},"11":{"start":{"line":175,"column":12},"end":{"line":175,"column":25}},"12":{"start":{"line":178,"column":8},"end":{"line":178,"column":28}},"13":{"start":{"line":181,"column":8},"end":{"line":181,"column":39}},"14":{"start":{"line":184,"column":8},"end":{"line":187,"column":9}},"15":{"start":{"line":185,"column":12},"end":{"line":185,"column":29}},"16":{"start":{"line":186,"column":12},"end":{"line":186,"column":25}},"17":{"start":{"line":189,"column":8},"end":{"line":191,"column":9}},"18":{"start":{"line":190,"column":12},"end":{"line":190,"column":31}},"19":{"start":{"line":193,"column":8},"end":{"line":193,"column":74}},"20":{"start":{"line":194,"column":8},"end":{"line":194,"column":20}},"21":{"start":{"line":199,"column":8},"end":{"line":225,"column":9}},"22":{"start":{"line":201,"column":12},"end":{"line":203,"column":13}},"23":{"start":{"line":202,"column":16},"end":{"line":202,"column":96}},"24":{"start":{"line":206,"column":12},"end":{"line":211,"column":13}},"25":{"start":{"line":207,"column":16},"end":{"line":210,"column":19}},"26":{"start":{"line":214,"column":12},"end":{"line":216,"column":13}},"27":{"start":{"line":215,"column":16},"end":{"line":215,"column":77}},"28":{"start":{"line":219,"column":12},"end":{"line":224,"column":13}},"29":{"start":{"line":220,"column":16},"end":{"line":223,"column":19}},"30":{"start":{"line":228,"column":8},"end":{"line":230,"column":9}},"31":{"start":{"line":229,"column":12},"end":{"line":229,"column":81}},"32":{"start":{"line":232,"column":8},"end":{"line":234,"column":9}},"33":{"start":{"line":233,"column":12},"end":{"line":233,"column":74}},"34":{"start":{"line":238,"column":8},"end":{"line":238,"column":58}},"35":{"start":{"line":239,"column":8},"end":{"line":241,"column":11}},"36":{"start":{"line":240,"column":12},"end":{"line":240,"column":65}},"37":{"start":{"line":245,"column":8},"end":{"line":245,"column":50}},"38":{"start":{"line":246,"column":8},"end":{"line":248,"column":11}},"39":{"start":{"line":247,"column":12},"end":{"line":247,"column":44}},"40":{"start":{"line":252,"column":8},"end":{"line":252,"column":27}},"41":{"start":{"line":256,"column":26},"end":{"line":256,"column":52}},"42":{"start":{"line":258,"column":8},"end":{"line":261,"column":9}},"43":{"start":{"line":259,"column":12},"end":{"line":259,"column":96}},"44":{"start":{"line":260,"column":12},"end":{"line":260,"column":28}},"45":{"start":{"line":263,"column":8},"end":{"line":263,"column":37}},"46":{"start":{"line":267,"column":0},"end":{"line":267,"column":38}}},"fnMap":{"0":{"name":"(anonymous_0)","decl":{"start":{"line":153,"column":4},"end":{"line":153,"column":5}},"loc":{"start":{"line":153,"column":18},"end":{"line":157,"column":5}},"line":153},"1":{"name":"(anonymous_1)","decl":{"start":{"line":159,"column":4},"end":{"line":159,"column":5}},"loc":{"start":{"line":159,"column":15},"end":{"line":195,"column":5}},"line":159},"2":{"name":"(anonymous_2)","decl":{"start":{"line":169,"column":44},"end":{"line":169,"column":45}},"loc":{"start":{"line":169,"column":55},"end":{"line":172,"column":13}},"line":169},"3":{"name":"(anonymous_3)","decl":{"start":{"line":197,"column":4},"end":{"line":197,"column":5}},"loc":{"start":{"line":197,"column":30},"end":{"line":235,"column":5}},"line":197},"4":{"name":"(anonymous_4)","decl":{"start":{"line":237,"column":4},"end":{"line":237,"column":5}},"loc":{"start":{"line":237,"column":16},"end":{"line":242,"column":5}},"line":237},"5":{"name":"(anonymous_5)","decl":{"start":{"line":239,"column":28},"end":{"line":239,"column":29}},"loc":{"start":{"line":239,"column":37},"end":{"line":241,"column":9}},"line":239},"6":{"name":"(anonymous_6)","decl":{"start":{"line":244,"column":4},"end":{"line":244,"column":5}},"loc":{"start":{"line":244,"column":18},"end":{"line":249,"column":5}},"line":244},"7":{"name":"(anonymous_7)","decl":{"start":{"line":246,"column":30},"end":{"line":246,"column":31}},"loc":{"start":{"line":246,"column":41},"end":{"line":248,"column":9}},"line":246},"8":{"name":"(anonymous_8)","decl":{"start":{"line":251,"column":4},"end":{"line":251,"column":5}},"loc":{"start":{"line":251,"column":16},"end":{"line":253,"column":5}},"line":251},"9":{"name":"(anonymous_9)","decl":{"start":{"line":255,"column":4},"end":{"line":255,"column":5}},"loc":{"start":{"line":255,"column":28},"end":{"line":264,"column":5}},"line":255}},"branchMap":{"0":{"loc":{"start":{"line":168,"column":8},"end":{"line":176,"column":9}},"type":"if","locations":[{"start":{"line":168,"column":8},"end":{"line":176,"column":9}},{"start":{},"end":{}}],"line":168},"1":{"loc":{"start":{"line":184,"column":8},"end":{"line":187,"column":9}},"type":"if","locations":[{"start":{"line":184,"column":8},"end":{"line":187,"column":9}},{"start":{},"end":{}}],"line":184},"2":{"loc":{"start":{"line":189,"column":8},"end":{"line":191,"column":9}},"type":"if","locations":[{"start":{"line":189,"column":8},"end":{"line":191,"column":9}},{"start":{},"end":{}}],"line":189},"3":{"loc":{"start":{"line":199,"column":8},"end":{"line":225,"column":9}},"type":"if","locations":[{"start":{"line":199,"column":8},"end":{"line":225,"column":9}},{"start":{},"end":{}}],"line":199},"4":{"loc":{"start":{"line":201,"column":12},"end":{"line":203,"column":13}},"type":"if","locations":[{"start":{"line":201,"column":12},"end":{"line":203,"column":13}},{"start":{},"end":{}}],"line":201},"5":{"loc":{"start":{"line":201,"column":16},"end":{"line":201,"column":77}},"type":"binary-expr","locations":[{"start":{"line":201,"column":16},"end":{"line":201,"column":39}},{"start":{"line":201,"column":43},"end":{"line":201,"column":77}}],"line":201},"6":{"loc":{"start":{"line":206,"column":12},"end":{"line":211,"column":13}},"type":"if","locations":[{"start":{"line":206,"column":12},"end":{"line":211,"column":13}},{"start":{},"end":{}}],"line":206},"7":{"loc":{"start":{"line":206,"column":16},"end":{"line":206,"column":78}},"type":"binary-expr","locations":[{"start":{"line":206,"column":16},"end":{"line":206,"column":50}},{"start":{"line":206,"column":54},"end":{"line":206,"column":78}}],"line":206},"8":{"loc":{"start":{"line":214,"column":12},"end":{"line":216,"column":13}},"type":"if","locations":[{"start":{"line":214,"column":12},"end":{"line":216,"column":13}},{"start":{},"end":{}}],"line":214},"9":{"loc":{"start":{"line":219,"column":12},"end":{"line":224,"column":13}},"type":"if","locations":[{"start":{"line":219,"column":12},"end":{"line":224,"column":13}},{"start":{},"end":{}}],"line":219},"10":{"loc":{"start":{"line":228,"column":8},"end":{"line":230,"column":9}},"type":"if","locations":[{"start":{"line":228,"column":8},"end":{"line":230,"column":9}},{"start":{},"end":{}}],"line":228},"11":{"loc":{"start":{"line":228,"column":12},"end":{"line":228,"column":91}},"type":"binary-expr","locations":[{"start":{"line":228,"column":12},"end":{"line":228,"column":33}},{"start":{"line":228,"column":38},"end":{"line":228,"column":60}},{"start":{"line":228,"column":64},"end":{"line":228,"column":90}}],"line":228},"12":{"loc":{"start":{"line":232,"column":8},"end":{"line":234,"column":9}},"type":"if","locations":[{"start":{"line":232,"column":8},"end":{"line":234,"column":9}},{"start":{},"end":{}}],"line":232},"13":{"loc":{"start":{"line":232,"column":12},"end":{"line":232,"column":93}},"type":"binary-expr","locations":[{"start":{"line":232,"column":12},"end":{"line":232,"column":41}},{"start":{"line":232,"column":45},"end":{"line":232,"column":93}}],"line":232},"14":{"loc":{"start":{"line":258,"column":8},"end":{"line":261,"column":9}},"type":"if","locations":[{"start":{"line":258,"column":8},"end":{"line":261,"column":9}},{"start":{},"end":{}}],"line":258}},"s":{"0":0,"1":0,"2":0,"3":0,"4":0,"5":0,"6":0,"7":0,"8":0,"9":0,"10":0,"11":0,"12":0,"13":0,"14":0,"15":0,"16":0,"17":0,"18":0,"19":0,"20":0,"21":0,"22":0,"23":0,"24":0,"25":0,"26":0,"27":0,"28":0,"29":0,"30":0,"31":0,"32":0,"33":0,"34":0,"35":0,"36":0,"37":0,"38":0,"39":0,"40":0,"41":0,"42":0,"43":0,"44":0,"45":0,"46":0},"f":{"0":0,"1":0,"2":0,"3":0,"4":0,"5":0,"6":0,"7":0,"8":0,"9":0},"b":{"0":[0,0],"1":[0,0],"2":[0,0],"3":[0,0],"4":[0,0],"5":[0,0],"6":[0,0],"7":[0,0],"8":[0,0],"9":[0,0],"10":[0,0],"11":[0,0,0],"12":[0,0],"13":[0,0],"14":[0,0]}}
,"C:\\Users\\User\\.claude\\agents\\config\\swagger.js": {"path":"C:\\Users\\User\\.claude\\agents\\config\\swagger.js","statementMap":{"0":{"start":{"line":6,"column":21},"end":{"line":6,"column":45}},"1":{"start":{"line":8,"column":26},"end":{"line":260,"column":1}},"2":{"start":{"line":262,"column":16},"end":{"line":268,"column":1}},"3":{"start":{"line":270,"column":20},"end":{"line":270,"column":41}},"4":{"start":{"line":272,"column":0},"end":{"line":272,"column":29}}},"fnMap":{},"branchMap":{},"s":{"0":0,"1":0,"2":0,"3":0,"4":0},"f":{},"b":{}}
,"C:\\Users\\User\\.claude\\agents\\config\\winston.js": {"path":"C:\\Users\\User\\.claude\\agents\\config\\winston.js","statementMap":{"0":{"start":{"line":6,"column":16},"end":{"line":6,"column":34}},"1":{"start":{"line":7,"column":24},"end":{"line":7,"column":60}},"2":{"start":{"line":8,"column":13},"end":{"line":8,"column":28}},"3":{"start":{"line":11,"column":21},"end":{"line":30,"column":1}},"4":{"start":{"line":33,"column":18},"end":{"line":42,"column":1}},"5":{"start":{"line":39,"column":27},"end":{"line":39,"column":79}},"6":{"start":{"line":40,"column":8},"end":{"line":40,"column":81}},"7":{"start":{"line":45,"column":22},"end":{"line":52,"column":1}},"8":{"start":{"line":49,"column":27},"end":{"line":49,"column":88}},"9":{"start":{"line":50,"column":8},"end":{"line":50,"column":65}},"10":{"start":{"line":55,"column":19},"end":{"line":55,"column":21}},"11":{"start":{"line":58,"column":0},"end":{"line":65,"column":1}},"12":{"start":{"line":59,"column":4},"end":{"line":64,"column":6}},"13":{"start":{"line":68,"column":0},"end":{"line":78,"column":2}},"14":{"start":{"line":81,"column":0},"end":{"line":91,"column":2}},"15":{"start":{"line":94,"column":0},"end":{"line":104,"column":2}},"16":{"start":{"line":107,"column":15},"end":{"line":114,"column":2}},"17":{"start":{"line":117,"column":0},"end":{"line":117,"column":39}},"18":{"start":{"line":120,"column":0},"end":{"line":124,"column":2}},"19":{"start":{"line":122,"column":8},"end":{"line":122,"column":36}},"20":{"start":{"line":127,"column":0},"end":{"line":144,"column":2}},"21":{"start":{"line":128,"column":20},"end":{"line":135,"column":5}},"22":{"start":{"line":137,"column":4},"end":{"line":143,"column":5}},"23":{"start":{"line":138,"column":8},"end":{"line":138,"column":46}},"24":{"start":{"line":139,"column":11},"end":{"line":143,"column":5}},"25":{"start":{"line":140,"column":8},"end":{"line":140,"column":45}},"26":{"start":{"line":142,"column":8},"end":{"line":142,"column":40}},"27":{"start":{"line":146,"column":0},"end":{"line":164,"column":2}},"28":{"start":{"line":147,"column":22},"end":{"line":152,"column":5}},"29":{"start":{"line":154,"column":4},"end":{"line":161,"column":5}},"30":{"start":{"line":155,"column":8},"end":{"line":160,"column":10}},"31":{"start":{"line":163,"column":4},"end":{"line":163,"column":49}},"32":{"start":{"line":166,"column":0},"end":{"line":172,"column":2}},"33":{"start":{"line":167,"column":4},"end":{"line":171,"column":7}},"34":{"start":{"line":174,"column":0},"end":{"line":181,"column":2}},"35":{"start":{"line":175,"column":4},"end":{"line":180,"column":7}},"36":{"start":{"line":183,"column":0},"end":{"line":189,"column":2}},"37":{"start":{"line":184,"column":4},"end":{"line":188,"column":7}},"38":{"start":{"line":191,"column":0},"end":{"line":198,"column":2}},"39":{"start":{"line":192,"column":4},"end":{"line":197,"column":7}},"40":{"start":{"line":201,"column":0},"end":{"line":221,"column":1}},"41":{"start":{"line":202,"column":4},"end":{"line":210,"column":6}},"42":{"start":{"line":212,"column":4},"end":{"line":220,"column":6}},"43":{"start":{"line":224,"column":0},"end":{"line":228,"column":3}},"44":{"start":{"line":230,"column":0},"end":{"line":230,"column":24}}},"fnMap":{"0":{"name":"(anonymous_0)","decl":{"start":{"line":38,"column":26},"end":{"line":38,"column":27}},"loc":{"start":{"line":38,"column":70},"end":{"line":41,"column":5}},"line":38},"1":{"name":"(anonymous_1)","decl":{"start":{"line":48,"column":26},"end":{"line":48,"column":27}},"loc":{"start":{"line":48,"column":70},"end":{"line":51,"column":5}},"line":48},"2":{"name":"(anonymous_2)","decl":{"start":{"line":121,"column":11},"end":{"line":121,"column":12}},"loc":{"start":{"line":121,"column":39},"end":{"line":123,"column":5}},"line":121},"3":{"name":"(anonymous_3)","decl":{"start":{"line":127,"column":20},"end":{"line":127,"column":21}},"loc":{"start":{"line":127,"column":48},"end":{"line":144,"column":1}},"line":127},"4":{"name":"(anonymous_4)","decl":{"start":{"line":146,"column":18},"end":{"line":146,"column":19}},"loc":{"start":{"line":146,"column":41},"end":{"line":164,"column":1}},"line":146},"5":{"name":"(anonymous_5)","decl":{"start":{"line":166,"column":21},"end":{"line":166,"column":22}},"loc":{"start":{"line":166,"column":42},"end":{"line":172,"column":1}},"line":166},"6":{"name":"(anonymous_6)","decl":{"start":{"line":174,"column":18},"end":{"line":174,"column":19}},"loc":{"start":{"line":174,"column":51},"end":{"line":181,"column":1}},"line":174},"7":{"name":"(anonymous_7)","decl":{"start":{"line":183,"column":21},"end":{"line":183,"column":22}},"loc":{"start":{"line":183,"column":41},"end":{"line":189,"column":1}},"line":183},"8":{"name":"(anonymous_8)","decl":{"start":{"line":191,"column":24},"end":{"line":191,"column":25}},"loc":{"start":{"line":191,"column":56},"end":{"line":198,"column":1}},"line":191}},"branchMap":{"0":{"loc":{"start":{"line":39,"column":27},"end":{"line":39,"column":79}},"type":"cond-expr","locations":[{"start":{"line":39,"column":54},"end":{"line":39,"column":74}},{"start":{"line":39,"column":77},"end":{"line":39,"column":79}}],"line":39},"1":{"loc":{"start":{"line":49,"column":27},"end":{"line":49,"column":88}},"type":"cond-expr","locations":[{"start":{"line":49,"column":54},"end":{"line":49,"column":83}},{"start":{"line":49,"column":86},"end":{"line":49,"column":88}}],"line":49},"2":{"loc":{"start":{"line":58,"column":0},"end":{"line":65,"column":1}},"type":"if","locations":[{"start":{"line":58,"column":0},"end":{"line":65,"column":1}},{"start":{},"end":{}}],"line":58},"3":{"loc":{"start":{"line":61,"column":20},"end":{"line":61,"column":85}},"type":"cond-expr","locations":[{"start":{"line":61,"column":60},"end":{"line":61,"column":69}},{"start":{"line":61,"column":72},"end":{"line":61,"column":85}}],"line":61},"4":{"loc":{"start":{"line":62,"column":19},"end":{"line":62,"column":51}},"type":"binary-expr","locations":[{"start":{"line":62,"column":19},"end":{"line":62,"column":40}},{"start":{"line":62,"column":44},"end":{"line":62,"column":51}}],"line":62},"5":{"loc":{"start":{"line":89,"column":15},"end":{"line":89,"column":46}},"type":"binary-expr","locations":[{"start":{"line":89,"column":15},"end":{"line":89,"column":36}},{"start":{"line":89,"column":40},"end":{"line":89,"column":46}}],"line":89},"6":{"loc":{"start":{"line":109,"column":11},"end":{"line":109,"column":42}},"type":"binary-expr","locations":[{"start":{"line":109,"column":11},"end":{"line":109,"column":32}},{"start":{"line":109,"column":36},"end":{"line":109,"column":42}}],"line":109},"7":{"loc":{"start":{"line":137,"column":4},"end":{"line":143,"column":5}},"type":"if","locations":[{"start":{"line":137,"column":4},"end":{"line":143,"column":5}},{"start":{"line":139,"column":11},"end":{"line":143,"column":5}}],"line":137},"8":{"loc":{"start":{"line":139,"column":11},"end":{"line":143,"column":5}},"type":"if","locations":[{"start":{"line":139,"column":11},"end":{"line":143,"column":5}},{"start":{"line":141,"column":11},"end":{"line":143,"column":5}}],"line":139},"9":{"loc":{"start":{"line":146,"column":26},"end":{"line":146,"column":36}},"type":"default-arg","locations":[{"start":{"line":146,"column":32},"end":{"line":146,"column":36}}],"line":146},"10":{"loc":{"start":{"line":154,"column":4},"end":{"line":161,"column":5}},"type":"if","locations":[{"start":{"line":154,"column":4},"end":{"line":161,"column":5}},{"start":{},"end":{}}],"line":154},"11":{"loc":{"start":{"line":174,"column":35},"end":{"line":174,"column":46}},"type":"default-arg","locations":[{"start":{"line":174,"column":41},"end":{"line":174,"column":46}}],"line":174},"12":{"loc":{"start":{"line":191,"column":40},"end":{"line":191,"column":51}},"type":"default-arg","locations":[{"start":{"line":191,"column":47},"end":{"line":191,"column":51}}],"line":191},"13":{"loc":{"start":{"line":201,"column":0},"end":{"line":221,"column":1}},"type":"if","locations":[{"start":{"line":201,"column":0},"end":{"line":221,"column":1}},{"start":{},"end":{}}],"line":201}},"s":{"0":0,"1":0,"2":0,"3":0,"4":0,"5":0,"6":0,"7":0,"8":0,"9":0,"10":0,"11":0,"12":0,"13":0,"14":0,"15":0,"16":0,"17":0,"18":0,"19":0,"20":0,"21":0,"22":0,"23":0,"24":0,"25":0,"26":0,"27":0,"28":0,"29":0,"30":0,"31":0,"32":0,"33":0,"34":0,"35":0,"36":0,"37":0,"38":0,"39":0,"40":0,"41":0,"42":0,"43":0,"44":0},"f":{"0":0,"1":0,"2":0,"3":0,"4":0,"5":0,"6":0,"7":0,"8":0},"b":{"0":[0,0],"1":[0,0],"2":[0,0],"3":[0,0],"4":[0,0],"5":[0,0],"6":[0,0],"7":[0,0],"8":[0,0],"9":[0],"10":[0,0],"11":[0],"12":[0],"13":[0,0]}}
,"C:\\Users\\User\\.claude\\agents\\middleware\\auth.js": {"path":"C:\\Users\\User\\.claude\\agents\\middleware\\auth.js","statementMap":{"0":{"start":{"line":1,"column":12},"end":{"line":1,"column":35}},"1":{"start":{"line":2,"column":15},"end":{"line":2,"column":34}},"2":{"start":{"line":3,"column":0},"end":{"line":3,"column":27}},"3":{"start":{"line":5,"column":19},"end":{"line":5,"column":78}},"4":{"start":{"line":6,"column":23},"end":{"line":6,"column":58}},"5":{"start":{"line":9,"column":4},"end":{"line":17,"column":6}},"6":{"start":{"line":21,"column":23},"end":{"line":21,"column":51}},"7":{"start":{"line":22,"column":18},"end":{"line":22,"column":56}},"8":{"start":{"line":24,"column":4},"end":{"line":26,"column":5}},"9":{"start":{"line":25,"column":8},"end":{"line":25,"column":72}},"10":{"start":{"line":28,"column":4},"end":{"line":34,"column":7}},"11":{"start":{"line":29,"column":8},"end":{"line":31,"column":9}},"12":{"start":{"line":30,"column":12},"end":{"line":30,"column":79}},"13":{"start":{"line":32,"column":8},"end":{"line":32,"column":24}},"14":{"start":{"line":33,"column":8},"end":{"line":33,"column":15}},"15":{"start":{"line":38,"column":4},"end":{"line":48,"column":6}},"16":{"start":{"line":39,"column":8},"end":{"line":41,"column":9}},"17":{"start":{"line":40,"column":12},"end":{"line":40,"column":78}},"18":{"start":{"line":43,"column":8},"end":{"line":45,"column":9}},"19":{"start":{"line":44,"column":12},"end":{"line":44,"column":79}},"20":{"start":{"line":47,"column":8},"end":{"line":47,"column":15}},"21":{"start":{"line":52,"column":17},"end":{"line":52,"column":41}},"22":{"start":{"line":53,"column":4},"end":{"line":53,"column":39}},"23":{"start":{"line":57,"column":4},"end":{"line":57,"column":52}},"24":{"start":{"line":60,"column":0},"end":{"line":66,"column":2}}},"fnMap":{"0":{"name":"generateToken","decl":{"start":{"line":8,"column":9},"end":{"line":8,"column":22}},"loc":{"start":{"line":8,"column":29},"end":{"line":18,"column":1}},"line":8},"1":{"name":"authenticateToken","decl":{"start":{"line":20,"column":9},"end":{"line":20,"column":26}},"loc":{"start":{"line":20,"column":43},"end":{"line":35,"column":1}},"line":20},"2":{"name":"(anonymous_2)","decl":{"start":{"line":28,"column":34},"end":{"line":28,"column":35}},"loc":{"start":{"line":28,"column":49},"end":{"line":34,"column":5}},"line":28},"3":{"name":"authorizeRole","decl":{"start":{"line":37,"column":9},"end":{"line":37,"column":22}},"loc":{"start":{"line":37,"column":30},"end":{"line":49,"column":1}},"line":37},"4":{"name":"(anonymous_4)","decl":{"start":{"line":38,"column":11},"end":{"line":38,"column":12}},"loc":{"start":{"line":38,"column":31},"end":{"line":48,"column":5}},"line":38},"5":{"name":"hashPassword","decl":{"start":{"line":51,"column":15},"end":{"line":51,"column":27}},"loc":{"start":{"line":51,"column":38},"end":{"line":54,"column":1}},"line":51},"6":{"name":"comparePassword","decl":{"start":{"line":56,"column":15},"end":{"line":56,"column":30}},"loc":{"start":{"line":56,"column":57},"end":{"line":58,"column":1}},"line":56}},"branchMap":{"0":{"loc":{"start":{"line":5,"column":19},"end":{"line":5,"column":78}},"type":"binary-expr","locations":[{"start":{"line":5,"column":19},"end":{"line":5,"column":41}},{"start":{"line":5,"column":45},"end":{"line":5,"column":78}}],"line":5},"1":{"loc":{"start":{"line":6,"column":23},"end":{"line":6,"column":58}},"type":"binary-expr","locations":[{"start":{"line":6,"column":23},"end":{"line":6,"column":49}},{"start":{"line":6,"column":53},"end":{"line":6,"column":58}}],"line":6},"2":{"loc":{"start":{"line":22,"column":18},"end":{"line":22,"column":56}},"type":"binary-expr","locations":[{"start":{"line":22,"column":18},"end":{"line":22,"column":28}},{"start":{"line":22,"column":32},"end":{"line":22,"column":56}}],"line":22},"3":{"loc":{"start":{"line":24,"column":4},"end":{"line":26,"column":5}},"type":"if","locations":[{"start":{"line":24,"column":4},"end":{"line":26,"column":5}},{"start":{},"end":{}}],"line":24},"4":{"loc":{"start":{"line":29,"column":8},"end":{"line":31,"column":9}},"type":"if","locations":[{"start":{"line":29,"column":8},"end":{"line":31,"column":9}},{"start":{},"end":{}}],"line":29},"5":{"loc":{"start":{"line":39,"column":8},"end":{"line":41,"column":9}},"type":"if","locations":[{"start":{"line":39,"column":8},"end":{"line":41,"column":9}},{"start":{},"end":{}}],"line":39},"6":{"loc":{"start":{"line":43,"column":8},"end":{"line":45,"column":9}},"type":"if","locations":[{"start":{"line":43,"column":8},"end":{"line":45,"column":9}},{"start":{},"end":{}}],"line":43}},"s":{"0":6,"1":6,"2":6,"3":6,"4":6,"5":2,"6":9,"7":9,"8":9,"9":1,"10":8,"11":8,"12":4,"13":4,"14":4,"15":156,"16":3,"17":0,"18":3,"19":1,"20":2,"21":13,"22":13,"23":2,"24":6},"f":{"0":2,"1":9,"2":8,"3":156,"4":3,"5":13,"6":2},"b":{"0":[6,0],"1":[6,0],"2":[9,8],"3":[1,8],"4":[4,4],"5":[0,3],"6":[1,2]},"_coverageSchema":"1a1c01bbd47fc00a2c39e90264f33305004495a9","hash":"8051bed67ba32f50a8877ecb6e673d8c25bf699d"}
,"C:\\Users\\User\\.claude\\agents\\middleware\\error-handler-production.js": {"path":"C:\\Users\\User\\.claude\\agents\\middleware\\error-handler-production.js","statementMap":{"0":{"start":{"line":6,"column":15},"end":{"line":6,"column":43}},"1":{"start":{"line":10,"column":8},"end":{"line":10,"column":23}},"2":{"start":{"line":11,"column":8},"end":{"line":11,"column":37}},"3":{"start":{"line":12,"column":8},"end":{"line":12,"column":43}},"4":{"start":{"line":13,"column":8},"end":{"line":13,"column":50}},"5":{"start":{"line":14,"column":8},"end":{"line":14,"column":56}},"6":{"start":{"line":20,"column":8},"end":{"line":20,"column":28}},"7":{"start":{"line":21,"column":8},"end":{"line":21,"column":29}},"8":{"start":{"line":27,"column":8},"end":{"line":27,"column":28}},"9":{"start":{"line":33,"column":8},"end":{"line":33,"column":28}},"10":{"start":{"line":39,"column":8},"end":{"line":39,"column":44}},"11":{"start":{"line":45,"column":8},"end":{"line":45,"column":28}},"12":{"start":{"line":51,"column":8},"end":{"line":51,"column":28}},"13":{"start":{"line":57,"column":8},"end":{"line":57,"column":28}},"14":{"start":{"line":58,"column":8},"end":{"line":58,"column":43}},"15":{"start":{"line":59,"column":8},"end":{"line":59,"column":35}},"16":{"start":{"line":65,"column":8},"end":{"line":65,"column":57}},"17":{"start":{"line":66,"column":8},"end":{"line":66,"column":31}},"18":{"start":{"line":67,"column":8},"end":{"line":67,"column":43}},"19":{"start":{"line":72,"column":21},"end":{"line":177,"column":1}},"20":{"start":{"line":74,"column":21},"end":{"line":74,"column":42}},"21":{"start":{"line":75,"column":18},"end":{"line":75,"column":56}},"22":{"start":{"line":76,"column":24},"end":{"line":76,"column":82}},"23":{"start":{"line":79,"column":4},"end":{"line":107,"column":5}},"24":{"start":{"line":80,"column":8},"end":{"line":80,"column":25}},"25":{"start":{"line":81,"column":8},"end":{"line":81,"column":37}},"26":{"start":{"line":82,"column":8},"end":{"line":82,"column":29}},"27":{"start":{"line":83,"column":11},"end":{"line":107,"column":5}},"28":{"start":{"line":84,"column":8},"end":{"line":84,"column":25}},"29":{"start":{"line":85,"column":8},"end":{"line":85,"column":38}},"30":{"start":{"line":86,"column":8},"end":{"line":86,"column":29}},"31":{"start":{"line":87,"column":11},"end":{"line":107,"column":5}},"32":{"start":{"line":88,"column":8},"end":{"line":88,"column":25}},"33":{"start":{"line":89,"column":8},"end":{"line":89,"column":40}},"34":{"start":{"line":90,"column":8},"end":{"line":90,"column":29}},"35":{"start":{"line":91,"column":11},"end":{"line":107,"column":5}},"36":{"start":{"line":92,"column":8},"end":{"line":92,"column":25}},"37":{"start":{"line":93,"column":8},"end":{"line":93,"column":34}},"38":{"start":{"line":94,"column":8},"end":{"line":94,"column":29}},"39":{"start":{"line":95,"column":11},"end":{"line":107,"column":5}},"40":{"start":{"line":96,"column":8},"end":{"line":96,"column":25}},"41":{"start":{"line":97,"column":8},"end":{"line":97,"column":34}},"42":{"start":{"line":98,"column":8},"end":{"line":98,"column":29}},"43":{"start":{"line":99,"column":11},"end":{"line":107,"column":5}},"44":{"start":{"line":100,"column":8},"end":{"line":100,"column":25}},"45":{"start":{"line":101,"column":8},"end":{"line":101,"column":37}},"46":{"start":{"line":102,"column":8},"end":{"line":102,"column":29}},"47":{"start":{"line":103,"column":11},"end":{"line":107,"column":5}},"48":{"start":{"line":104,"column":8},"end":{"line":104,"column":25}},"49":{"start":{"line":105,"column":8},"end":{"line":105,"column":36}},"50":{"start":{"line":106,"column":8},"end":{"line":106,"column":29}},"51":{"start":{"line":110,"column":21},"end":{"line":131,"column":5}},"52":{"start":{"line":134,"column":4},"end":{"line":138,"column":5}},"53":{"start":{"line":135,"column":8},"end":{"line":135,"column":47}},"54":{"start":{"line":136,"column":11},"end":{"line":138,"column":5}},"55":{"start":{"line":137,"column":8},"end":{"line":137,"column":46}},"56":{"start":{"line":141,"column":21},"end":{"line":147,"column":5}},"57":{"start":{"line":150,"column":4},"end":{"line":153,"column":5}},"58":{"start":{"line":151,"column":8},"end":{"line":151,"column":41}},"59":{"start":{"line":152,"column":8},"end":{"line":152,"column":37}},"60":{"start":{"line":156,"column":4},"end":{"line":158,"column":5}},"61":{"start":{"line":157,"column":8},"end":{"line":157,"column":42}},"62":{"start":{"line":161,"column":4},"end":{"line":161,"column":42}},"63":{"start":{"line":164,"column":4},"end":{"line":176,"column":5}},"64":{"start":{"line":166,"column":8},"end":{"line":166,"column":88}},"65":{"start":{"line":169,"column":8},"end":{"line":175,"column":9}},"66":{"start":{"line":171,"column":12},"end":{"line":174,"column":15}},"67":{"start":{"line":172,"column":16},"end":{"line":172,"column":78}},"68":{"start":{"line":173,"column":16},"end":{"line":173,"column":32}},"69":{"start":{"line":180,"column":21},"end":{"line":182,"column":1}},"70":{"start":{"line":180,"column":29},"end":{"line":182,"column":1}},"71":{"start":{"line":181,"column":4},"end":{"line":181,"column":52}},"72":{"start":{"line":185,"column":24},"end":{"line":201,"column":1}},"73":{"start":{"line":186,"column":18},"end":{"line":186,"column":44}},"74":{"start":{"line":188,"column":4},"end":{"line":192,"column":7}},"75":{"start":{"line":194,"column":4},"end":{"line":200,"column":7}},"76":{"start":{"line":204,"column":17},"end":{"line":223,"column":1}},"77":{"start":{"line":205,"column":4},"end":{"line":222,"column":6}},"78":{"start":{"line":206,"column":33},"end":{"line":209,"column":10}},"79":{"start":{"line":211,"column":8},"end":{"line":218,"column":9}},"80":{"start":{"line":212,"column":27},"end":{"line":215,"column":15}},"81":{"start":{"line":212,"column":56},"end":{"line":215,"column":13}},"82":{"start":{"line":217,"column":12},"end":{"line":217,"column":74}},"83":{"start":{"line":220,"column":8},"end":{"line":220,"column":34}},"84":{"start":{"line":221,"column":8},"end":{"line":221,"column":15}},"85":{"start":{"line":225,"column":0},"end":{"line":239,"column":2}}},"fnMap":{"0":{"name":"(anonymous_0)","decl":{"start":{"line":9,"column":4},"end":{"line":9,"column":5}},"loc":{"start":{"line":9,"column":65},"end":{"line":15,"column":5}},"line":9},"1":{"name":"(anonymous_1)","decl":{"start":{"line":19,"column":4},"end":{"line":19,"column":5}},"loc":{"start":{"line":19,"column":38},"end":{"line":22,"column":5}},"line":19},"2":{"name":"(anonymous_2)","decl":{"start":{"line":26,"column":4},"end":{"line":26,"column":5}},"loc":{"start":{"line":26,"column":51},"end":{"line":28,"column":5}},"line":26},"3":{"name":"(anonymous_3)","decl":{"start":{"line":32,"column":4},"end":{"line":32,"column":5}},"loc":{"start":{"line":32,"column":43},"end":{"line":34,"column":5}},"line":32},"4":{"name":"(anonymous_4)","decl":{"start":{"line":38,"column":4},"end":{"line":38,"column":5}},"loc":{"start":{"line":38,"column":39},"end":{"line":40,"column":5}},"line":38},"5":{"name":"(anonymous_5)","decl":{"start":{"line":44,"column":4},"end":{"line":44,"column":5}},"loc":{"start":{"line":44,"column":47},"end":{"line":46,"column":5}},"line":44},"6":{"name":"(anonymous_6)","decl":{"start":{"line":50,"column":4},"end":{"line":50,"column":5}},"loc":{"start":{"line":50,"column":47},"end":{"line":52,"column":5}},"line":50},"7":{"name":"(anonymous_7)","decl":{"start":{"line":56,"column":4},"end":{"line":56,"column":5}},"loc":{"start":{"line":56,"column":66},"end":{"line":60,"column":5}},"line":56},"8":{"name":"(anonymous_8)","decl":{"start":{"line":64,"column":4},"end":{"line":64,"column":5}},"loc":{"start":{"line":64,"column":47},"end":{"line":68,"column":5}},"line":64},"9":{"name":"(anonymous_9)","decl":{"start":{"line":72,"column":21},"end":{"line":72,"column":22}},"loc":{"start":{"line":72,"column":46},"end":{"line":177,"column":1}},"line":72},"10":{"name":"(anonymous_10)","decl":{"start":{"line":171,"column":44},"end":{"line":171,"column":45}},"loc":{"start":{"line":171,"column":50},"end":{"line":174,"column":13}},"line":171},"11":{"name":"(anonymous_11)","decl":{"start":{"line":180,"column":21},"end":{"line":180,"column":22}},"loc":{"start":{"line":180,"column":29},"end":{"line":182,"column":1}},"line":180},"12":{"name":"(anonymous_12)","decl":{"start":{"line":180,"column":29},"end":{"line":180,"column":30}},"loc":{"start":{"line":180,"column":49},"end":{"line":182,"column":1}},"line":180},"13":{"name":"(anonymous_13)","decl":{"start":{"line":185,"column":24},"end":{"line":185,"column":25}},"loc":{"start":{"line":185,"column":38},"end":{"line":201,"column":1}},"line":185},"14":{"name":"(anonymous_14)","decl":{"start":{"line":204,"column":17},"end":{"line":204,"column":18}},"loc":{"start":{"line":204,"column":29},"end":{"line":223,"column":1}},"line":204},"15":{"name":"(anonymous_15)","decl":{"start":{"line":205,"column":11},"end":{"line":205,"column":12}},"loc":{"start":{"line":205,"column":31},"end":{"line":222,"column":5}},"line":205},"16":{"name":"(anonymous_16)","decl":{"start":{"line":212,"column":45},"end":{"line":212,"column":46}},"loc":{"start":{"line":212,"column":56},"end":{"line":215,"column":13}},"line":212}},"branchMap":{"0":{"loc":{"start":{"line":9,"column":25},"end":{"line":9,"column":41}},"type":"default-arg","locations":[{"start":{"line":9,"column":38},"end":{"line":9,"column":41}}],"line":9},"1":{"loc":{"start":{"line":9,"column":43},"end":{"line":9,"column":63}},"type":"default-arg","locations":[{"start":{"line":9,"column":59},"end":{"line":9,"column":63}}],"line":9},"2":{"loc":{"start":{"line":19,"column":25},"end":{"line":19,"column":36}},"type":"default-arg","locations":[{"start":{"line":19,"column":34},"end":{"line":19,"column":36}}],"line":19},"3":{"loc":{"start":{"line":26,"column":16},"end":{"line":26,"column":49}},"type":"default-arg","locations":[{"start":{"line":26,"column":26},"end":{"line":26,"column":49}}],"line":26},"4":{"loc":{"start":{"line":32,"column":16},"end":{"line":32,"column":41}},"type":"default-arg","locations":[{"start":{"line":32,"column":26},"end":{"line":32,"column":41}}],"line":32},"5":{"loc":{"start":{"line":38,"column":16},"end":{"line":38,"column":37}},"type":"default-arg","locations":[{"start":{"line":38,"column":27},"end":{"line":38,"column":37}}],"line":38},"6":{"loc":{"start":{"line":44,"column":16},"end":{"line":44,"column":45}},"type":"default-arg","locations":[{"start":{"line":44,"column":26},"end":{"line":44,"column":45}}],"line":44},"7":{"loc":{"start":{"line":50,"column":16},"end":{"line":50,"column":45}},"type":"default-arg","locations":[{"start":{"line":50,"column":26},"end":{"line":50,"column":45}}],"line":50},"8":{"loc":{"start":{"line":56,"column":16},"end":{"line":56,"column":42}},"type":"default-arg","locations":[{"start":{"line":56,"column":26},"end":{"line":56,"column":42}}],"line":56},"9":{"loc":{"start":{"line":56,"column":44},"end":{"line":56,"column":64}},"type":"default-arg","locations":[{"start":{"line":56,"column":60},"end":{"line":56,"column":64}}],"line":56},"10":{"loc":{"start":{"line":64,"column":25},"end":{"line":64,"column":45}},"type":"default-arg","locations":[{"start":{"line":64,"column":41},"end":{"line":64,"column":45}}],"line":64},"11":{"loc":{"start":{"line":74,"column":21},"end":{"line":74,"column":42}},"type":"binary-expr","locations":[{"start":{"line":74,"column":21},"end":{"line":74,"column":35}},{"start":{"line":74,"column":39},"end":{"line":74,"column":42}}],"line":74},"12":{"loc":{"start":{"line":75,"column":18},"end":{"line":75,"column":56}},"type":"binary-expr","locations":[{"start":{"line":75,"column":18},"end":{"line":75,"column":29}},{"start":{"line":75,"column":33},"end":{"line":75,"column":56}}],"line":75},"13":{"loc":{"start":{"line":76,"column":24},"end":{"line":76,"column":82}},"type":"cond-expr","locations":[{"start":{"line":76,"column":58},"end":{"line":76,"column":75}},{"start":{"line":76,"column":78},"end":{"line":76,"column":82}}],"line":76},"14":{"loc":{"start":{"line":79,"column":4},"end":{"line":107,"column":5}},"type":"if","locations":[{"start":{"line":79,"column":4},"end":{"line":107,"column":5}},{"start":{"line":83,"column":11},"end":{"line":107,"column":5}}],"line":79},"15":{"loc":{"start":{"line":83,"column":11},"end":{"line":107,"column":5}},"type":"if","locations":[{"start":{"line":83,"column":11},"end":{"line":107,"column":5}},{"start":{"line":87,"column":11},"end":{"line":107,"column":5}}],"line":83},"16":{"loc":{"start":{"line":87,"column":11},"end":{"line":107,"column":5}},"type":"if","locations":[{"start":{"line":87,"column":11},"end":{"line":107,"column":5}},{"start":{"line":91,"column":11},"end":{"line":107,"column":5}}],"line":87},"17":{"loc":{"start":{"line":87,"column":15},"end":{"line":87,"column":62}},"type":"binary-expr","locations":[{"start":{"line":87,"column":15},"end":{"line":87,"column":40}},{"start":{"line":87,"column":44},"end":{"line":87,"column":62}}],"line":87},"18":{"loc":{"start":{"line":91,"column":11},"end":{"line":107,"column":5}},"type":"if","locations":[{"start":{"line":91,"column":11},"end":{"line":107,"column":5}},{"start":{"line":95,"column":11},"end":{"line":107,"column":5}}],"line":91},"19":{"loc":{"start":{"line":95,"column":11},"end":{"line":107,"column":5}},"type":"if","locations":[{"start":{"line":95,"column":11},"end":{"line":107,"column":5}},{"start":{"line":99,"column":11},"end":{"line":107,"column":5}}],"line":95},"20":{"loc":{"start":{"line":99,"column":11},"end":{"line":107,"column":5}},"type":"if","locations":[{"start":{"line":99,"column":11},"end":{"line":107,"column":5}},{"start":{"line":103,"column":11},"end":{"line":107,"column":5}}],"line":99},"21":{"loc":{"start":{"line":103,"column":11},"end":{"line":107,"column":5}},"type":"if","locations":[{"start":{"line":103,"column":11},"end":{"line":107,"column":5}},{"start":{},"end":{}}],"line":103},"22":{"loc":{"start":{"line":126,"column":14},"end":{"line":129,"column":16}},"type":"cond-expr","locations":[{"start":{"line":126,"column":25},"end":{"line":129,"column":9}},{"start":{"line":129,"column":12},"end":{"line":129,"column":16}}],"line":126},"23":{"loc":{"start":{"line":134,"column":4},"end":{"line":138,"column":5}},"type":"if","locations":[{"start":{"line":134,"column":4},"end":{"line":138,"column":5}},{"start":{"line":136,"column":11},"end":{"line":138,"column":5}}],"line":134},"24":{"loc":{"start":{"line":136,"column":11},"end":{"line":138,"column":5}},"type":"if","locations":[{"start":{"line":136,"column":11},"end":{"line":138,"column":5}},{"start":{},"end":{}}],"line":136},"25":{"loc":{"start":{"line":150,"column":4},"end":{"line":153,"column":5}},"type":"if","locations":[{"start":{"line":150,"column":4},"end":{"line":153,"column":5}},{"start":{},"end":{}}],"line":150},"26":{"loc":{"start":{"line":156,"column":4},"end":{"line":158,"column":5}},"type":"if","locations":[{"start":{"line":156,"column":4},"end":{"line":158,"column":5}},{"start":{},"end":{}}],"line":156},"27":{"loc":{"start":{"line":164,"column":4},"end":{"line":176,"column":5}},"type":"if","locations":[{"start":{"line":164,"column":4},"end":{"line":176,"column":5}},{"start":{},"end":{}}],"line":164},"28":{"loc":{"start":{"line":169,"column":8},"end":{"line":175,"column":9}},"type":"if","locations":[{"start":{"line":169,"column":8},"end":{"line":175,"column":9}},{"start":{},"end":{}}],"line":169},"29":{"loc":{"start":{"line":211,"column":8},"end":{"line":218,"column":9}},"type":"if","locations":[{"start":{"line":211,"column":8},"end":{"line":218,"column":9}},{"start":{},"end":{}}],"line":211}},"s":{"0":0,"1":0,"2":0,"3":0,"4":0,"5":0,"6":0,"7":0,"8":0,"9":0,"10":0,"11":0,"12":0,"13":0,"14":0,"15":0,"16":0,"17":0,"18":0,"19":0,"20":0,"21":0,"22":0,"23":0,"24":0,"25":0,"26":0,"27":0,"28":0,"29":0,"30":0,"31":0,"32":0,"33":0,"34":0,"35":0,"36":0,"37":0,"38":0,"39":0,"40":0,"41":0,"42":0,"43":0,"44":0,"45":0,"46":0,"47":0,"48":0,"49":0,"50":0,"51":0,"52":0,"53":0,"54":0,"55":0,"56":0,"57":0,"58":0,"59":0,"60":0,"61":0,"62":0,"63":0,"64":0,"65":0,"66":0,"67":0,"68":0,"69":0,"70":0,"71":0,"72":0,"73":0,"74":0,"75":0,"76":0,"77":0,"78":0,"79":0,"80":0,"81":0,"82":0,"83":0,"84":0,"85":0},"f":{"0":0,"1":0,"2":0,"3":0,"4":0,"5":0,"6":0,"7":0,"8":0,"9":0,"10":0,"11":0,"12":0,"13":0,"14":0,"15":0,"16":0},"b":{"0":[0],"1":[0],"2":[0],"3":[0],"4":[0],"5":[0],"6":[0],"7":[0],"8":[0],"9":[0],"10":[0],"11":[0,0],"12":[0,0],"13":[0,0],"14":[0,0],"15":[0,0],"16":[0,0],"17":[0,0],"18":[0,0],"19":[0,0],"20":[0,0],"21":[0,0],"22":[0,0],"23":[0,0],"24":[0,0],"25":[0,0],"26":[0,0],"27":[0,0],"28":[0,0],"29":[0,0]}}
,"C:\\Users\\User\\.claude\\agents\\middleware\\errorHandler.js": {"path":"C:\\Users\\User\\.claude\\agents\\middleware\\errorHandler.js","statementMap":{"0":{"start":{"line":1,"column":16},"end":{"line":1,"column":34}},"1":{"start":{"line":3,"column":15},"end":{"line":10,"column":2}},"2":{"start":{"line":12,"column":0},"end":{"line":16,"column":1}},"3":{"start":{"line":13,"column":4},"end":{"line":15,"column":8}},"4":{"start":{"line":19,"column":4},"end":{"line":26,"column":7}},"5":{"start":{"line":28,"column":19},"end":{"line":28,"column":36}},"6":{"start":{"line":29,"column":20},"end":{"line":29,"column":58}},"7":{"start":{"line":31,"column":4},"end":{"line":37,"column":7}},"8":{"start":{"line":40,"column":0},"end":{"line":40,"column":42}}},"fnMap":{"0":{"name":"errorHandler","decl":{"start":{"line":18,"column":9},"end":{"line":18,"column":21}},"loc":{"start":{"line":18,"column":43},"end":{"line":38,"column":1}},"line":18}},"branchMap":{"0":{"loc":{"start":{"line":12,"column":0},"end":{"line":16,"column":1}},"type":"if","locations":[{"start":{"line":12,"column":0},"end":{"line":16,"column":1}},{"start":{},"end":{}}],"line":12},"1":{"loc":{"start":{"line":28,"column":19},"end":{"line":28,"column":36}},"type":"binary-expr","locations":[{"start":{"line":28,"column":19},"end":{"line":28,"column":29}},{"start":{"line":28,"column":33},"end":{"line":28,"column":36}}],"line":28},"2":{"loc":{"start":{"line":29,"column":20},"end":{"line":29,"column":58}},"type":"binary-expr","locations":[{"start":{"line":29,"column":20},"end":{"line":29,"column":31}},{"start":{"line":29,"column":35},"end":{"line":29,"column":58}}],"line":29},"3":{"loc":{"start":{"line":35,"column":16},"end":{"line":35,"column":78}},"type":"binary-expr","locations":[{"start":{"line":35,"column":16},"end":{"line":35,"column":54}},{"start":{"line":35,"column":58},"end":{"line":35,"column":78}}],"line":35}},"s":{"0":5,"1":5,"2":5,"3":5,"4":0,"5":0,"6":0,"7":0,"8":5},"f":{"0":0},"b":{"0":[5,0],"1":[0,0],"2":[0,0],"3":[0,0]},"_coverageSchema":"1a1c01bbd47fc00a2c39e90264f33305004495a9","hash":"7bbe6f4b8df0adadfbe3fd12dde3892137d724f1"}
,"C:\\Users\\User\\.claude\\agents\\middleware\\logger.js": {"path":"C:\\Users\\User\\.claude\\agents\\middleware\\logger.js","statementMap":{"0":{"start":{"line":1,"column":16},"end":{"line":1,"column":34}},"1":{"start":{"line":2,"column":13},"end":{"line":2,"column":28}},"2":{"start":{"line":4,"column":15},"end":{"line":22,"column":2}},"3":{"start":{"line":24,"column":0},"end":{"line":31,"column":1}},"4":{"start":{"line":25,"column":4},"end":{"line":30,"column":8}},"5":{"start":{"line":34,"column":22},"end":{"line":34,"column":32}},"6":{"start":{"line":36,"column":4},"end":{"line":47,"column":7}},"7":{"start":{"line":37,"column":25},"end":{"line":37,"column":47}},"8":{"start":{"line":39,"column":8},"end":{"line":46,"column":11}},"9":{"start":{"line":49,"column":4},"end":{"line":49,"column":11}},"10":{"start":{"line":52,"column":0},"end":{"line":52,"column":46}}},"fnMap":{"0":{"name":"loggerMiddleware","decl":{"start":{"line":33,"column":9},"end":{"line":33,"column":25}},"loc":{"start":{"line":33,"column":42},"end":{"line":50,"column":1}},"line":33},"1":{"name":"(anonymous_1)","decl":{"start":{"line":36,"column":21},"end":{"line":36,"column":22}},"loc":{"start":{"line":36,"column":27},"end":{"line":47,"column":5}},"line":36}},"branchMap":{"0":{"loc":{"start":{"line":5,"column":11},"end":{"line":5,"column":42}},"type":"binary-expr","locations":[{"start":{"line":5,"column":11},"end":{"line":5,"column":32}},{"start":{"line":5,"column":36},"end":{"line":5,"column":42}}],"line":5},"1":{"loc":{"start":{"line":24,"column":0},"end":{"line":31,"column":1}},"type":"if","locations":[{"start":{"line":24,"column":0},"end":{"line":31,"column":1}},{"start":{},"end":{}}],"line":24}},"s":{"0":5,"1":5,"2":5,"3":5,"4":5,"5":0,"6":0,"7":0,"8":0,"9":0,"10":5},"f":{"0":0,"1":0},"b":{"0":[5,0],"1":[5,0]},"_coverageSchema":"1a1c01bbd47fc00a2c39e90264f33305004495a9","hash":"9fc38287354401cc2526b645bf77e22d11bf5df9"}
,"C:\\Users\\User\\.claude\\agents\\models\\CashlessCard.js": {"path":"C:\\Users\\User\\.claude\\agents\\models\\CashlessCard.js","statementMap":{"0":{"start":{"line":1,"column":22},"end":{"line":1,"column":42}},"1":{"start":{"line":2,"column":18},"end":{"line":2,"column":47}},"2":{"start":{"line":4,"column":21},"end":{"line":177,"column":2}},"3":{"start":{"line":179,"column":0},"end":{"line":179,"column":30}}},"fnMap":{},"branchMap":{},"s":{"0":8,"1":8,"2":8,"3":8},"f":{},"b":{},"_coverageSchema":"1a1c01bbd47fc00a2c39e90264f33305004495a9","hash":"72c5120220374f74bbae1424b630715eba1243fa"}
,"C:\\Users\\User\\.claude\\agents\\models\\EventManagement.js": {"path":"C:\\Users\\User\\.claude\\agents\\models\\EventManagement.js","statementMap":{"0":{"start":{"line":1,"column":22},"end":{"line":1,"column":42}},"1":{"start":{"line":2,"column":18},"end":{"line":2,"column":47}},"2":{"start":{"line":5,"column":14},"end":{"line":189,"column":2}},"3":{"start":{"line":192,"column":19},"end":{"line":294,"column":2}},"4":{"start":{"line":297,"column":15},"end":{"line":422,"column":2}},"5":{"start":{"line":425,"column":15},"end":{"line":519,"column":2}},"6":{"start":{"line":522,"column":20},"end":{"line":592,"column":2}},"7":{"start":{"line":595,"column":16},"end":{"line":694,"column":2}},"8":{"start":{"line":697,"column":18},"end":{"line":766,"column":2}},"9":{"start":{"line":771,"column":0},"end":{"line":771,"column":53}},"10":{"start":{"line":772,"column":0},"end":{"line":772,"column":55}},"11":{"start":{"line":775,"column":0},"end":{"line":775,"column":49}},"12":{"start":{"line":776,"column":0},"end":{"line":776,"column":51}},"13":{"start":{"line":779,"column":0},"end":{"line":779,"column":59}},"14":{"start":{"line":780,"column":0},"end":{"line":780,"column":61}},"15":{"start":{"line":783,"column":0},"end":{"line":783,"column":77}},"16":{"start":{"line":784,"column":0},"end":{"line":784,"column":78}},"17":{"start":{"line":787,"column":0},"end":{"line":787,"column":50}},"18":{"start":{"line":788,"column":0},"end":{"line":788,"column":52}},"19":{"start":{"line":791,"column":0},"end":{"line":791,"column":51}},"20":{"start":{"line":792,"column":0},"end":{"line":792,"column":54}},"21":{"start":{"line":795,"column":0},"end":{"line":795,"column":52}},"22":{"start":{"line":796,"column":0},"end":{"line":796,"column":54}},"23":{"start":{"line":798,"column":0},"end":{"line":806,"column":2}}},"fnMap":{},"branchMap":{},"s":{"0":0,"1":0,"2":0,"3":0,"4":0,"5":0,"6":0,"7":0,"8":0,"9":0,"10":0,"11":0,"12":0,"13":0,"14":0,"15":0,"16":0,"17":0,"18":0,"19":0,"20":0,"21":0,"22":0,"23":0},"f":{},"b":{}}
,"C:\\Users\\User\\.claude\\agents\\models\\ProductMenu.js": {"path":"C:\\Users\\User\\.claude\\agents\\models\\ProductMenu.js","statementMap":{"0":{"start":{"line":1,"column":22},"end":{"line":1,"column":42}},"1":{"start":{"line":2,"column":18},"end":{"line":2,"column":47}},"2":{"start":{"line":5,"column":13},"end":{"line":34,"column":2}},"3":{"start":{"line":37,"column":24},"end":{"line":66,"column":2}},"4":{"start":{"line":69,"column":24},"end":{"line":271,"column":2}},"5":{"start":{"line":274,"column":25},"end":{"line":313,"column":2}},"6":{"start":{"line":316,"column":0},"end":{"line":316,"column":56}},"7":{"start":{"line":317,"column":0},"end":{"line":317,"column":58}},"8":{"start":{"line":319,"column":0},"end":{"line":319,"column":71}},"9":{"start":{"line":320,"column":0},"end":{"line":320,"column":73}},"10":{"start":{"line":322,"column":0},"end":{"line":322,"column":56}},"11":{"start":{"line":323,"column":0},"end":{"line":323,"column":58}},"12":{"start":{"line":325,"column":0},"end":{"line":325,"column":71}},"13":{"start":{"line":326,"column":0},"end":{"line":326,"column":73}},"14":{"start":{"line":328,"column":0},"end":{"line":333,"column":2}}},"fnMap":{},"branchMap":{},"s":{"0":4,"1":4,"2":4,"3":4,"4":4,"5":4,"6":4,"7":4,"8":4,"9":4,"10":4,"11":4,"12":4,"13":4,"14":4},"f":{},"b":{},"_coverageSchema":"1a1c01bbd47fc00a2c39e90264f33305004495a9","hash":"aa7b26c80ca7148230a6c8d46ee2536d8d35ce6e"}
,"C:\\Users\\User\\.claude\\agents\\models\\SystemConfig.js": {"path":"C:\\Users\\User\\.claude\\agents\\models\\SystemConfig.js","statementMap":{"0":{"start":{"line":1,"column":22},"end":{"line":1,"column":42}},"1":{"start":{"line":2,"column":18},"end":{"line":2,"column":47}},"2":{"start":{"line":4,"column":21},"end":{"line":204,"column":2}},"3":{"start":{"line":206,"column":0},"end":{"line":206,"column":30}}},"fnMap":{},"branchMap":{},"s":{"0":8,"1":8,"2":8,"3":8},"f":{},"b":{},"_coverageSchema":"1a1c01bbd47fc00a2c39e90264f33305004495a9","hash":"632e360ff21b775d45117f6a9a28d20e476f8dd9"}
,"C:\\Users\\User\\.claude\\agents\\models\\Transaction.js": {"path":"C:\\Users\\User\\.claude\\agents\\models\\Transaction.js","statementMap":{"0":{"start":{"line":1,"column":22},"end":{"line":1,"column":42}},"1":{"start":{"line":2,"column":18},"end":{"line":2,"column":40}},"2":{"start":{"line":4,"column":20},"end":{"line":63,"column":2}},"3":{"start":{"line":65,"column":24},"end":{"line":105,"column":2}},"4":{"start":{"line":107,"column":16},"end":{"line":154,"column":2}},"5":{"start":{"line":157,"column":0},"end":{"line":157,"column":70}},"6":{"start":{"line":158,"column":0},"end":{"line":158,"column":72}},"7":{"start":{"line":160,"column":0},"end":{"line":160,"column":62}},"8":{"start":{"line":161,"column":0},"end":{"line":161,"column":64}},"9":{"start":{"line":163,"column":0},"end":{"line":163,"column":59}}},"fnMap":{},"branchMap":{},"s":{"0":0,"1":0,"2":0,"3":0,"4":0,"5":0,"6":0,"7":0,"8":0,"9":0},"f":{},"b":{}}
,"C:\\Users\\User\\.claude\\agents\\models\\index.js": {"path":"C:\\Users\\User\\.claude\\agents\\models\\index.js","statementMap":{"0":{"start":{"line":1,"column":22},"end":{"line":1,"column":42}},"1":{"start":{"line":2,"column":18},"end":{"line":2,"column":47}},"2":{"start":{"line":4,"column":13},"end":{"line":31,"column":2}},"3":{"start":{"line":33,"column":15},"end":{"line":68,"column":2}},"4":{"start":{"line":70,"column":14},"end":{"line":98,"column":2}},"5":{"start":{"line":100,"column":16},"end":{"line":136,"column":2}},"6":{"start":{"line":138,"column":13},"end":{"line":181,"column":2}},"7":{"start":{"line":183,"column":17},"end":{"line":215,"column":2}},"8":{"start":{"line":217,"column":18},"end":{"line":248,"column":2}},"9":{"start":{"line":250,"column":21},"end":{"line":292,"column":2}},"10":{"start":{"line":294,"column":20},"end":{"line":331,"column":2}},"11":{"start":{"line":333,"column":17},"end":{"line":372,"column":2}},"12":{"start":{"line":374,"column":0},"end":{"line":374,"column":47}},"13":{"start":{"line":375,"column":0},"end":{"line":375,"column":49}},"14":{"start":{"line":377,"column":0},"end":{"line":377,"column":49}},"15":{"start":{"line":378,"column":0},"end":{"line":378,"column":51}},"16":{"start":{"line":380,"column":0},"end":{"line":380,"column":45}},"17":{"start":{"line":381,"column":0},"end":{"line":381,"column":47}},"18":{"start":{"line":383,"column":0},"end":{"line":383,"column":49}},"19":{"start":{"line":384,"column":0},"end":{"line":384,"column":51}},"20":{"start":{"line":386,"column":0},"end":{"line":386,"column":55}},"21":{"start":{"line":387,"column":0},"end":{"line":387,"column":57}},"22":{"start":{"line":389,"column":0},"end":{"line":389,"column":56}},"23":{"start":{"line":390,"column":0},"end":{"line":390,"column":58}},"24":{"start":{"line":392,"column":0},"end":{"line":392,"column":55}},"25":{"start":{"line":393,"column":0},"end":{"line":393,"column":57}},"26":{"start":{"line":395,"column":0},"end":{"line":395,"column":53}},"27":{"start":{"line":396,"column":0},"end":{"line":396,"column":55}},"28":{"start":{"line":398,"column":0},"end":{"line":398,"column":54}},"29":{"start":{"line":399,"column":0},"end":{"line":399,"column":56}},"30":{"start":{"line":402,"column":21},"end":{"line":402,"column":46}},"31":{"start":{"line":403,"column":21},"end":{"line":403,"column":46}},"32":{"start":{"line":406,"column":0},"end":{"line":406,"column":59}},"33":{"start":{"line":407,"column":0},"end":{"line":407,"column":57}},"34":{"start":{"line":409,"column":0},"end":{"line":409,"column":57}},"35":{"start":{"line":410,"column":0},"end":{"line":410,"column":55}},"36":{"start":{"line":412,"column":0},"end":{"line":426,"column":2}}},"fnMap":{},"branchMap":{},"s":{"0":8,"1":8,"2":8,"3":8,"4":8,"5":8,"6":8,"7":8,"8":8,"9":8,"10":8,"11":8,"12":8,"13":8,"14":8,"15":8,"16":8,"17":8,"18":8,"19":8,"20":8,"21":8,"22":8,"23":8,"24":8,"25":8,"26":8,"27":8,"28":8,"29":8,"30":8,"31":8,"32":8,"33":8,"34":8,"35":8,"36":8},"f":{},"b":{},"_coverageSchema":"1a1c01bbd47fc00a2c39e90264f33305004495a9","hash":"c3678716128a7ed205873cf97532c6007575101c"}
,"C:\\Users\\User\\.claude\\agents\\routes\\ai.js": {"path":"C:\\Users\\User\\.claude\\agents\\routes\\ai.js","statementMap":{"0":{"start":{"line":1,"column":16},"end":{"line":1,"column":34}},"1":{"start":{"line":2,"column":15},"end":{"line":2,"column":31}},"2":{"start":{"line":3,"column":17},"end":{"line":3,"column":53}},"3":{"start":{"line":6,"column":0},"end":{"line":16,"column":3}},"4":{"start":{"line":7,"column":4},"end":{"line":15,"column":5}},"5":{"start":{"line":8,"column":23},"end":{"line":8,"column":43}},"6":{"start":{"line":9,"column":8},"end":{"line":12,"column":11}},"7":{"start":{"line":14,"column":8},"end":{"line":14,"column":71}},"8":{"start":{"line":19,"column":0},"end":{"line":29,"column":3}},"9":{"start":{"line":20,"column":4},"end":{"line":28,"column":5}},"10":{"start":{"line":21,"column":27},"end":{"line":21,"column":64}},"11":{"start":{"line":22,"column":8},"end":{"line":25,"column":11}},"12":{"start":{"line":27,"column":8},"end":{"line":27,"column":71}},"13":{"start":{"line":32,"column":0},"end":{"line":42,"column":3}},"14":{"start":{"line":33,"column":4},"end":{"line":41,"column":5}},"15":{"start":{"line":34,"column":25},"end":{"line":34,"column":65}},"16":{"start":{"line":35,"column":8},"end":{"line":38,"column":11}},"17":{"start":{"line":40,"column":8},"end":{"line":40,"column":71}},"18":{"start":{"line":45,"column":0},"end":{"line":55,"column":3}},"19":{"start":{"line":46,"column":4},"end":{"line":54,"column":5}},"20":{"start":{"line":47,"column":23},"end":{"line":47,"column":59}},"21":{"start":{"line":48,"column":8},"end":{"line":51,"column":11}},"22":{"start":{"line":53,"column":8},"end":{"line":53,"column":71}},"23":{"start":{"line":58,"column":0},"end":{"line":69,"column":3}},"24":{"start":{"line":59,"column":4},"end":{"line":68,"column":5}},"25":{"start":{"line":60,"column":40},"end":{"line":60,"column":48}},"26":{"start":{"line":61,"column":29},"end":{"line":61,"column":78}},"27":{"start":{"line":62,"column":8},"end":{"line":65,"column":11}},"28":{"start":{"line":67,"column":8},"end":{"line":67,"column":71}},"29":{"start":{"line":72,"column":0},"end":{"line":83,"column":3}},"30":{"start":{"line":73,"column":4},"end":{"line":82,"column":5}},"31":{"start":{"line":74,"column":34},"end":{"line":74,"column":42}},"32":{"start":{"line":75,"column":32},"end":{"line":75,"column":85}},"33":{"start":{"line":76,"column":8},"end":{"line":79,"column":11}},"34":{"start":{"line":81,"column":8},"end":{"line":81,"column":71}},"35":{"start":{"line":86,"column":0},"end":{"line":96,"column":3}},"36":{"start":{"line":87,"column":4},"end":{"line":95,"column":5}},"37":{"start":{"line":88,"column":26},"end":{"line":88,"column":75}},"38":{"start":{"line":89,"column":8},"end":{"line":92,"column":11}},"39":{"start":{"line":94,"column":8},"end":{"line":94,"column":71}},"40":{"start":{"line":99,"column":0},"end":{"line":109,"column":3}},"41":{"start":{"line":100,"column":4},"end":{"line":108,"column":5}},"42":{"start":{"line":101,"column":26},"end":{"line":101,"column":66}},"43":{"start":{"line":102,"column":8},"end":{"line":105,"column":11}},"44":{"start":{"line":107,"column":8},"end":{"line":107,"column":71}},"45":{"start":{"line":112,"column":0},"end":{"line":122,"column":3}},"46":{"start":{"line":113,"column":4},"end":{"line":121,"column":5}},"47":{"start":{"line":114,"column":26},"end":{"line":114,"column":68}},"48":{"start":{"line":115,"column":8},"end":{"line":118,"column":11}},"49":{"start":{"line":120,"column":8},"end":{"line":120,"column":71}},"50":{"start":{"line":125,"column":0},"end":{"line":136,"column":3}},"51":{"start":{"line":126,"column":4},"end":{"line":135,"column":5}},"52":{"start":{"line":127,"column":37},"end":{"line":127,"column":45}},"53":{"start":{"line":128,"column":25},"end":{"line":128,"column":69}},"54":{"start":{"line":129,"column":8},"end":{"line":132,"column":11}},"55":{"start":{"line":134,"column":8},"end":{"line":134,"column":71}},"56":{"start":{"line":139,"column":0},"end":{"line":150,"column":3}},"57":{"start":{"line":140,"column":4},"end":{"line":149,"column":5}},"58":{"start":{"line":141,"column":25},"end":{"line":141,"column":33}},"59":{"start":{"line":142,"column":26},"end":{"line":142,"column":57}},"60":{"start":{"line":143,"column"
[...]
":231,"column":0},"end":{"line":265,"column":3}},"104":{"start":{"line":232,"column":4},"end":{"line":264,"column":5}},"105":{"start":{"line":233,"column":28},"end":{"line":233,"column":37}},"106":{"start":{"line":235,"column":28},"end":{"line":235,"column":30}},"107":{"start":{"line":236,"column":8},"end":{"line":236,"column":46}},"108":{"start":{"line":236,"column":21},"end":{"line":236,"column":46}},"109":{"start":{"line":238,"column":23},"end":{"line":242,"column":10}},"110":{"start":{"line":244,"column":27},"end":{"line":258,"column":11}},"111":{"start":{"line":245,"column":32},"end":{"line":250,"column":14}},"112":{"start":{"line":252,"column":12},"end":{"line":257,"column":14}},"113":{"start":{"line":260,"column":8},"end":{"line":260,"column":29}},"114":{"start":{"line":262,"column":8},"end":{"line":262,"column":51}},"115":{"start":{"line":263,"column":8},"end":{"line":263,"column":65}},"116":{"start":{"line":267,"column":0},"end":{"line":267,"column":24}}},"fnMap":{"0":{"name":"(anonymous_0)","decl":{"start":{"line":7,"column":21},"end":{"line":7,"column":22}},"loc":{"start":{"line":7,"column":41},"end":{"line":33,"column":1}},"line":7},"1":{"name":"(anonymous_1)","decl":{"start":{"line":21,"column":48},"end":{"line":21,"column":49}},"loc":{"start":{"line":21,"column":66},"end":{"line":26,"column":9}},"line":21},"2":{"name":"(anonymous_2)","decl":{"start":{"line":35,"column":23},"end":{"line":35,"column":24}},"loc":{"start":{"line":35,"column":43},"end":{"line":95,"column":1}},"line":35},"3":{"name":"(anonymous_3)","decl":{"start":{"line":41,"column":35},"end":{"line":41,"column":36}},"loc":{"start":{"line":41,"column":50},"end":{"line":41,"column":88}},"line":41},"4":{"name":"(anonymous_4)","decl":{"start":{"line":97,"column":20},"end":{"line":97,"column":21}},"loc":{"start":{"line":97,"column":40},"end":{"line":127,"column":1}},"line":97},"5":{"name":"(anonymous_5)","decl":{"start":{"line":129,"column":19},"end":{"line":129,"column":20}},"loc":{"start":{"line":129,"column":39},"end":{"line":151,"column":1}},"line":129},"6":{"name":"(anonymous_6)","decl":{"start":{"line":153,"column":27},"end":{"line":153,"column":28}},"loc":{"start":{"line":153,"column":47},"end":{"line":202,"column":1}},"line":153},"7":{"name":"(anonymous_7)","decl":{"start":{"line":204,"column":32},"end":{"line":204,"column":33}},"loc":{"start":{"line":204,"column":52},"end":{"line":229,"column":1}},"line":204},"8":{"name":"(anonymous_8)","decl":{"start":{"line":231,"column":23},"end":{"line":231,"column":24}},"loc":{"start":{"line":231,"column":43},"end":{"line":265,"column":1}},"line":231},"9":{"name":"(anonymous_9)","decl":{"start":{"line":244,"column":56},"end":{"line":244,"column":57}},"loc":{"start":{"line":244,"column":73},"end":{"line":258,"column":9}},"line":244}},"branchMap":{"0":{"loc":{"start":{"line":9,"column":26},"end":{"line":9,"column":39}},"type":"default-arg","locations":[{"start":{"line":9,"column":35},"end":{"line":9,"column":39}}],"line":9},"1":{"loc":{"start":{"line":12,"column":8},"end":{"line":14,"column":9}},"type":"if","locations":[{"start":{"line":12,"column":8},"end":{"line":14,"column":9}},{"start":{},"end":{}}],"line":12},"2":{"loc":{"start":{"line":22,"column":24},"end":{"line":22,"column":52}},"type":"binary-expr","locations":[{"start":{"line":22,"column":24},"end":{"line":22,"column":40}},{"start":{"line":22,"column":44},"end":{"line":22,"column":52}}],"line":22},"3":{"loc":{"start":{"line":23,"column":12},"end":{"line":23,"column":41}},"type":"if","locations":[{"start":{"line":23,"column":12},"end":{"line":23,"column":41}},{"start":{},"end":{}}],"line":23},"4":{"loc":{"start":{"line":39,"column":57},"end":{"line":39,"column":69}},"type":"default-arg","locations":[{"start":{"line":39,"column":68},"end":{"line":39,"column":69}}],"line":39},"5":{"loc":{"start":{"line":64,"column":12},"end":{"line":67,"column":13}},"type":"if","locations":[{"start":{"line":64,"column":12},"end":{"line":67,"column":13}},{"start":{},"end":{}}],"line":64},"6":{"loc":{"start":{"line":70,"column":8},"end":{"line":79,"column":9}},"type":"if","locations":[{"start":{"line":70,"column":8},"end":{"line":79,"column":9}},{"start":{},"end":{}}],"line":70},"7":{"loc":{"start":{"line":70,"column":12},"end":{"line":70,"column":52}},"type":"binary-expr","locations":[{"start":{"line":70,"column":12},"end":{"line":70,"column":40}},{"start":{"line":70,"column":44},"end":{"line":70,"column":52}}],"line":70},"8":{"loc":{"start":{"line":72,"column":12},"end":{"line":78,"column":13}},"type":"if","locations":[{"start":{"line":72,"column":12},"end":{"line":78,"column":13}},{"start":{},"end":{}}],"line":72},"9":{"loc":{"start":{"line":73,"column":16},"end":{"line":75,"column":17}},"type":"if","locations":[{"start":{"line":73,"column":16},"end":{"line":75,"column":17}},{"start":{},"end":{}}],"line":73},"10":{"loc":{"start":{"line":93,"column":38},"end":{"line":93,"column":78}},"type":"binary-expr","locations":[{"start":{"line":93,"column":38},"end":{"line":93,"column":51}},{"start":{"line":93,"column":55},"end":{"line":93,"column":78}}],"line":93},"11":{"loc":{"start":{"line":99,"column":16},"end":{"line":99,"column":24}},"type":"default-arg","locations":[{"start":{"line":99,"column":23},"end":{"line":99,"column":24}}],"line":99},"12":{"loc":{"start":{"line":99,"column":26},"end":{"line":99,"column":36}},"type":"default-arg","locations":[{"start":{"line":99,"column":34},"end":{"line":99,"column":36}}],"line":99},"13":{"loc":{"start":{"line":103,"column":8},"end":{"line":103,"column":51}},"type":"if","locations":[{"start":{"line":103,"column":8},"end":{"line":103,"column":51}},{"start":{},"end":{}}],"line":103},"14":{"loc":{"start":{"line":104,"column":8},"end":{"line":104,"column":48}},"type":"if","locations":[{"start":{"line":104,"column":8},"end":{"line":104,"column":48}},{"start":{},"end":{}}],"line":104},"15":{"loc":{"start":{"line":142,"column":8},"end":{"line":144,"column":9}},"type":"if","locations":[{"start":{"line":142,"column":8},"end":{"line":144,"column":9}},{"start":{},"end":{}}],"line":142},"16":{"loc":{"start":{"line":162,"column":8},"end":{"line":165,"column":9}},"type":"if","locations":[{"start":{"line":162,"column":8},"end":{"line":165,"column":9}},{"start":{},"end":{}}],"line":162},"17":{"loc":{"start":{"line":167,"column":8},"end":{"line":170,"column":9}},"type":"if","locations":[{"start":{"line":167,"column":8},"end":{"line":170,"column":9}},{"start":{},"end":{}}],"line":167},"18":{"loc":{"start":{"line":174,"column":12},"end":{"line":177,"column":13}},"type":"if","locations":[{"start":{"line":174,"column":12},"end":{"line":177,"column":13}},{"start":{},"end":{}}],"line":174},"19":{"loc":{"start":{"line":180,"column":8},"end":{"line":186,"column":9}},"type":"if","locations":[{"start":{"line":180,"column":8},"end":{"line":186,"column":9}},{"start":{},"end":{}}],"line":180},"20":{"loc":{"start":{"line":180,"column":12},"end":{"line":180,"column":62}},"type":"binary-expr","locations":[{"start":{"line":180,"column":12},"end":{"line":180,"column":45}},{"start":{"line":180,"column":49},"end":{"line":180,"column":62}}],"line":180},"21":{"loc":{"start":{"line":182,"column":12},"end":{"line":185,"column":13}},"type":"if","locations":[{"start":{"line":182,"column":12},"end":{"line":185,"column":13}},{"start":{},"end":{}}],"line":182},"22":{"loc":{"start":{"line":236,"column":8},"end":{"line":236,"column":46}},"type":"if","locations":[{"start":{"line":236,"column":8},"end":{"line":236,"column":46}},{"start":{},"end":{}}],"line":236}},"s":{"0":5,"1":5,"2":5,"3":5,"4":5,"5":5,"6":0,"7":0,"8":0,"9":0,"10":0,"11":0,"12":0,"13":0,"14":0,"15":0,"16":0,"17":0,"18":0,"19":0,"20":0,"21":5,"22":0,"23":0,"24":0,"25":0,"26":0,"27":0,"28":0,"29":0,"30":0,"31":0,"32":0,"33":0,"34":0,"35":0,"36":0,"37":0,"38":0,"39":0,"40":0,"41":0,"42":0,"43":0,"44":0,"45":0,"46":0,"47":0,"48":0,"49":5,"50":0,"51":0,"52":0,"53":0,"54":0,"55":0,"56":0,"57":0,"58":0,"59":0,"60":0,"61":0,"62":5,"63":0,"64":0,"65":0,"66":0,"67":0,"68":0,"69":0,"70":5,"71":0,"72":0,"73":0,"74":0,"75":0,"76":0,"77":0,"78":0,"79":0,"80":0,"81":0,"82":0,"83":0,"84":0,"85":0,"86":0,"87":0,"88":0,"89":0,"90":0,"91":0,"92":0,"93":0,"94":0,"95":0,"96":0,"97":5,"98":0,"99":0,"100":0,"101":0,"102":0,"103":5,"104":0,"105":0,"106":0,"107":0,"108":0,"109":0,"110":0,"111":0,"112":0,"113":0,"114":0,"115":0,"116":5},"f":{"0":0,"1":0,"2":0,"3":0,"4":0,"5":0,"6":0,"7":0,"8":0,"9":0},"b":{"0":[0],"1":[0,0],"2":[0,0],"3":[0,0],"4":[0],"5":[0,0],"6":[0,0],"7":[0,0],"8":[0,0],"9":[0,0],"10":[0,0],"11":[0],"12":[0],"13":[0,0],"14":[0,0],"15":[0,0],"16":[0,0],"17":[0,0],"18":[0,0],"19":[0,0],"20":[0,0],"21":[0,0],"22":[0,0]},"_coverageSchema":"1a1c01bbd47fc00a2c39e90264f33305004495a9","hash":"53f048b152849e81a5f116fd6ce165e0dce24823"}
,"C:\\Users\\User\\.claude\\agents\\routes\\team.js": {"path":"C:\\Users\\User\\.claude\\agents\\routes\\team.js","statementMap":{"0":{"start":{"line":1,"column":16},"end":{"line":1,"column":34}},"1":{"start":{"line":2,"column":15},"end":{"line":2,"column":31}},"2":{"start":{"line":3,"column":17},"end":{"line":3,"column":37}},"3":{"start":{"line":4,"column":40},"end":{"line":4,"column":69}},"4":{"start":{"line":5,"column":15},"end":{"line":5,"column":35}},"5":{"start":{"line":7,"column":0},"end":{"line":41,"column":3}},"6":{"start":{"line":8,"column":4},"end":{"line":40,"column":5}},"7":{"start":{"line":9,"column":55},"end":{"line":9,"column":64}},"8":{"start":{"line":10,"column":23},"end":{"line":10,"column":41}},"9":{"start":{"line":12,"column":28},"end":{"line":12,"column":30}},"10":{"start":{"line":13,"column":8},"end":{"line":18,"column":9}},"11":{"start":{"line":14,"column":12},"end":{"line":17,"column":14}},"12":{"start":{"line":19,"column":8},"end":{"line":21,"column":9}},"13":{"start":{"line":20,"column":12},"end":{"line":20,"column":36}},"14":{"start":{"line":23,"column":32},"end":{"line":29,"column":10}},"15":{"start":{"line":31,"column":8},"end":{"line":36,"column":11}},"16":{"start":{"line":38,"column":8},"end":{"line":38,"column":58}},"17":{"start":{"line":39,"column":8},"end":{"line":39,"column":72}},"18":{"start":{"line":43,"column":0},"end":{"line":58,"column":3}},"19":{"start":{"line":44,"column":4},"end":{"line":57,"column":5}},"20":{"start":{"line":45,"column":21},"end":{"line":47,"column":10}},"21":{"start":{"line":49,"column":8},"end":{"line":51,"column":9}},"22":{"start":{"line":50,"column":12},"end":{"line":50,"column":77}},"23":{"start":{"line":53,"column":8},"end":{"line":53,"column":23}},"24":{"start":{"line":55,"column":8},"end":{"line":55,"column":56}},"25":{"start":{"line":56,"column":8},"end":{"line":56,"column":70}},"26":{"start":{"line":60,"column":0},"end":{"line":86,"column":3}},"27":{"start":{"line":61,"column":4},"end":{"line":85,"column":5}},"28":{"start":{"line":62,"column":48},"end":{"line":62,"column":56}},"29":{"start":{"line":64,"column":25},"end":{"line":64,"column":65}},"30":{"start":{"line":65,"column":8},"end":{"line":67,"column":9}},"31":{"start":{"line":66,"column":12},"end":{"line":66,"column":74}},"32":{"start":{"line":69,"column":31},"end":{"line":69,"column":59}},"33":{"start":{"line":71,"column":21},"end":{"line":76,"column":10}},"34":{"start":{"line":78,"column":29},"end":{"line":78,"column":42}},"35":{"start":{"line":79,"column":8},"end":{"line":79,"column":37}},"36":{"start":{"line":81,"column":8},"end":{"line":81,"column":43}},"37":{"start":{"line":83,"column":8},"end":{"line":83,"column":59}},"38":{"start":{"line":84,"column":8},"end":{"line":84,"column":73}},"39":{"start":{"line":88,"column":0},"end":{"line":113,"column":3}},"40":{"start":{"line":89,"column":4},"end":{"line":112,"column":5}},"41":{"start":{"line":90,"column":21},"end":{"line":90,"column":55}},"42":{"start":{"line":92,"column":8},"end":{"line":94,"column":9}},"43":{"start":{"line":93,"column":12},"end":{"line":93,"column":77}},"44":{"start":{"line":96,"column":24},"end":{"line":96,"column":39}},"45":{"start":{"line":97,"column":8},"end":{"line":97,"column":32}},"46":{"start":{"line":99,"column":8},"end":{"line":101,"column":9}},"47":{"start":{"line":100,"column":12},"end":{"line":100,"column":69}},"48":{"start":{"line":103,"column":8},"end":{"line":103,"column":35}},"49":{"start":{"line":105,"column":29},"end":{"line":105,"column":42}},"50":{"start":{"line":106,"column":8},"end":{"line":106,"column":37}},"51":{"start":{"line":108,"column":8},"end":{"line":108,"column":31}},"52":{"start":{"line":110,"column":8},"end":{"line":110,"column":59}},"53":{"start":{"line":111,"column":8},"end":{"line":111,"column":73}},"54":{"start":{"line":115,"column":0},"end":{"line":133,"column":3}},"55":{"start":{"line":116,"column":4},"end":{"line":132,"column":5}},"56":{"start":{"line":117,"column":21},"end":{"line":117,"column":55}},"57":{"start":{"line":119,"column":8},"end":{"line":121,"column":9}},"58":{"start":{"line":120,"column":12},"end":{"line":120,"column":77}},"59":{"start":{"line":123,"column":8},"end":{"line":125,"column":9}},"60":{"start":{"line":124,"column":12},"end":{"line":124,"column":77}},"61":{"start":{"line":127,"column":8},"end":{"line":127,"column":29}},"62":{"start":{"line":128,"column":8},"end":{"line":128,"column":67}},"63":{"start":{"line":130,"column":8},"end":{"line":130,"column":59}},"64":{"start":{"line":131,"column":8},"end":{"line":131,"column":73}},"65":{"start":{"line":135,"column":0},"end":{"line":154,"column":3}},"66":{"start":{"line":136,"column":4},"end":{"line":153,"column":5}},"67":{"start":{"line":137,"column":21},"end":{"line":137,"column":55}},"68":{"start":{"line":139,"column":8},"end":{"line":141,"column":9}},"69":{"start":{"line":140,"column":12},"end":{"line":140,"column":77}},"70":{"start":{"line":143,"column":8},"end":{"line":143,"column":35}},"71":{"start":{"line":144,"column":8},"end":{"line":144,"column":26}},"72":{"start":{"line":146,"column":8},"end":{"line":149,"column":11}},"73":{"start":{"line":151,"column":8},"end":{"line":151,"column":53}},"74":{"start":{"line":152,"column":8},"end":{"line":152,"column":67}},"75":{"start":{"line":156,"column":0},"end":{"line":190,"column":3}},"76":{"start":{"line":157,"column":4},"end":{"line":189,"column":5}},"77":{"start":{"line":158,"column":22},"end":{"line":183,"column":9}},"78":{"start":{"line":185,"column":8},"end":{"line":185,"column":24}},"79":{"start":{"line":187,"column":8},"end":{"line":187,"column":49}},"80":{"start":{"line":188,"column":8},"end":{"line":188,"column":63}},"81":{"start":{"line":192,"column":0},"end":{"line":212,"column":3}},"82":{"start":{"line":193,"column":4},"end":{"line":211,"column":5}},"83":{"start":{"line":194,"column":28},"end":{"line":205,"column":9}},"84":{"start":{"line":207,"column":8},"end":{"line":207,"column":30}},"85":{"start":{"line":209,"column":8},"end":{"line":209,"column":55}},"86":{"start":{"line":210,"column":8},"end":{"line":210,"column":69}},"87":{"start":{"line":214,"column":0},"end":{"line":214,"column":24}}},"fnMap":{"0":{"name":"(anonymous_0)","decl":{"start":{"line":7,"column":66},"end":{"line":7,"column":67}},"loc":{"start":{"line":7,"column":86},"end":{"line":41,"column":1}},"line":7},"1":{"name":"(anonymous_1)","decl":{"start":{"line":43,"column":70},"end":{"line":43,"column":71}},"loc":{"start":{"line":43,"column":90},"end":{"line":58,"column":1}},"line":43},"2":{"name":"(anonymous_2)","decl":{"start":{"line":60,"column":56},"end":{"line":60,"column":57}},"loc":{"start":{"line":60,"column":76},"end":{"line":86,"column":1}},"line":60},"3":{"name":"(anonymous_3)","decl":{"start":{"line":88,"column":59},"end":{"line":88,"column":60}},"loc":{"start":{"line":88,"column":79},"end":{"line":113,"column":1}},"line":88},"4":{"name":"(anonymous_4)","decl":{"start":{"line":115,"column":62},"end":{"line":115,"column":63}},"loc":{"start":{"line":115,"column":82},"end":{"line":133,"column":1}},"line":115},"5":{"name":"(anonymous_5)","decl":{"start":{"line":135,"column":73},"end":{"line":135,"column":74}},"loc":{"start":{"line":135,"column":93},"end":{"line":154,"column":1}},"line":135},"6":{"name":"(anonymous_6)","decl":{"start":{"line":156,"column":21},"end":{"line":156,"column":22}},"loc":{"start":{"line":156,"column":41},"end":{"line":190,"column":1}},"line":156},"7":{"name":"(anonymous_7)","decl":{"start":{"line":192,"column":53},"end":{"line":192,"column":54}},"loc":{"start":{"line":192,"column":73},"end":{"line":212,"column":1}},"line":192}},"branchMap":{"0":{"loc":{"start":{"line":9,"column":16},"end":{"line":9,"column":24}},"type":"default-arg","locations":[{"start":{"line":9,"column":23},"end":{"line":9,"column":24}}],"line":9},"1":{"loc":{"start":{"line":9,"column":26},"end":{"line":9,"column":36}},"type":"default-arg","locations":[{"start":{"line":9,"column":34},"end":{"line":9,"column":36}}],"line":9},"2":{"loc":{"start":{"line":13,"column":8},"end":{"line":18,"column":9}},"type":"if","locations":[{"start":{"line":13,"column":8},"end":{"line":18,"column":9}},{"start":{},"end":{}}],"line":13},"3":{"loc":{"start":{"line":19,"column":8},"end":{"line":21,"column":9}},"type":"if","locations":[{"start":{"line":19,"column":8},"end":{"line":21,"column":9}},{"start":{},"end":{}}],"line":19},"4":{"loc":{"start":{"line":49,"column":8},"end":{"line":51,"column":9}},"type":"if","locations":[{"start":{"line":49,"column":8},"end":{"line":51,"column":9}},{"start":{},"end":{}}],"line":49},"5":{"loc":{"start":{"line":65,"column":8},"end":{"line":67,"column":9}},"type":"if","locations":[{"start":{"line":65,"column":8},"end":{"line":67,"column":9}},{"start":{},"end":{}}],"line":65},"6":{"loc":{"start":{"line":75,"column":18},"end":{"line":75,"column":36}},"type":"binary-expr","locations":[{"start":{"line":75,"column":18},"end":{"line":75,"column":22}},{"start":{"line":75,"column":26},"end":{"line":75,"column":36}}],"line":75},"7":{"loc":{"start":{"line":92,"column":8},"end":{"line":94,"column":9}},"type":"if","locations":[{"start":{"line":92,"column":8},"end":{"line":94,"column":9}},{"start":{},"end":{}}],"line":92},"8":{"loc":{"start":{"line":99,"column":8},"end":{"line":101,"column":9}},"type":"if","locations":[{"start":{"line":99,"column":8},"end":{"line":101,"column":9}},{"start":{},"end":{}}],"line":99},"9":{"loc":{"start":{"line":119,"column":8},"end":{"line":121,"column":9}},"type":"if","locations":[{"start":{"line":119,"column":8},"end":{"line":121,"column":9}},{"start":{},"end":{}}],"line":119},"10":{"loc":{"start":{"line":123,"column":8},"end":{"line":125,"column":9}},"type":"if","locations":[{"start":{"line":123,"column":8},"end":{"line":125,"column":9}},{"start":{},"end":{}}],"line":123},"11":{"loc":{"start":{"line":139,"column":8},"end":{"line":141,"column":9}},"type":"if","locations":[{"start":{"line":139,"column":8},"end":{"line":141,"column":9}},{"start":{},"end":{}}],"line":139},"12":{"loc":{"start":{"line":147,"column":37},"end":{"line":147,"column":78}},"type":"cond-expr","locations":[{"start":{"line":147,"column":51},"end":{"line":147,"column":62}},{"start":{"line":147,"column":65},"end":{"line":147,"column":78}}],"line":147}},"s":{"0":5,"1":5,"2":5,"3":5,"4":5,"5":5,"6":0,"7":0,"8":0,"9":0,"10":0,"11":0,"12":0,"13":0,"14":0,"15":0,"16":0,"17":0,"18":5,"19":0,"20":0,"21":0,"22":0,"23":0,"24":0,"25":0,"26":5,"27":0,"28":0,"29":0,"30":0,"31":0,"32":0,"33":0,"34":0,"35":0,"36":0,"37":0,"38":0,"39":5,"40":0,"41":0,"42":0,"43":0,"44":0,"45":0,"46":0,"47":0,"48":0,"49":0,"50":0,"51":0,"52":0,"53":0,"54":5,"55":0,"56":0,"57":0,"58":0,"59":0,"60":0,"61":0,"62":0,"63":0,"64":0,"65":5,"66":0,"67":0,"68":0,"69":0,"70":0,"71":0,"72":0,"73":0,"74":0,"75":5,"76":0,"77":0,"78":0,"79":0,"80":0,"81":5,"82":0,"83":0,"84":0,"85":0,"86":0,"87":5},"f":{"0":0,"1":0,"2":0,"3":0,"4":0,"5":0,"6":0,"7":0},"b":{"0":[0],"1":[0],"2":[0,0],"3":[0,0],"4":[0,0],"5":[0,0],"6":[0,0],"7":[0,0],"8":[0,0],"9":[0,0],"10":[0,0],"11":[0,0],"12":[0,0]},"_coverageSchema":"1a1c01bbd47fc00a2c39e90264f33305004495a9","hash":"0426ef6267c423ed51b9423e7430f65ba2b4da80"}
}
