TN:
SF:server.js
FN:57,(anonymous_0)
FN:78,(anonymous_1)
FN:84,(anonymous_2)
FN:88,(anonymous_3)
FN:97,(anonymous_4)
FN:108,handleWebSocketMessage
FN:129,subscribeToDashboard
FN:130,(anonymous_7)
FN:140,subscribeToRealTimeSales
FN:141,(anonymous_9)
FN:151,generateDashboardMetrics
FN:161,generateSalesMetrics
FN:175,handleInventoryUpdate
FN:183,handleCashlessTransaction
FN:197,startServer
FN:213,(anonymous_15)
FN:229,(anonymous_16)
FN:231,(anonymous_17)
FNF:18
FNH:2
FNDA:0,(anonymous_0)
FNDA:0,(anonymous_1)
FNDA:0,(anonymous_2)
FNDA:0,(anonymous_3)
FNDA:0,(anonymous_4)
FNDA:0,handleWebSocketMessage
FNDA:0,subscribeToDashboard
FNDA:0,(anonymous_7)
FNDA:0,subscribeToRealTimeSales
FNDA:0,(anonymous_9)
FNDA:0,generateDashboardMetrics
FNDA:0,generateSalesMetrics
FNDA:0,handleInventoryUpdate
FNDA:0,handleCashlessTransaction
FNDA:5,startServer
FNDA:1,(anonymous_15)
FNDA:0,(anonymous_16)
FNDA:0,(anonymous_17)
DA:1,5
DA:2,5
DA:3,5
DA:4,5
DA:5,5
DA:6,5
DA:7,5
DA:8,5
DA:9,5
DA:10,5
DA:12,5
DA:13,5
DA:14,5
DA:16,5
DA:17,5
DA:18,5
DA:19,5
DA:20,5
DA:21,5
DA:22,5
DA:23,5
DA:24,5
DA:25,5
DA:26,5
DA:27,5
DA:28,5
DA:29,5
DA:31,5
DA:32,5
DA:33,5
DA:34,5
DA:35,5
DA:37,5
DA:41,5
DA:42,5
DA:43,5
DA:44,5
DA:45,5
DA:46,5
DA:48,5
DA:54,5
DA:57,5
DA:58,0
DA:61,5
DA:62,5
DA:63,5
DA:64,5
DA:65,5
DA:66,5
DA:67,5
DA:68,5
DA:69,5
DA:70,5
DA:71,5
DA:72,5
DA:73,5
DA:74,5
DA:76,5
DA:78,5
DA:79,0
DA:82,5
DA:84,5
DA:85,0
DA:86,0
DA:88,0
DA:89,0
DA:90,0
DA:91,0
DA:93,0
DA:97,0
DA:98,0
DA:101,0
DA:109,0
DA:111,0
DA:113,0
DA:114,0
DA:116,0
DA:117,0
DA:119,0
DA:120,0
DA:122,0
DA:123,0
DA:125,0
DA:130,0
DA:131,0
DA:132,0
DA:141,0
DA:142,0
DA:143,0
DA:152,0
DA:162,0
DA:176,0
DA:184,0
DA:185,0
DA:193,5
DA:195,5
DA:198,5
DA:199,5
DA:200,5
DA:203,5
DA:204,4
DA:206,4
DA:207,4
DA:210,4
DA:211,4
DA:213,4
DA:214,1
DA:215,1
DA:216,1
DA:217,1
DA:218,1
DA:219,1
DA:222,0
DA:223,0
DA:227,5
DA:229,5
DA:230,0
DA:231,0
DA:232,0
DA:234,0
DA:235,0
DA:236,0
DA:239,5
LF:123
LH:81
BRDA:85,0,0,0
BRDA:85,0,1,0
BRDA:111,1,0,0
BRDA:111,1,1,0
BRDA:111,1,2,0
BRDA:111,1,3,0
BRDA:111,1,4,0
BRDA:131,2,0,0
BRDA:131,2,1,0
BRDA:142,3,0,0
BRDA:142,3,1,0
BRDA:195,4,0,5
BRDA:195,4,1,0
BRF:13
BRH:1
end_of_record
TN:
SF:config\cache.js
FN:3,(anonymous_0)
FN:8,(anonymous_1)
FN:13,(anonymous_2)
FN:25,(anonymous_3)
FN:33,(anonymous_4)
FN:37,(anonymous_5)
FN:42,(anonymous_6)
FNF:7
FNH:2
FNDA:5,(anonymous_0)
FNDA:4,(anonymous_1)
FNDA:0,(anonymous_2)
FNDA:0,(anonymous_3)
FNDA:0,(anonymous_4)
FNDA:0,(anonymous_5)
FNDA:0,(anonymous_6)
DA:4,5
DA:5,5
DA:9,4
DA:10,4
DA:14,0
DA:15,0
DA:17,0
DA:18,0
DA:19,0
DA:22,0
DA:26,0
DA:30,0
DA:34,0
DA:38,0
DA:39,0
DA:43,0
DA:44,0
DA:48,5
LF:18
LH:5
BRDA:15,0,0,0
BRDA:15,0,1,0
BRDA:17,1,0,0
BRDA:17,1,1,0
BRDA:17,2,0,0
BRDA:17,2,1,0
BRDA:25,3,0,0
BRDA:28,4,0,0
BRDA:28,4,1,0
BRF:9
BRH:0
end_of_record
TN:
SF:config\database.js
FN:50,(anonymous_0)
FN:53,(anonymous_1)
FNF:2
FNH:1
FNDA:8,(anonymous_0)
FNDA:0,(anonymous_1)
DA:1,9
DA:2,9
DA:5,9
DA:6,9
DA:10,9
DA:12,0
DA:35,9
DA:49,9
DA:51,8
DA:54,0
DA:57,9
LF:11
LH:9
BRDA:6,0,0,9
BRDA:6,0,1,9
BRDA:10,1,0,0
BRDA:10,1,1,9
BRDA:14,2,0,0
BRDA:14,2,1,0
BRDA:15,3,0,0
BRDA:15,3,1,0
BRDA:16,4,0,0
BRDA:16,4,1,0
BRDA:17,5,0,0
BRDA:17,5,1,0
BRDA:18,6,0,0
BRDA:18,6,1,0
BRDA:19,7,0,0
BRDA:19,7,1,0
BRDA:27,8,0,0
BRDA:27,8,1,0
BRDA:37,9,0,9
BRDA:37,9,1,0
BRDA:38,10,0,9
BRDA:38,10,1,0
BRDA:51,11,0,0
BRDA:51,11,1,8
BRF:24
BRH:6
end_of_record
TN:
SF:config\env-validator.js
FN:153,(anonymous_0)
FN:159,(anonymous_1)
FN:169,(anonymous_2)
FN:197,(anonymous_3)
FN:237,(anonymous_4)
FN:239,(anonymous_5)
FN:244,(anonymous_6)
FN:246,(anonymous_7)
FN:251,(anonymous_8)
FN:255,(anonymous_9)
FNF:10
FNH:0
FNDA:0,(anonymous_0)
FNDA:0,(anonymous_1)
FNDA:0,(anonymous_2)
FNDA:0,(anonymous_3)
FNDA:0,(anonymous_4)
FNDA:0,(anonymous_5)
FNDA:0,(anonymous_6)
FNDA:0,(anonymous_7)
FNDA:0,(anonymous_8)
FNDA:0,(anonymous_9)
DA:6,0
DA:9,0
DA:154,0
DA:155,0
DA:156,0
DA:160,0
DA:163,0
DA:168,0
DA:169,0
DA:174,0
DA:175,0
DA:178,0
DA:181,0
DA:184,0
DA:185,0
DA:186,0
DA:189,0
DA:190,0
DA:193,0
DA:194,0
DA:199,0
DA:201,0
DA:202,0
DA:206,0
DA:207,0
DA:214,0
DA:215,0
DA:219,0
DA:220,0
DA:228,0
DA:229,0
DA:232,0
DA:233,0
DA:238,0
DA:239,0
DA:240,0
DA:245,0
DA:246,0
DA:247,0
DA:252,0
DA:256,0
DA:258,0
DA:259,0
DA:260,0
DA:263,0
DA:267,0
LF:46
LH:0
BRDA:168,0,0,0
BRDA:168,0,1,0
BRDA:184,1,0,0
BRDA:184,1,1,0
BRDA:189,2,0,0
BRDA:189,2,1,0
BRDA:199,3,0,0
BRDA:199,3,1,0
BRDA:201,4,0,0
BRDA:201,4,1,0
BRDA:201,5,0,0
BRDA:201,5,1,0
BRDA:206,6,0,0
BRDA:206,6,1,0
BRDA:206,7,0,0
BRDA:206,7,1,0
BRDA:214,8,0,0
BRDA:214,8,1,0
BRDA:219,9,0,0
BRDA:219,9,1,0
BRDA:228,10,0,0
BRDA:228,10,1,0
BRDA:228,11,0,0
BRDA:228,11,1,0
BRDA:228,11,2,0
BRDA:232,12,0,0
BRDA:232,12,1,0
BRDA:232,13,0,0
BRDA:232,13,1,0
BRDA:258,14,0,0
BRDA:258,14,1,0
BRF:31
BRH:0
end_of_record
TN:
SF:config\swagger.js
FNF:0
FNH:0
DA:6,0
DA:8,0
DA:262,0
DA:270,0
DA:272,0
LF:5
LH:0
BRF:0
BRH:0
end_of_record
TN:
SF:config\winston.js
FN:38,(anonymous_0)
FN:48,(anonymous_1)
FN:121,(anonymous_2)
FN:127,(anonymous_3)
FN:146,(anonymous_4)
FN:166,(anonymous_5)
FN:174,(anonymous_6)
FN:183,(anonymous_7)
FN:191,(anonymous_8)
FNF:9
FNH:0
FNDA:0,(anonymous_0)
FNDA:0,(anonymous_1)
FNDA:0,(anonymous_2)
FNDA:0,(anonymous_3)
FNDA:0,(anonymous_4)
FNDA:0,(anonymous_5)
FNDA:0,(anonymous_6)
FNDA:0,(anonymous_7)
FNDA:0,(anonymous_8)
DA:6,0
DA:7,0
DA:8,0
DA:11,0
DA:33,0
DA:39,0
DA:40,0
DA:45,0
DA:49,0
DA:50,0
DA:55,0
DA:58,0
DA:59,0
DA:68,0
DA:81,0
DA:94,0
DA:107,0
DA:117,0
DA:120,0
DA:122,0
DA:127,0
DA:128,0
DA:137,0
DA:138,0
DA:139,0
DA:140,0
DA:142,0
DA:146,0
DA:147,0
DA:154,0
DA:155,0
DA:163,0
DA:166,0
DA:167,0
DA:174,0
DA:175,0
DA:183,0
DA:184,0
DA:191,0
DA:192,0
DA:201,0
DA:202,0
DA:212,0
DA:224,0
DA:230,0
LF:45
LH:0
BRDA:39,0,0,0
BRDA:39,0,1,0
BRDA:49,1,0,0
BRDA:49,1,1,0
BRDA:58,2,0,0
BRDA:58,2,1,0
BRDA:61,3,0,0
BRDA:61,3,1,0
BRDA:62,4,0,0
BRDA:62,4,1,0
BRDA:89,5,0,0
BRDA:89,5,1,0
BRDA:109,6,0,0
BRDA:109,6,1,0
BRDA:137,7,0,0
BRDA:137,7,1,0
BRDA:139,8,0,0
BRDA:139,8,1,0
BRDA:146,9,0,0
BRDA:154,10,0,0
BRDA:154,10,1,0
BRDA:174,11,0,0
BRDA:191,12,0,0
BRDA:201,13,0,0
BRDA:201,13,1,0
BRF:25
BRH:0
end_of_record
TN:
SF:middleware\auth.js
FN:8,generateToken
FN:20,authenticateToken
FN:28,(anonymous_2)
FN:37,authorizeRole
FN:38,(anonymous_4)
FN:51,hashPassword
FN:56,comparePassword
FNF:7
FNH:7
FNDA:2,generateToken
FNDA:9,authenticateToken
FNDA:8,(anonymous_2)
FNDA:156,authorizeRole
FNDA:3,(anonymous_4)
FNDA:13,hashPassword
FNDA:2,comparePassword
DA:1,6
DA:2,6
DA:3,6
DA:5,6
DA:6,6
DA:9,2
DA:21,9
DA:22,9
DA:24,9
DA:25,1
DA:28,8
DA:29,8
DA:30,4
DA:32,4
DA:33,4
DA:38,156
DA:39,3
DA:40,0
DA:43,3
DA:44,1
DA:47,2
DA:52,13
DA:53,13
DA:57,2
DA:60,6
LF:25
LH:24
BRDA:5,0,0,6
BRDA:5,0,1,0
BRDA:6,1,0,6
BRDA:6,1,1,0
BRDA:22,2,0,9
BRDA:22,2,1,8
BRDA:24,3,0,1
BRDA:24,3,1,8
BRDA:29,4,0,4
BRDA:29,4,1,4
BRDA:39,5,0,0
BRDA:39,5,1,3
BRDA:43,6,0,1
BRDA:43,6,1,2
BRF:14
BRH:11
end_of_record
TN:
SF:middleware\error-handler-production.js
FN:9,(anonymous_0)
FN:19,(anonymous_1)
FN:26,(anonymous_2)
FN:32,(anonymous_3)
FN:38,(anonymous_4)
FN:44,(anonymous_5)
FN:50,(anonymous_6)
FN:56,(anonymous_7)
FN:64,(anonymous_8)
FN:72,(anonymous_9)
FN:171,(anonymous_10)
FN:180,(anonymous_11)
FN:180,(anonymous_12)
FN:185,(anonymous_13)
FN:204,(anonymous_14)
FN:205,(anonymous_15)
FN:212,(anonymous_16)
FNF:17
FNH:0
FNDA:0,(anonymous_0)
FNDA:0,(anonymous_1)
FNDA:0,(anonymous_2)
FNDA:0,(anonymous_3)
FNDA:0,(anonymous_4)
FNDA:0,(anonymous_5)
FNDA:0,(anonymous_6)
FNDA:0,(anonymous_7)
FNDA:0,(anonymous_8)
FNDA:0,(anonymous_9)
FNDA:0,(anonymous_10)
FNDA:0,(anonymous_11)
FNDA:0,(anonymous_12)
FNDA:0,(anonymous_13)
FNDA:0,(anonymous_14)
FNDA:0,(anonymous_15)
FNDA:0,(anonymous_16)
DA:6,0
DA:10,0
DA:11,0
DA:12,0
DA:13,0
DA:14,0
DA:20,0
DA:21,0
DA:27,0
DA:33,0
DA:39,0
DA:45,0
DA:51,0
DA:57,0
DA:58,0
DA:59,0
DA:65,0
DA:66,0
DA:67,0
DA:72,0
DA:74,0
DA:75,0
DA:76,0
DA:79,0
DA:80,0
DA:81,0
DA:82,0
DA:83,0
DA:84,0
DA:85,0
DA:86,0
DA:87,0
DA:88,0
DA:89,0
DA:90,0
DA:91,0
DA:92,0
DA:93,0
DA:94,0
DA:95,0
DA:96,0
DA:97,0
DA:98,0
DA:99,0
DA:100,0
DA:101,0
DA:102,0
DA:103,0
DA:104,0
DA:105,0
DA:106,0
DA:110,0
DA:134,0
DA:135,0
DA:136,0
DA:137,0
DA:141,0
DA:150,0
DA:151,0
DA:152,0
DA:156,0
DA:157,0
DA:161,0
DA:164,0
DA:166,0
DA:169,0
DA:171,0
DA:172,0
DA:173,0
DA:180,0
DA:181,0
DA:185,0
DA:186,0
DA:188,0
DA:194,0
DA:204,0
DA:205,0
DA:206,0
DA:211,0
DA:212,0
DA:217,0
DA:220,0
DA:221,0
DA:225,0
LF:84
LH:0
BRDA:9,0,0,0
BRDA:9,1,0,0
BRDA:19,2,0,0
BRDA:26,3,0,0
BRDA:32,4,0,0
BRDA:38,5,0,0
BRDA:44,6,0,0
BRDA:50,7,0,0
BRDA:56,8,0,0
BRDA:56,9,0,0
BRDA:64,10,0,0
BRDA:74,11,0,0
BRDA:74,11,1,0
BRDA:75,12,0,0
BRDA:75,12,1,0
BRDA:76,13,0,0
BRDA:76,13,1,0
BRDA:79,14,0,0
BRDA:79,14,1,0
BRDA:83,15,0,0
BRDA:83,15,1,0
BRDA:87,16,0,0
BRDA:87,16,1,0
BRDA:87,17,0,0
BRDA:87,17,1,0
BRDA:91,18,0,0
BRDA:91,18,1,0
BRDA:95,19,0,0
BRDA:95,19,1,0
BRDA:99,20,0,0
BRDA:99,20,1,0
BRDA:103,21,0,0
BRDA:103,21,1,0
BRDA:126,22,0,0
BRDA:126,22,1,0
BRDA:134,23,0,0
BRDA:134,23,1,0
BRDA:136,24,0,0
BRDA:136,24,1,0
BRDA:150,25,0,0
BRDA:150,25,1,0
BRDA:156,26,0,0
BRDA:156,26,1,0
BRDA:164,27,0,0
BRDA:164,27,1,0
BRDA:169,28,0,0
BRDA:169,28,1,0
BRDA:211,29,0,0
BRDA:211,29,1,0
BRF:49
BRH:0
end_of_record
TN:
SF:middleware\errorHandler.js
FN:18,errorHandler
FNF:1
FNH:0
FNDA:0,errorHandler
DA:1,5
DA:3,5
DA:12,5
DA:13,5
DA:19,0
DA:28,0
DA:29,0
DA:31,0
DA:40,5
LF:9
LH:5
BRDA:12,0,0,5
BRDA:12,0,1,0
BRDA:28,1,0,0
BRDA:28,1,1,0
BRDA:29,2,0,0
BRDA:29,2,1,0
BRDA:35,3,0,0
BRDA:35,3,1,0
BRF:8
BRH:1
end_of_record
TN:
SF:middleware\logger.js
FN:33,loggerMiddleware
FN:36,(anonymous_1)
FNF:2
FNH:0
FNDA:0,loggerMiddleware
FNDA:0,(anonymous_1)
DA:1,5
DA:2,5
DA:4,5
DA:24,5
DA:25,5
DA:34,0
DA:36,0
DA:37,0
DA:39,0
DA:49,0
DA:52,5
LF:11
LH:6
BRDA:5,0,0,5
BRDA:5,0,1,0
BRDA:24,1,0,5
BRDA:24,1,1,0
BRF:4
BRH:2
end_of_record
TN:
SF:models\CashlessCard.js
FNF:0
FNH:0
DA:1,8
DA:2,8
DA:4,8
DA:179,8
LF:4
LH:4
BRF:0
BRH:0
end_of_record
TN:
SF:models\EventManagement.js
FNF:0
FNH:0
DA:1,0
DA:2,0
DA:5,0
DA:192,0
DA:297,0
DA:425,0
DA:522,0
DA:595,0
DA:697,0
DA:771,0
DA:772,0
DA:775,0
DA:776,0
DA:779,0
DA:780,0
DA:783,0
DA:784,0
DA:787,0
DA:788,0
DA:791,0
DA:792,0
DA:795,0
DA:796,0
DA:798,0
LF:24
LH:0
BRF:0
BRH:0
end_of_record
TN:
SF:models\ProductMenu.js
FNF:0
FNH:0
DA:1,4
DA:2,4
DA:5,4
DA:37,4
DA:69,4
DA:274,4
DA:316,4
DA:317,4
DA:319,4
DA:320,4
DA:322,4
DA:323,4
DA:325,4
DA:326,4
DA:328,4
LF:15
LH:15
BRF:0
BRH:0
end_of_record
TN:
SF:models\SystemConfig.js
FNF:0
FNH:0
DA:1,8
DA:2,8
DA:4,8
DA:206,8
LF:4
LH:4
BRF:0
BRH:0
end_of_record
TN:
SF:models\Transaction.js
FNF:0
FNH:0
DA:1,0
DA:2,0
DA:4,0
DA:65,0
DA:107,0
DA:157,0
DA:158,0
DA:160,0
DA:161,0
DA:163,0
LF:10
LH:0
BRF:0
BRH:0
end_of_record
TN:
SF:models\index.js
FNF:0
FNH:0
DA:1,8
DA:2,8
DA:4,8
DA:33,8
DA:70,8
DA:100,8
DA:138,8
DA:183,8
DA:217,8
DA:250,8
DA:294,8
DA:333,8
DA:374,8
DA:375,8
DA:377,8
DA:378,8
DA:380,8
DA:381,8
DA:383,8
DA:384,8
DA:386,8
DA:387,8
DA:389,8
DA:390,8
DA:392,8
DA:393,8
DA:395,8
DA:396,8
DA:398,8
DA:399,8
DA:402,8
DA:403,8
DA:406,8
DA:407,8
DA:409,8
DA:410,8
DA:412,8
LF:37
LH:37
BRF:0
BRH:0
end_of_record
TN:
SF:routes\ai.js
FN:6,(anonymous_0)
FN:19,(anonymous_1)
FN:32,(anonymous_2)
FN:45,(anonymous_3)
FN:58,(anonymous_4)
FN:72,(anonymous_5)
FN:86,(anonymous_6)
FN:99,(anonymous_7)
FN:112,(anonymous_8)
FN:125,(anonymous_9)
FN:139,(anonymous_10)
FN:153,(anonymous_11)
FN:166,(anonymous_12)
FN:168,(anonymous_13)
FN:172,(anonymous_14)
FN:176,(anonymous_15)
FN:180,(anonymous_16)
FNF:17
FNH:0
FNDA:0,(anonymous_0)
FNDA:0,(anonymous_1)
FNDA:0,(anonymous_2)
FNDA:0,(anonymous_3)
FNDA:0,(anonymous_4)
FNDA:0,(anonymous_5)
FNDA:0,(anonymous_6)
FNDA:0,(anonymous_7)
FNDA:0,(anonymous_8)
FNDA:0,(anonymous_9)
FNDA:0,(anonymous_10)
FNDA:0,(anonymous_11)
FNDA:0,(anonymous_12)
FNDA:0,(anonymous_13)
FNDA:0,(anonymous_14)
FNDA:0,(anonymous_15)
FNDA:0,(anonymous_16)
DA:1,5
DA:2,5
DA:3,5
DA:6,5
DA:7,0
DA:8,0
DA:9,0
DA:14,0
DA:19,5
DA:20,0
DA:21,0
DA:22,0
DA:27,0
DA:32,5
DA:33,0
DA:34,0
DA:35,0
DA:40,0
DA:45,5
DA:46,0
DA:47,0
DA:48,0
DA:53,0
DA:58,5
DA:59,0
DA:60,0
DA:61,0
DA:62,0
DA:67,0
DA:72,5
DA:73,0
DA:74,0
DA:75,0
DA:76,0
DA:81,0
DA:86,5
DA:87,0
DA:88,0
DA:89,0
DA:94,0
DA:99,5
DA:100,0
DA:101,0
DA:102,0
DA:107,0
DA:112,5
DA:113,0
DA:114,0
DA:115,0
DA:120,0
DA:125,5
DA:126,0
DA:127,0
DA:128,0
DA:129,0
DA:134,0
DA:139,5
DA:140,0
DA:141,0
DA:142,0
DA:143,0
DA:148,0
DA:153,5
DA:154,0
DA:155,0
DA:156,0
DA:161,0
DA:166,5
DA:168,0
DA:169,0
DA:172,0
DA:173,0
DA:176,0
DA:177,0
DA:180,0
DA:181,0
DA:185,5
LF:77
LH:17
BRF:0
BRH:0
end_of_record
TN:
SF:routes\auth.js
FN:7,(anonymous_0)
FN:47,(anonymous_1)
FN:87,(anonymous_2)
FN:104,(anonymous_3)
FN:108,(anonymous_4)
FNF:5
FNH:0
FNDA:0,(anonymous_0)
FNDA:0,(anonymous_1)
FNDA:0,(anonymous_2)
FNDA:0,(anonymous_3)
FNDA:0,(anonymous_4)
DA:1,5
DA:2,5
DA:3,5
DA:4,5
DA:7,5
DA:8,0
DA:9,0
DA:11,0
DA:12,0
DA:15,0
DA:16,0
DA:17,0
DA:20,0
DA:22,0
DA:29,0
DA:31,0
DA:42,0
DA:43,0
DA:47,5
DA:48,0
DA:49,0
DA:51,0
DA:52,0
DA:55,0
DA:56,0
DA:57,0
DA:60,0
DA:61,0
DA:62,0
DA:65,0
DA:66,0
DA:69,0
DA:71,0
DA:82,0
DA:83,0
DA:87,5
DA:88,0
DA:89,0
DA:91,0
DA:92,0
DA:95,0
DA:100,0
DA:104,5
DA:105,0
DA:108,5
DA:109,0
DA:110,0
DA:112,0
DA:113,0
DA:114,0
DA:117,0
DA:119,0
DA:123,5
LF:53
LH:10
BRDA:11,0,0,0
BRDA:11,0,1,0
BRDA:11,1,0,0
BRDA:11,1,1,0
BRDA:11,1,2,0
BRDA:16,2,0,0
BRDA:16,2,1,0
BRDA:26,3,0,0
BRDA:26,3,1,0
BRDA:51,4,0,0
BRDA:51,4,1,0
BRDA:51,5,0,0
BRDA:51,5,1,0
BRDA:56,6,0,0
BRDA:56,6,1,0
BRDA:61,7,0,0
BRDA:61,7,1,0
BRDA:65,8,0,0
BRDA:65,8,1,0
BRDA:91,9,0,0
BRDA:91,9,1,0
BRDA:113,10,0,0
BRDA:113,10,1,0
BRF:23
BRH:0
end_of_record
TN:
SF:routes\business-intelligence.js
FN:8,(anonymous_0)
FN:44,(anonymous_1)
FN:73,(anonymous_2)
FN:74,(anonymous_3)
FN:76,(anonymous_4)
FN:85,(anonymous_5)
FN:143,(anonymous_6)
FN:180,(anonymous_7)
FN:219,(anonymous_8)
FN:255,(anonymous_9)
FN:261,(anonymous_10)
FN:275,(anonymous_11)
FN:308,(anonymous_12)
FN:331,(anonymous_13)
FN:371,getDateFilter
FN:387,generateForecast
FN:388,(anonymous_16)
FN:391,(anonymous_17)
FN:398,generateInsights
FN:406,calculateChurnRate
FN:410,getCustomerSegmentation
FN:419,getCohortAnalysis
FN:426,getCategoryPerformance
FN:435,calculateProfitability
FN:436,(anonymous_24)
FN:443,compareEvents
FN:446,(anonymous_26)
FN:451,getSeasonalTrends
FN:460,generateAdvancedForecast
FN:462,(anonymous_29)
FN:479,identifyChurnRisk
FN:487,groupByRiskLevel
FN:489,(anonymous_32)
FN:490,(anonymous_33)
FN:491,(anonymous_34)
FNF:35
FNH:0
FNDA:0,(anonymous_0)
FNDA:0,(anonymous_1)
FNDA:0,(anonymous_2)
FNDA:0,(anonymous_3)
FNDA:0,(anonymous_4)
FNDA:0,(anonymous_5)
FNDA:0,(anonymous_6)
FNDA:0,(anonymous_7)
FNDA:0,(anonymous_8)
FNDA:0,(anonymous_9)
FNDA:0,(anonymous_10)
FNDA:0,(anonymous_11)
FNDA:0,(anonymous_12)
FNDA:0,(anonymous_13)
FNDA:0,getDateFilter
FNDA:0,generateForecast
FNDA:0,(anonymous_16)
FNDA:0,(anonymous_17)
FNDA:0,generateInsights
FNDA:0,calculateChurnRate
FNDA:0,getCustomerSegmentation
FNDA:0,getCohortAnalysis
FNDA:0,getCategoryPerformance
FNDA:0,calculateProfitability
FNDA:0,(anonymous_24)
FNDA:0,compareEvents
FNDA:0,(anonymous_26)
FNDA:0,getSeasonalTrends
FNDA:0,generateAdvancedForecast
FNDA:0,(anonymous_29)
FNDA:0,identifyChurnRisk
FNDA:0,groupByRiskLevel
FNDA:0,(anonymous_32)
FNDA:0,(anonymous_33)
FNDA:0,(anonymous_34)
DA:1,5
DA:2,5
DA:3,5
DA:4,5
DA:5,5
DA:6,5
DA:8,5
DA:9,0
DA:10,0
DA:37,0
DA:39,0
DA:40,0
DA:44,5
DA:45,0
DA:46,0
DA:48,0
DA:50,0
DA:65,0
DA:66,0
DA:68,0
DA:73,0
DA:74,0
DA:76,0
DA:80,0
DA:81,0
DA:85,5
DA:86,0
DA:93,0
DA:118,0
DA:119,0
DA:121,0
DA:138,0
DA:139,0
DA:143,5
DA:144,0
DA:145,0
DA:161,0
DA:162,0
DA:164,0
DA:175,0
DA:176,0
DA:180,5
DA:181,0
DA:182,0
DA:200,0
DA:201,0
DA:203,0
DA:214,0
DA:215,0
DA:219,5
DA:220,0
DA:221,0
DA:223,0
DA:238,0
DA:240,0
DA:250,0
DA:251,0
DA:255,5
DA:256,0
DA:257,0
DA:259,0
DA:261,0
DA:270,0
DA:271,0
DA:275,5
DA:276,0
DA:277,0
DA:301,0
DA:303,0
DA:304,0
DA:308,5
DA:309,0
DA:310,0
DA:312,0
DA:324,0
DA:326,0
DA:327,0
DA:331,5
DA:332,0
DA:333,0
DA:364,0
DA:366,0
DA:367,0
DA:372,0
DA:373,0
DA:375,0
DA:377,0
DA:379,0
DA:381,0
DA:383,0
DA:388,0
DA:389,0
DA:391,0
DA:399,0
DA:407,0
DA:411,0
DA:420,0
DA:427,0
DA:436,0
DA:444,0
DA:446,0
DA:452,0
DA:461,0
DA:462,0
DA:464,0
DA:465,0
DA:466,0
DA:468,0
DA:476,0
DA:480,0
DA:488,0
DA:489,0
DA:490,0
DA:491,0
DA:495,5
LF:115
LH:17
BRDA:46,0,0,0
BRDA:46,1,0,0
BRDA:75,2,0,0
BRDA:75,2,1,0
BRDA:126,3,0,0
BRDA:126,3,1,0
BRDA:221,4,0,0
BRDA:373,5,0,0
BRDA:373,5,1,0
BRDA:373,5,2,0
BRDA:373,5,3,0
BRDA:373,5,4,0
BRDA:446,6,0,0
BRDA:446,6,1,0
BRF:14
BRH:0
end_of_record
TN:
SF:routes\cashless.js
FN:10,(anonymous_0)
FN:132,(anonymous_1)
FN:160,(anonymous_2)
FN:216,(anonymous_3)
FN:319,(anonymous_4)
FN:385,(anonymous_5)
FN:416,(anonymous_6)
FN:464,(anonymous_7)
FN:489,(anonymous_8)
FN:490,(anonymous_9)
FN:504,(anonymous_10)
FNF:11
FNH:0
FNDA:0,(anonymous_0)
FNDA:0,(anonymous_1)
FNDA:0,(anonymous_2)
FNDA:0,(anonymous_3)
FNDA:0,(anonymous_4)
FNDA:0,(anonymous_5)
FNDA:0,(anonymous_6)
FNDA:0,(anonymous_7)
FNDA:0,(anonymous_8)
FNDA:0,(anonymous_9)
FNDA:0,(anonymous_10)
DA:1,5
DA:2,5
DA:3,5
DA:4,5
DA:5,5
DA:6,5
DA:7,5
DA:10,5
DA:11,0
DA:13,0
DA:24,0
DA:27,0
DA:30,0
DA:31,0
DA:33,0
DA:34,0
DA:36,0
DA:37,0
DA:39,0
DA:40,0
DA:44,0
DA:48,0
DA:49,0
DA:53,0
DA:57,0
DA:58,0
DA:69,0
DA:71,0
DA:88,0
DA:106,0
DA:107,0
DA:118,0
DA:120,0
DA:125,0
DA:126,0
DA:127,0
DA:132,5
DA:133,0
DA:134,0
DA:136,0
DA:140,0
DA:141,0
DA:144,0
DA:154,0
DA:155,0
DA:160,5
DA:161,0
DA:163,0
DA:164,0
DA:165,0
DA:167,0
DA:168,0
DA:172,0
DA:173,0
DA:176,0
DA:177,0
DA:180,0
DA:182,0
DA:183,0
DA:186,0
DA:191,0
DA:201,0
DA:203,0
DA:209,0
DA:210,0
DA:211,0
DA:216,5
DA:217,0
DA:219,0
DA:220,0
DA:221,0
DA:223,0
DA:224,0
DA:228,0
DA:229,0
DA:232,0
DA:233,0
DA:237,0
DA:238,0
DA:239,0
DA:240,0
DA:241,0
DA:243,0
DA:247,0
DA:248,0
DA:251,0
DA:252,0
DA:256,0
DA:267,0
DA:268,0
DA:269,0
DA:278,0
DA:285,0
DA:286,0
DA:287,0
DA:291,0
DA:292,0
DA:300,0
DA:302,0
DA:312,0
DA:313,0
DA:314,0
DA:319,5
DA:320,0
DA:322,0
DA:323,0
DA:324,0
DA:326,0
DA:327,0
DA:332,0
DA:333,0
DA:336,0
DA:339,0
DA:350,0
DA:357,0
DA:358,0
DA:362,0
DA:363,0
DA:366,0
DA:368,0
DA:370,0
DA:378,0
DA:379,0
DA:380,0
DA:385,5
DA:386,0
DA:387,0
DA:388,0
DA:390,0
DA:394,0
DA:395,0
DA:398,0
DA:404,0
DA:410,0
DA:411,0
DA:416,5
DA:417,0
DA:419,0
DA:420,0
DA:422,0
DA:426,0
DA:430,0
DA:431,0
DA:434,0
DA:435,0
DA:438,0
DA:443,0
DA:448,0
DA:450,0
DA:457,0
DA:458,0
DA:459,0
DA:464,5
DA:465,0
DA:466,0
DA:468,0
DA:469,0
DA:470,0
DA:473,0
DA:487,0
DA:489,0
DA:490,0
DA:493,0
DA:498,0
DA:499,0
DA:504,5
DA:505,0
DA:506,0
DA:508,0
DA:512,0
DA:513,0
DA:516,0
DA:529,0
DA:537,0
DA:538,0
DA:542,5
LF:176
LH:17
BRDA:30,0,0,0
BRDA:30,0,1,0
BRDA:30,1,0,0
BRDA:30,1,1,0
BRDA:33,2,0,0
BRDA:33,2,1,0
BRDA:33,3,0,0
BRDA:33,3,1,0
BRDA:36,4,0,0
BRDA:36,4,1,0
BRDA:36,5,0,0
BRDA:36,5,1,0
BRDA:39,6,0,0
BRDA:39,6,1,0
BRDA:39,7,0,0
BRDA:39,7,1,0
BRDA:48,8,0,0
BRDA:48,8,1,0
BRDA:48,9,0,0
BRDA:48,9,1,0
BRDA:57,10,0,0
BRDA:57,10,1,0
BRDA:63,11,0,0
BRDA:63,11,1,0
BRDA:69,12,0,0
BRDA:69,12,1,0
BRDA:78,13,0,0
BRDA:78,13,1,0
BRDA:79,14,0,0
BRDA:79,14,1,0
BRDA:96,15,0,0
BRDA:96,15,1,0
BRDA:97,16,0,0
BRDA:97,16,1,0
BRDA:106,17,0,0
BRDA:106,17,1,0
BRDA:140,18,0,0
BRDA:140,18,1,0
BRDA:172,19,0,0
BRDA:172,19,1,0
BRDA:176,20,0,0
BRDA:176,20,1,0
BRDA:182,21,0,0
BRDA:182,21,1,0
BRDA:221,22,0,0
BRDA:228,23,0,0
BRDA:228,23,1,0
BRDA:232,24,0,0
BRDA:232,24,1,0
BRDA:240,25,0,0
BRDA:240,25,1,0
BRDA:251,26,0,0
BRDA:251,26,1,0
BRDA:251,27,0,0
BRDA:251,27,1,0
BRDA:286,28,0,0
BRDA:286,28,1,0
BRDA:286,29,0,0
BRDA:286,29,1,0
BRDA:324,30,0,0
BRDA:332,31,0,0
BRDA:332,31,1,0
BRDA:357,32,0,0
BRDA:357,32,1,0
BRDA:357,33,0,0
BRDA:357,33,1,0
BRDA:362,34,0,0
BRDA:362,34,1,0
BRDA:373,35,0,0
BRDA:373,35,1,0
BRDA:394,36,0,0
BRDA:394,36,1,0
BRDA:400,37,0,0
BRDA:400,37,1,0
BRDA:405,38,0,0
BRDA:405,38,1,0
BRDA:430,39,0,0
BRDA:430,39,1,0
BRDA:430,40,0,0
BRDA:430,40,1,0
BRDA:434,41,0,0
BRDA:434,41,1,0
BRDA:469,42,0,0
BRDA:469,42,1,0
BRDA:512,43,0,0
BRDA:512,43,1,0
BRF:86
BRH:0
end_of_record
TN:
SF:routes\clients.js
FN:7,(anonymous_0)
FN:43,(anonymous_1)
FN:64,(anonymous_2)
FN:90,(anonymous_3)
FN:106,(anonymous_4)
FN:122,(anonymous_5)
FN:144,(anonymous_6)
FN:170,(anonymous_7)
FN:188,(anonymous_8)
FN:210,(anonymous_9)
FNF:10
FNH:0
FNDA:0,(anonymous_0)
FNDA:0,(anonymous_1)
FNDA:0,(anonymous_2)
FNDA:0,(anonymous_3)
FNDA:0,(anonymous_4)
FNDA:0,(anonymous_5)
FNDA:0,(anonymous_6)
FNDA:0,(anonymous_7)
FNDA:0,(anonymous_8)
FNDA:0,(anonymous_9)
DA:1,5
DA:2,5
DA:3,5
DA:4,5
DA:5,5
DA:7,5
DA:8,0
DA:9,0
DA:10,0
DA:12,0
DA:13,0
DA:14,0
DA:20,0
DA:21,0
DA:24,0
DA:31,0
DA:38,0
DA:39,0
DA:43,5
DA:44,0
DA:45,0
DA:53,0
DA:54,0
DA:57,0
DA:59,0
DA:60,0
DA:64,5
DA:65,0
DA:66,0
DA:68,0
DA:69,0
DA:70,0
DA:71,0
DA:75,0
DA:83,0
DA:85,0
DA:86,0
DA:90,5
DA:91,0
DA:92,0
DA:94,0
DA:95,0
DA:98,0
DA:99,0
DA:101,0
DA:102,0
DA:106,5
DA:107,0
DA:108,0
DA:110,0
DA:111,0
DA:114,0
DA:115,0
DA:117,0
DA:118,0
DA:122,5
DA:123,0
DA:124,0
DA:125,0
DA:127,0
DA:128,0
DA:131,0
DA:132,0
DA:134,0
DA:139,0
DA:140,0
DA:144,5
DA:145,0
DA:146,0
DA:147,0
DA:149,0
DA:150,0
DA:153,0
DA:154,0
DA:157,0
DA:158,0
DA:160,0
DA:165,0
DA:166,0
DA:170,5
DA:171,0
DA:172,0
DA:181,0
DA:183,0
DA:184,0
DA:188,5
DA:189,0
DA:190,0
DA:191,0
DA:193,0
DA:194,0
DA:197,0
DA:198,0
DA:200,0
DA:205,0
DA:206,0
DA:210,5
DA:211,0
DA:212,0
DA:213,0
DA:215,0
DA:216,0
DA:219,0
DA:220,0
DA:222,0
DA:227,0
DA:228,0
DA:232,5
LF:108
LH:16
BRDA:9,0,0,0
BRDA:9,1,0,0
BRDA:13,2,0,0
BRDA:13,2,1,0
BRDA:20,3,0,0
BRDA:20,3,1,0
BRDA:53,4,0,0
BRDA:53,4,1,0
BRDA:68,5,0,0
BRDA:68,5,1,0
BRDA:70,6,0,0
BRDA:70,6,1,0
BRDA:80,7,0,0
BRDA:80,7,1,0
BRDA:94,8,0,0
BRDA:94,8,1,0
BRDA:110,9,0,0
BRDA:110,9,1,0
BRDA:127,10,0,0
BRDA:127,10,1,0
BRDA:149,11,0,0
BRDA:149,11,1,0
BRDA:153,12,0,0
BRDA:153,12,1,0
BRDA:193,13,0,0
BRDA:193,13,1,0
BRDA:215,14,0,0
BRDA:215,14,1,0
BRF:28
BRH:0
end_of_record
TN:
SF:routes\config.js
FN:6,(anonymous_0)
FN:42,(anonymous_1)
FN:63,(anonymous_2)
FN:80,(anonymous_3)
FN:96,(anonymous_4)
FN:112,(anonymous_5)
FNF:6
FNH:0
FNDA:0,(anonymous_0)
FNDA:0,(anonymous_1)
FNDA:0,(anonymous_2)
FNDA:0,(anonymous_3)
FNDA:0,(anonymous_4)
FNDA:0,(anonymous_5)
DA:1,5
DA:2,5
DA:3,5
DA:6,5
DA:7,0
DA:8,0
DA:10,0
DA:12,0
DA:34,0
DA:36,0
DA:37,0
DA:42,5
DA:43,0
DA:44,0
DA:46,0
DA:47,0
DA:49,0
DA:52,0
DA:57,0
DA:58,0
DA:63,5
DA:64,0
DA:66,0
DA:72,0
DA:74,0
DA:75,0
DA:80,5
DA:81,0
DA:82,0
DA:85,0
DA:90,0
DA:91,0
DA:96,5
DA:97,0
DA:112,5
DA:113,0
DA:132,5
LF:37
LH:10
BRDA:10,0,0,0
BRDA:10,0,1,0
BRDA:46,1,0,0
BRDA:46,1,1,0
BRF:4
BRH:0
end_of_record
TN:
SF:routes\dashboard.js
FN:8,(anonymous_0)
FN:64,(anonymous_1)
FN:106,(anonymous_2)
FN:142,(anonymous_3)
FN:155,(anonymous_4)
FN:155,(anonymous_5)
FN:156,(anonymous_6)
FN:156,(anonymous_7)
FN:172,(anonymous_8)
FNF:9
FNH:0
FNDA:0,(anonymous_0)
FNDA:0,(anonymous_1)
FNDA:0,(anonymous_2)
FNDA:0,(anonymous_3)
FNDA:0,(anonymous_4)
FNDA:0,(anonymous_5)
FNDA:0,(anonymous_6)
FNDA:0,(anonymous_7)
FNDA:0,(anonymous_8)
DA:1,5
DA:2,5
DA:3,5
DA:4,5
DA:5,5
DA:6,5
DA:8,5
DA:9,0
DA:10,0
DA:11,0
DA:13,0
DA:14,0
DA:17,0
DA:18,0
DA:27,0
DA:45,0
DA:56,0
DA:57,0
DA:59,0
DA:60,0
DA:64,5
DA:65,0
DA:66,0
DA:69,0
DA:71,0
DA:73,0
DA:74,0
DA:76,0
DA:77,0
DA:79,0
DA:80,0
DA:82,0
DA:85,0
DA:99,0
DA:101,0
DA:102,0
DA:106,5
DA:107,0
DA:108,0
DA:135,0
DA:137,0
DA:138,0
DA:142,5
DA:143,0
DA:144,0
DA:146,0
DA:148,0
DA:154,0
DA:155,0
DA:156,0
DA:160,0
DA:162,0
DA:167,0
DA:168,0
DA:172,5
DA:173,0
DA:174,0
DA:182,0
DA:184,0
DA:185,0
DA:189,5
LF:61
LH:12
BRDA:13,0,0,0
BRDA:13,0,1,0
BRDA:46,1,0,0
BRDA:46,1,1,0
BRDA:47,2,0,0
BRDA:47,2,1,0
BRDA:52,3,0,0
BRDA:52,3,1,0
BRDA:66,4,0,0
BRDA:71,5,0,0
BRDA:71,5,1,0
BRDA:71,5,2,0
BRDA:71,5,3,0
BRDA:111,6,0,0
BRDA:111,6,1,0
BRDA:146,7,0,0
BRDA:146,7,1,0
BRF:17
BRH:0
end_of_record
TN:
SF:routes\events.js
FN:19,(anonymous_0)
FN:88,(anonymous_1)
FN:131,(anonymous_2)
FN:198,(anonymous_3)
FN:221,(anonymous_4)
FN:241,(anonymous_5)
FN:261,(anonymous_6)
FN:352,(anonymous_7)
FN:368,(anonymous_8)
FN:405,(anonymous_9)
FN:516,(anonymous_10)
FN:565,(anonymous_11)
FN:601,(anonymous_12)
FN:628,(anonymous_13)
FN:703,(anonymous_14)
FN:740,(anonymous_15)
FNF:16
FNH:0
FNDA:0,(anonymous_0)
FNDA:0,(anonymous_1)
FNDA:0,(anonymous_2)
FNDA:0,(anonymous_3)
FNDA:0,(anonymous_4)
FNDA:0,(anonymous_5)
FNDA:0,(anonymous_6)
FNDA:0,(anonymous_7)
FNDA:0,(anonymous_8)
FNDA:0,(anonymous_9)
FNDA:0,(anonymous_10)
FNDA:0,(anonymous_11)
FNDA:0,(anonymous_12)
FNDA:0,(anonymous_13)
FNDA:0,(anonymous_14)
FNDA:0,(anonymous_15)
DA:1,0
DA:2,0
DA:3,0
DA:4,0
DA:5,0
DA:14,0
DA:19,0
DA:20,0
DA:30,0
DA:32,0
DA:34,0
DA:35,0
DA:36,0
DA:38,0
DA:39,0
DA:40,0
DA:41,0
DA:44,0
DA:45,0
DA:52,0
DA:54,0
DA:75,0
DA:82,0
DA:83,0
DA:88,0
DA:89,0
DA:91,0
DA:92,0
DA:95,0
DA:101,0
DA:104,0
DA:110,0
DA:111,0
DA:117,0
DA:119,0
DA:124,0
DA:125,0
DA:126,0
DA:131,0
DA:132,0
DA:133,0
DA:162,0
DA:163,0
DA:167,0
DA:176,0
DA:177,0
DA:178,0
DA:179,0
DA:182,0
DA:183,0
DA:187,0
DA:192,0
DA:193,0
DA:198,0
DA:199,0
DA:200,0
DA:202,0
DA:203,0
DA:206,0
DA:208,0
DA:213,0
DA:214,0
DA:221,0
DA:222,0
DA:223,0
DA:224,0
DA:226,0
DA:228,0
DA:230,0
DA:235,0
DA:236,0
DA:241,0
DA:242,0
DA:243,0
DA:251,0
DA:253,0
DA:254,0
DA:261,0
DA:262,0
DA:264,0
DA:265,0
DA:275,0
DA:278,0
DA:286,0
DA:287,0
DA:290,0
DA:291,0
DA:292,0
DA:296,0
DA:297,0
DA:299,0
DA:300,0
DA:303,0
DA:305,0
DA:307,0
DA:325,0
DA:329,0
DA:335,0
DA:341,0
DA:347,0
DA:349,0
DA:352,0
DA:361,0
DA:362,0
DA:363,0
DA:368,0
DA:369,0
DA:370,0
DA:388,0
DA:389,0
DA:392,0
DA:397,0
DA:398,0
DA:405,0
DA:406,0
DA:408,0
DA:418,0
DA:421,0
DA:426,0
DA:427,0
DA:430,0
DA:431,0
DA:434,0
DA:435,0
DA:439,0
DA:440,0
DA:441,0
DA:443,0
DA:444,0
DA:447,0
DA:448,0
DA:452,0
DA:468,0
DA:476,0
DA:482,0
DA:483,0
DA:492,0
DA:494,0
DA:506,0
DA:507,0
DA:508,0
DA:516,0
DA:517,0
DA:523,0
DA:525,0
DA:527,0
DA:529,0
DA:530,0
DA:537,0
DA:539,0
DA:550,0
DA:557,0
DA:558,0
DA:565,0
DA:566,0
DA:567,0
DA:576,0
DA:578,0
DA:590,0
DA:595,0
DA:596,0
DA:601,0
DA:602,0
DA:603,0
DA:618,0
DA:620,0
DA:621,0
DA:628,0
DA:629,0
DA:630,0
DA:632,0
DA:639,0
DA:640,0
DA:650,0
DA:698,0
DA:703,0
DA:712,0
DA:734,0
DA:735,0
DA:740,0
DA:741,0
DA:742,0
DA:744,0
DA:760,0
DA:761,0
DA:764,0
DA:766,0
DA:767,0
DA:770,0
DA:773,0
DA:774,0
DA:778,0
LF:192
LH:0
BRDA:28,0,0,0
BRDA:29,1,0,0
BRDA:34,2,0,0
BRDA:34,2,1,0
BRDA:35,3,0,0
BRDA:35,3,1,0
BRDA:36,4,0,0
BRDA:36,4,1,0
BRDA:38,5,0,0
BRDA:38,5,1,0
BRDA:38,6,0,0
BRDA:38,6,1,0
BRDA:40,7,0,0
BRDA:40,7,1,0
BRDA:41,8,0,0
BRDA:41,8,1,0
BRDA:44,9,0,0
BRDA:44,9,1,0
BRDA:162,10,0,0
BRDA:162,10,1,0
BRDA:183,11,0,0
BRDA:183,11,1,0
BRDA:202,12,0,0
BRDA:202,12,1,0
BRDA:274,13,0,0
BRDA:286,14,0,0
BRDA:286,14,1,0
BRDA:291,15,0,0
BRDA:291,15,1,0
BRDA:305,16,0,0
BRDA:305,16,1,0
BRDA:317,17,0,0
BRDA:317,17,1,0
BRDA:318,18,0,0
BRDA:318,18,1,0
BRDA:388,19,0,0
BRDA:388,19,1,0
BRDA:393,20,0,0
BRDA:393,20,1,0
BRDA:415,21,0,0
BRDA:416,22,0,0
BRDA:426,23,0,0
BRDA:426,23,1,0
BRDA:430,24,0,0
BRDA:430,24,1,0
BRDA:434,25,0,0
BRDA:434,25,1,0
BRDA:443,26,0,0
BRDA:443,26,1,0
BRDA:447,27,0,0
BRDA:447,27,1,0
BRDA:482,28,0,0
BRDA:482,28,1,0
BRDA:519,29,0,0
BRDA:520,30,0,0
BRDA:527,31,0,0
BRDA:527,31,1,0
BRDA:529,32,0,0
BRDA:529,32,1,0
BRDA:639,33,0,0
BRDA:639,33,1,0
BRDA:698,34,0,0
BRDA:698,34,1,0
BRDA:707,35,0,0
BRDA:707,35,1,0
BRDA:742,36,0,0
BRDA:760,37,0,0
BRDA:760,37,1,0
BRDA:764,38,0,0
BRDA:764,38,1,0
BRF:70
BRH:0
end_of_record
TN:
SF:routes\finance.js
FN:9,(anonymous_0)
FN:50,(anonymous_1)
FN:71,(anonymous_2)
FN:93,(anonymous_3)
FN:117,(anonymous_4)
FN:129,(anonymous_5)
FN:147,(anonymous_6)
FN:172,(anonymous_7)
FN:186,(anonymous_8)
FN:214,(anonymous_9)
FN:236,(anonymous_10)
FN:255,(anonymous_11)
FN:259,(anonymous_12)
FN:279,(anonymous_13)
FN:283,(anonymous_14)
FN:300,(anonymous_15)
FN:323,(anonymous_16)
FNF:17
FNH:0
FNDA:0,(anonymous_0)
FNDA:0,(anonymous_1)
FNDA:0,(anonymous_2)
FNDA:0,(anonymous_3)
FNDA:0,(anonymous_4)
FNDA:0,(anonymous_5)
FNDA:0,(anonymous_6)
FNDA:0,(anonymous_7)
FNDA:0,(anonymous_8)
FNDA:0,(anonymous_9)
FNDA:0,(anonymous_10)
FNDA:0,(anonymous_11)
FNDA:0,(anonymous_12)
FNDA:0,(anonymous_13)
FNDA:0,(anonymous_14)
FNDA:0,(anonymous_15)
FNDA:0,(anonymous_16)
DA:1,5
DA:2,5
DA:3,5
DA:4,5
DA:5,5
DA:6,5
DA:7,5
DA:9,5
DA:10,0
DA:11,0
DA:18,0
DA:25,0
DA:32,0
DA:45,0
DA:46,0
DA:50,5
DA:51,0
DA:52,0
DA:54,0
DA:64,0
DA:66,0
DA:67,0
DA:71,5
DA:72,0
DA:73,0
DA:75,0
DA:76,0
DA:79,0
DA:80,0
DA:81,0
DA:83,0
DA:88,0
DA:89,0
DA:93,5
DA:94,0
DA:95,0
DA:97,0
DA:107,0
DA:112,0
DA:113,0
DA:117,5
DA:118,0
DA:119,0
DA:121,0
DA:129,0
DA:130,0
DA:131,0
DA:133,0
DA:142,0
DA:143,0
DA:147,5
DA:148,0
DA:149,0
DA:165,0
DA:167,0
DA:168,0
DA:172,5
DA:173,0
DA:174,0
DA:176,0
DA:181,0
DA:182,0
DA:186,5
DA:187,0
DA:188,0
DA:207,0
DA:209,0
DA:210,0
DA:214,5
DA:215,0
DA:216,0
DA:218,0
DA:229,0
DA:231,0
DA:232,0
DA:236,5
DA:237,0
DA:238,0
DA:248,0
DA:250,0
DA:251,0
DA:255,5
DA:256,0
DA:257,0
DA:259,0
DA:261,0
DA:272,0
DA:274,0
DA:275,0
DA:279,5
DA:280,0
DA:281,0
DA:283,0
DA:285,0
DA:286,0
DA:289,0
DA:295,0
DA:296,0
DA:300,5
DA:301,0
DA:302,0
DA:304,0
DA:313,0
DA:318,0
DA:319,0
DA:323,5
DA:324,0
DA:325,0
DA:354,0
DA:356,0
DA:357,0
DA:361,5
LF:112
LH:22
BRDA:7,0,0,5
BRDA:7,0,1,5
BRDA:39,1,0,0
BRDA:39,1,1,0
BRDA:40,2,0,0
BRDA:40,2,1,0
BRDA:41,3,0,0
BRDA:41,3,1,0
BRDA:42,4,0,0
BRDA:42,4,1,0
BRDA:42,5,0,0
BRDA:42,5,1,0
BRDA:75,6,0,0
BRDA:75,6,1,0
BRDA:119,7,0,0
BRDA:216,8,0,0
BRDA:285,9,0,0
BRDA:285,9,1,0
BRF:18
BRH:2
end_of_record
TN:
SF:routes\health.js
FN:14,(anonymous_0)
FN:128,(anonymous_1)
FN:133,(anonymous_2)
FN:143,(anonymous_3)
FNF:4
FNH:0
FNDA:0,(anonymous_0)
FNDA:0,(anonymous_1)
FNDA:0,(anonymous_2)
FNDA:0,(anonymous_3)
DA:6,0
DA:7,0
DA:8,0
DA:9,0
DA:10,0
DA:11,0
DA:14,0
DA:15,0
DA:16,0
DA:23,0
DA:25,0
DA:26,0
DA:27,0
DA:28,0
DA:35,0
DA:40,0
DA:44,0
DA:45,0
DA:46,0
DA:47,0
DA:48,0
DA:49,0
DA:55,0
DA:60,0
DA:64,0
DA:65,0
DA:66,0
DA:67,0
DA:69,0
DA:78,0
DA:79,0
DA:83,0
DA:84,0
DA:85,0
DA:96,0
DA:102,0
DA:109,0
DA:112,0
DA:113,0
DA:114,0
DA:116,0
DA:119,0
DA:128,0
DA:129,0
DA:133,0
DA:134,0
DA:135,0
DA:136,0
DA:138,0
DA:143,0
DA:144,0
DA:153,0
LF:52
LH:0
BRDA:50,0,0,0
BRDA:50,0,1,0
BRDA:70,1,0,0
BRDA:70,1,1,0
BRDA:78,2,0,0
BRDA:78,2,1,0
BRDA:86,3,0,0
BRDA:86,3,1,0
BRDA:103,4,0,0
BRDA:103,4,1,0
BRDA:104,5,0,0
BRDA:104,5,1,0
BRDA:105,6,0,0
BRDA:105,6,1,0
BRDA:113,7,0,0
BRDA:113,7,1,0
BRDA:114,8,0,0
BRDA:114,8,1,0
BRDA:146,9,0,0
BRDA:146,9,1,0
BRF:20
BRH:0
end_of_record
TN:
SF:routes\inventory.js
FN:8,(anonymous_0)
FN:44,(anonymous_1)
FN:65,(anonymous_2)
FN:93,(anonymous_3)
FN:109,(anonymous_4)
FN:125,(anonymous_5)
FN:162,(anonymous_6)
FN:204,(anonymous_7)
FN:242,(anonymous_8)
FN:249,(anonymous_9)
FN:253,(anonymous_10)
FN:257,(anonymous_11)
FN:258,(anonymous_12)
FN:264,(anonymous_13)
FN:277,(anonymous_14)
FN:314,(anonymous_15)
FN:337,(anonymous_16)
FNF:17
FNH:0
FNDA:0,(anonymous_0)
FNDA:0,(anonymous_1)
FNDA:0,(anonymous_2)
FNDA:0,(anonymous_3)
FNDA:0,(anonymous_4)
FNDA:0,(anonymous_5)
FNDA:0,(anonymous_6)
FNDA:0,(anonymous_7)
FNDA:0,(anonymous_8)
FNDA:0,(anonymous_9)
FNDA:0,(anonymous_10)
FNDA:0,(anonymous_11)
FNDA:0,(anonymous_12)
FNDA:0,(anonymous_13)
FNDA:0,(anonymous_14)
FNDA:0,(anonymous_15)
FNDA:0,(anonymous_16)
DA:1,5
DA:2,5
DA:3,5
DA:4,5
DA:5,5
DA:6,5
DA:8,5
DA:9,0
DA:10,0
DA:11,0
DA:13,0
DA:14,0
DA:15,0
DA:20,0
DA:21,0
DA:22,0
DA:25,0
DA:32,0
DA:39,0
DA:40,0
DA:44,5
DA:45,0
DA:46,0
DA:54,0
DA:55,0
DA:58,0
DA:60,0
DA:61,0
DA:65,5
DA:66,0
DA:67,0
DA:69,0
DA:70,0
DA:71,0
DA:72,0
DA:76,0
DA:86,0
DA:88,0
DA:89,0
DA:93,5
DA:94,0
DA:95,0
DA:97,0
DA:98,0
DA:101,0
DA:102,0
DA:104,0
DA:105,0
DA:109,5
DA:110,0
DA:111,0
DA:113,0
DA:114,0
DA:117,0
DA:118,0
DA:120,0
DA:121,0
DA:125,5
DA:126,0
DA:128,0
DA:129,0
DA:131,0
DA:132,0
DA:133,0
DA:134,0
DA:137,0
DA:138,0
DA:140,0
DA:148,0
DA:150,0
DA:156,0
DA:157,0
DA:158,0
DA:162,5
DA:163,0
DA:165,0
DA:166,0
DA:168,0
DA:169,0
DA:170,0
DA:171,0
DA:174,0
DA:175,0
DA:176,0
DA:179,0
DA:180,0
DA:182,0
DA:190,0
DA:192,0
DA:198,0
DA:199,0
DA:200,0
DA:204,5
DA:205,0
DA:207,0
DA:208,0
DA:210,0
DA:211,0
DA:212,0
DA:213,0
DA:216,0
DA:217,0
DA:218,0
DA:220,0
DA:228,0
DA:230,0
DA:236,0
DA:237,0
DA:238,0
DA:242,5
DA:243,0
DA:244,0
DA:249,0
DA:250,0
DA:253,0
DA:254,0
DA:257,0
DA:258,0
DA:260,0
DA:264,0
DA:272,0
DA:273,0
DA:277,5
DA:278,0
DA:279,0
DA:280,0
DA:282,0
DA:283,0
DA:284,0
DA:285,0
DA:286,0
DA:291,0
DA:302,0
DA:309,0
DA:310,0
DA:314,5
DA:315,0
DA:316,0
DA:318,0
DA:330,0
DA:332,0
DA:333,0
DA:337,5
DA:338,0
DA:339,0
DA:341,0
DA:348,0
DA:349,0
DA:353,5
LF:149
LH:19
BRDA:10,0,0,0
BRDA:10,1,0,0
BRDA:14,2,0,0
BRDA:14,2,1,0
BRDA:20,3,0,0
BRDA:20,3,1,0
BRDA:21,4,0,0
BRDA:21,4,1,0
BRDA:54,5,0,0
BRDA:54,5,1,0
BRDA:69,6,0,0
BRDA:69,6,1,0
BRDA:71,7,0,0
BRDA:71,7,1,0
BRDA:81,8,0,0
BRDA:81,8,1,0
BRDA:82,9,0,0
BRDA:82,9,1,0
BRDA:97,10,0,0
BRDA:97,10,1,0
BRDA:113,11,0,0
BRDA:113,11,1,0
BRDA:132,12,0,0
BRDA:132,12,1,0
BRDA:144,13,0,0
BRDA:144,13,1,0
BRDA:169,14,0,0
BRDA:169,14,1,0
BRDA:174,15,0,0
BRDA:174,15,1,0
BRDA:186,16,0,0
BRDA:186,16,1,0
BRDA:211,17,0,0
BRDA:211,17,1,0
BRDA:224,18,0,0
BRDA:224,18,1,0
BRDA:224,19,0,0
BRDA:224,19,1,0
BRDA:250,20,0,0
BRDA:250,20,1,0
BRDA:279,21,0,0
BRDA:279,22,0,0
BRDA:283,23,0,0
BRDA:283,23,1,0
BRDA:284,24,0,0
BRDA:284,24,1,0
BRDA:285,25,0,0
BRDA:285,25,1,0
BRDA:285,26,0,0
BRDA:285,26,1,0
BRF:50
BRH:0
end_of_record
TN:
SF:routes\marketing.js
FN:8,(anonymous_0)
FN:36,(anonymous_1)
FN:61,(anonymous_2)
FN:96,(anonymous_3)
FN:154,(anonymous_4)
FN:203,(anonymous_5)
FN:241,(anonymous_6)
FN:261,(anonymous_7)
FN:295,(anonymous_8)
FN:319,(anonymous_9)
FN:346,(anonymous_10)
FN:360,(anonymous_11)
FN:380,(anonymous_12)
FN:405,(anonymous_13)
FN:435,(anonymous_14)
FNF:15
FNH:0
FNDA:0,(anonymous_0)
FNDA:0,(anonymous_1)
FNDA:0,(anonymous_2)
FNDA:0,(anonymous_3)
FNDA:0,(anonymous_4)
FNDA:0,(anonymous_5)
FNDA:0,(anonymous_6)
FNDA:0,(anonymous_7)
FNDA:0,(anonymous_8)
FNDA:0,(anonymous_9)
FNDA:0,(anonymous_10)
FNDA:0,(anonymous_11)
FNDA:0,(anonymous_12)
FNDA:0,(anonymous_13)
FNDA:0,(anonymous_14)
DA:1,5
DA:2,5
DA:3,5
DA:4,5
DA:5,5
DA:6,5
DA:8,5
DA:9,0
DA:10,0
DA:29,0
DA:31,0
DA:32,0
DA:36,5
DA:37,0
DA:38,0
DA:40,0
DA:41,0
DA:42,0
DA:45,0
DA:46,0
DA:47,0
DA:49,0
DA:56,0
DA:57,0
DA:61,5
DA:62,0
DA:63,0
DA:65,0
DA:66,0
DA:67,0
DA:70,0
DA:71,0
DA:74,0
DA:75,0
DA:77,0
DA:85,0
DA:91,0
DA:92,0
DA:96,5
DA:97,0
DA:98,0
DA:147,0
DA:149,0
DA:150,0
DA:154,5
DA:155,0
DA:156,0
DA:158,0
DA:159,0
DA:162,0
DA:171,0
DA:178,0
DA:196,0
DA:198,0
DA:199,0
DA:203,5
DA:204,0
DA:205,0
DA:207,0
DA:234,0
DA:236,0
DA:237,0
DA:241,5
DA:242,0
DA:243,0
DA:245,0
DA:254,0
DA:256,0
DA:257,0
DA:261,5
DA:262,0
DA:263,0
DA:288,0
DA:290,0
DA:291,0
DA:295,5
DA:296,0
DA:297,0
DA:299,0
DA:312,0
DA:314,0
DA:315,0
DA:319,5
DA:320,0
DA:321,0
DA:323,0
DA:325,0
DA:326,0
DA:329,0
DA:330,0
DA:332,0
DA:341,0
DA:342,0
DA:346,5
DA:347,0
DA:348,0
DA:353,0
DA:355,0
DA:356,0
DA:360,5
DA:361,0
DA:362,0
DA:364,0
DA:373,0
DA:375,0
DA:376,0
DA:380,5
DA:381,0
DA:382,0
DA:384,0
DA:385,0
DA:388,0
DA:390,0
DA:391,0
DA:392,0
DA:394,0
DA:400,0
DA:401,0
DA:405,5
DA:406,0
DA:407,0
DA:428,0
DA:430,0
DA:431,0
DA:435,5
DA:436,0
DA:437,0
DA:444,0
DA:446,0
DA:447,0
DA:451,5
LF:131
LH:22
BRDA:26,0,0,0
BRDA:26,0,1,0
BRDA:41,1,0,0
BRDA:41,1,1,0
BRDA:66,2,0,0
BRDA:66,2,1,0
BRDA:70,3,0,0
BRDA:70,3,1,0
BRDA:158,4,0,0
BRDA:158,4,1,0
BRDA:181,5,0,0
BRDA:181,5,1,0
BRDA:183,6,0,0
BRDA:183,6,1,0
BRDA:325,7,0,0
BRDA:325,7,1,0
BRDA:369,8,0,0
BRDA:369,8,1,0
BRDA:370,9,0,0
BRDA:370,9,1,0
BRDA:384,10,0,0
BRDA:384,10,1,0
BRF:22
BRH:0
end_of_record
TN:
SF:routes\menu.js
FN:10,(anonymous_0)
FN:29,(anonymous_1)
FN:73,(anonymous_2)
FN:138,(anonymous_3)
FN:163,(anonymous_4)
FN:188,(anonymous_5)
FN:240,(anonymous_6)
FN:284,(anonymous_7)
FN:310,(anonymous_8)
FN:357,(anonymous_9)
FN:382,(anonymous_10)
FN:384,(anonymous_11)
FN:397,(anonymous_12)
FN:410,(anonymous_13)
FN:475,(anonymous_14)
FNF:15
FNH:0
FNDA:0,(anonymous_0)
FNDA:0,(anonymous_1)
FNDA:0,(anonymous_2)
FNDA:0,(anonymous_3)
FNDA:0,(anonymous_4)
FNDA:0,(anonymous_5)
FNDA:0,(anonymous_6)
FNDA:0,(anonymous_7)
FNDA:0,(anonymous_8)
FNDA:0,(anonymous_9)
FNDA:0,(anonymous_10)
FNDA:0,(anonymous_11)
FNDA:0,(anonymous_12)
FNDA:0,(anonymous_13)
FNDA:0,(anonymous_14)
DA:1,0
DA:2,0
DA:3,0
DA:4,0
DA:5,0
DA:10,0
DA:11,0
DA:12,0
DA:21,0
DA:23,0
DA:24,0
DA:29,0
DA:30,0
DA:31,0
DA:33,0
DA:41,0
DA:54,0
DA:55,0
DA:62,0
DA:67,0
DA:68,0
DA:73,0
DA:74,0
DA:76,0
DA:77,0
DA:78,0
DA:80,0
DA:87,0
DA:88,0
DA:92,0
DA:101,0
DA:102,0
DA:110,0
DA:111,0
DA:122,0
DA:124,0
DA:129,0
DA:130,0
DA:131,0
DA:138,0
DA:139,0
DA:140,0
DA:142,0
DA:155,0
DA:157,0
DA:158,0
DA:163,0
DA:164,0
DA:165,0
DA:167,0
DA:171,0
DA:178,0
DA:180,0
DA:181,0
DA:188,0
DA:189,0
DA:197,0
DA:199,0
DA:201,0
DA:202,0
DA:210,0
DA:211,0
DA:213,0
DA:214,0
DA:215,0
DA:216,0
DA:219,0
DA:220,0
DA:223,0
DA:232,0
DA:234,0
DA:235,0
DA:240,0
DA:241,0
DA:243,0
DA:244,0
DA:247,0
DA:248,0
DA:251,0
DA:252,0
DA:253,0
DA:256,0
DA:258,0
DA:261,0
DA:262,0
DA:263,0
DA:270,0
DA:272,0
DA:277,0
DA:278,0
DA:279,0
DA:284,0
DA:285,0
DA:286,0
DA:287,0
DA:289,0
DA:291,0
DA:292,0
DA:295,0
DA:297,0
DA:299,0
DA:304,0
DA:305,0
DA:310,0
DA:311,0
DA:313,0
DA:314,0
DA:316,0
DA:317,0
DA:319,0
DA:320,0
DA:322,0
DA:323,0
DA:324,0
DA:327,0
DA:328,0
DA:331,0
DA:332,0
DA:334,0
DA:341,0
DA:343,0
DA:350,0
DA:351,0
DA:352,0
DA:357,0
DA:358,0
DA:359,0
DA:361,0
DA:371,0
DA:372,0
DA:376,0
DA:382,0
DA:384,0
DA:398,0
DA:402,0
DA:404,0
DA:405,0
DA:410,0
DA:411,0
DA:421,0
DA:423,0
DA:425,0
DA:426,0
DA:429,0
DA:430,0
DA:435,0
DA:436,0
DA:439,0
DA:440,0
DA:443,0
DA:444,0
DA:447,0
DA:448,0
DA:454,0
DA:456,0
DA:464,0
DA:469,0
DA:470,0
DA:475,0
DA:476,0
DA:477,0
DA:479,0
DA:480,0
DA:488,0
DA:499,0
DA:508,0
DA:509,0
DA:513,0
LF:168
LH:0
BRDA:87,0,0,0
BRDA:87,0,1,0
BRDA:93,1,0,0
BRDA:93,1,1,0
BRDA:175,2,0,0
BRDA:175,2,1,0
BRDA:201,3,0,0
BRDA:201,3,1,0
BRDA:210,4,0,0
BRDA:210,4,1,0
BRDA:211,5,0,0
BRDA:211,5,1,0
BRDA:213,6,0,0
BRDA:213,6,1,0
BRDA:213,7,0,0
BRDA:213,7,1,0
BRDA:215,8,0,0
BRDA:215,8,1,0
BRDA:216,9,0,0
BRDA:216,9,1,0
BRDA:219,10,0,0
BRDA:219,10,1,0
BRDA:247,11,0,0
BRDA:247,11,1,0
BRDA:251,12,0,0
BRDA:251,12,1,0
BRDA:261,13,0,0
BRDA:261,13,1,0
BRDA:261,14,0,0
BRDA:261,14,1,0
BRDA:291,15,0,0
BRDA:291,15,1,0
BRDA:327,16,0,0
BRDA:327,16,1,0
BRDA:371,17,0,0
BRDA:371,17,1,0
BRDA:425,18,0,0
BRDA:425,18,1,0
BRDA:425,19,0,0
BRDA:425,19,1,0
BRDA:429,20,0,0
BRDA:429,20,1,0
BRDA:431,21,0,0
BRDA:431,21,1,0
BRDA:431,22,0,0
BRDA:431,22,1,0
BRDA:435,23,0,0
BRDA:435,23,1,0
BRDA:436,24,0,0
BRDA:436,24,1,0
BRDA:439,25,0,0
BRDA:439,25,1,0
BRDA:443,26,0,0
BRDA:443,26,1,0
BRDA:447,27,0,0
BRDA:447,27,1,0
BRDA:454,28,0,0
BRDA:454,28,1,0
BRDA:454,29,0,0
BRDA:454,29,1,0
BRDA:480,30,0,0
BRDA:480,30,1,0
BRDA:492,31,0,0
BRDA:492,31,1,0
BRDA:504,32,0,0
BRDA:504,32,1,0
BRF:66
BRH:0
end_of_record
TN:
SF:routes\pdv.js
FN:7,(anonymous_0)
FN:44,(anonymous_1)
FN:78,(anonymous_2)
FN:96,(anonymous_3)
FN:104,(anonymous_4)
FN:112,(anonymous_5)
FN:129,(anonymous_6)
FN:164,(anonymous_7)
FN:177,(anonymous_8)
FN:233,(anonymous_9)
FN:253,(anonymous_10)
FN:271,(anonymous_11)
FN:275,(anonymous_12)
FN:279,(anonymous_13)
FN:284,(anonymous_14)
FN:286,(anonymous_15)
FNF:16
FNH:0
FNDA:0,(anonymous_0)
FNDA:0,(anonymous_1)
FNDA:0,(anonymous_2)
FNDA:0,(anonymous_3)
FNDA:0,(anonymous_4)
FNDA:0,(anonymous_5)
FNDA:0,(anonymous_6)
FNDA:0,(anonymous_7)
FNDA:0,(anonymous_8)
FNDA:0,(anonymous_9)
FNDA:0,(anonymous_10)
FNDA:0,(anonymous_11)
FNDA:0,(anonymous_12)
FNDA:0,(anonymous_13)
FNDA:0,(anonymous_14)
FNDA:0,(anonymous_15)
DA:1,5
DA:2,5
DA:3,5
DA:4,5
DA:7,5
DA:8,0
DA:9,0
DA:11,0
DA:27,0
DA:28,0
DA:30,0
DA:39,0
DA:44,5
DA:45,0
DA:46,0
DA:47,0
DA:49,0
DA:50,0
DA:57,0
DA:63,0
DA:64,0
DA:75,0
DA:78,0
DA:79,0
DA:80,0
DA:82,0
DA:91,0
DA:96,5
DA:97,0
DA:98,0
DA:100,0
DA:101,0
DA:104,0
DA:105,0
DA:106,0
DA:109,0
DA:112,0
DA:113,0
DA:114,0
DA:116,0
DA:124,0
DA:129,5
DA:130,0
DA:131,0
DA:132,0
DA:134,0
DA:135,0
DA:141,0
DA:142,0
DA:143,0
DA:145,0
DA:148,0
DA:149,0
DA:151,0
DA:159,0
DA:164,5
DA:165,0
DA:166,0
DA:167,0
DA:169,0
DA:170,0
DA:177,0
DA:178,0
DA:180,0
DA:181,0
DA:188,0
DA:198,0
DA:199,0
DA:200,0
DA:201,0
DA:202,0
DA:203,0
DA:204,0
DA:205,0
DA:206,0
DA:209,0
DA:212,0
DA:213,0
DA:214,0
DA:215,0
DA:218,0
DA:228,0
DA:233,5
DA:234,0
DA:235,0
DA:237,0
DA:238,0
DA:241,0
DA:243,0
DA:248,0
DA:253,5
DA:254,0
DA:255,0
DA:257,0
DA:258,0
DA:261,0
DA:266,0
DA:271,5
DA:272,0
DA:273,0
DA:274,0
DA:275,0
DA:277,0
DA:279,0
DA:284,0
DA:286,0
DA:287,0
DA:288,0
DA:293,0
DA:294,0
DA:298,0
DA:305,0
DA:309,5
LF:113
LH:13
BRDA:18,0,0,0
BRDA:18,0,1,0
BRDA:27,1,0,0
BRDA:27,1,1,0
BRDA:49,2,0,0
BRDA:49,2,1,0
BRDA:49,3,0,0
BRDA:49,3,1,0
BRDA:100,4,0,0
BRDA:100,4,1,0
BRDA:105,5,0,0
BRDA:105,5,1,0
BRDA:114,6,0,0
BRDA:114,6,1,0
BRDA:134,7,0,0
BRDA:134,7,1,0
BRDA:134,8,0,0
BRDA:134,8,1,0
BRDA:142,9,0,0
BRDA:142,9,1,0
BRDA:169,10,0,0
BRDA:169,10,1,0
BRDA:169,11,0,0
BRDA:169,11,1,0
BRDA:180,12,0,0
BRDA:180,12,1,0
BRDA:198,13,0,0
BRDA:198,13,1,0
BRDA:200,14,0,0
BRDA:200,14,1,0
BRDA:202,15,0,0
BRDA:202,15,1,0
BRDA:204,16,0,0
BRDA:204,16,1,0
BRDA:204,17,0,0
BRDA:204,17,1,0
BRDA:205,18,0,0
BRDA:205,18,1,0
BRDA:206,19,0,0
BRDA:206,19,1,0
BRDA:213,20,0,0
BRDA:213,20,1,0
BRDA:237,21,0,0
BRDA:237,21,1,0
BRDA:257,22,0,0
BRDA:257,22,1,0
BRDA:274,23,0,0
BRDA:274,23,1,0
BRDA:287,24,0,0
BRDA:287,24,1,0
BRDA:300,25,0,0
BRDA:300,25,1,0
BRF:52
BRH:0
end_of_record
TN:
SF:routes\reports.js
FN:9,(anonymous_0)
FN:36,(anonymous_1)
FN:38,(anonymous_2)
FN:57,(anonymous_3)
FN:84,(anonymous_4)
FN:85,(anonymous_5)
FN:101,(anonymous_6)
FN:125,(anonymous_7)
FN:126,(anonymous_8)
FN:127,(anonymous_9)
FN:137,(anonymous_10)
FN:194,(anonymous_11)
FN:214,(anonymous_12)
FN:215,(anonymous_13)
FN:217,(anonymous_14)
FN:218,(anonymous_15)
FN:220,(anonymous_16)
FN:221,(anonymous_17)
FN:224,(anonymous_18)
FN:225,(anonymous_19)
FN:237,(anonymous_20)
FN:264,(anonymous_21)
FN:265,(anonymous_22)
FN:266,(anonymous_23)
FN:281,(anonymous_24)
FN:290,getTopProducts
FN:313,getSalesByPaymentMethod
FN:327,getTrends
FN:345,getForecast
FN:360,generateExcelReport
FN:374,(anonymous_30)
FN:390,getDateFilter
FNF:32
FNH:0
FNDA:0,(anonymous_0)
FNDA:0,(anonymous_1)
FNDA:0,(anonymous_2)
FNDA:0,(anonymous_3)
FNDA:0,(anonymous_4)
FNDA:0,(anonymous_5)
FNDA:0,(anonymous_6)
FNDA:0,(anonymous_7)
FNDA:0,(anonymous_8)
FNDA:0,(anonymous_9)
FNDA:0,(anonymous_10)
FNDA:0,(anonymous_11)
FNDA:0,(anonymous_12)
FNDA:0,(anonymous_13)
FNDA:0,(anonymous_14)
FNDA:0,(anonymous_15)
FNDA:0,(anonymous_16)
FNDA:0,(anonymous_17)
FNDA:0,(anonymous_18)
FNDA:0,(anonymous_19)
FNDA:0,(anonymous_20)
FNDA:0,(anonymous_21)
FNDA:0,(anonymous_22)
FNDA:0,(anonymous_23)
FNDA:0,(anonymous_24)
FNDA:0,getTopProducts
FNDA:0,getSalesByPaymentMethod
FNDA:0,getTrends
FNDA:0,getForecast
FNDA:0,generateExcelReport
FNDA:0,(anonymous_30)
FNDA:0,getDateFilter
DA:1,5
DA:2,5
DA:3,5
DA:4,5
DA:5,5
DA:6,5
DA:7,5
DA:9,5
DA:10,0
DA:11,0
DA:13,0
DA:14,0
DA:15,0
DA:19,0
DA:21,0
DA:34,0
DA:36,0
DA:38,0
DA:43,0
DA:44,0
DA:45,0
DA:46,0
DA:47,0
DA:50,0
DA:52,0
DA:53,0
DA:57,5
DA:58,0
DA:59,0
DA:61,0
DA:66,0
DA:67,0
DA:72,0
DA:83,0
DA:84,0
DA:85,0
DA:90,0
DA:91,0
DA:94,0
DA:96,0
DA:97,0
DA:101,5
DA:102,0
DA:103,0
DA:105,0
DA:106,0
DA:107,0
DA:111,0
DA:112,0
DA:114,0
DA:123,0
DA:125,0
DA:126,0
DA:127,0
DA:130,0
DA:132,0
DA:133,0
DA:137,5
DA:138,0
DA:139,0
DA:141,0
DA:143,0
DA:169,0
DA:170,0
DA:172,0
DA:187,0
DA:189,0
DA:190,0
DA:194,5
DA:195,0
DA:196,0
DA:198,0
DA:199,0
DA:200,0
DA:204,0
DA:206,0
DA:212,0
DA:214,0
DA:215,0
DA:217,0
DA:218,0
DA:220,0
DA:221,0
DA:224,0
DA:225,0
DA:228,0
DA:230,0
DA:232,0
DA:233,0
DA:237,5
DA:238,0
DA:239,0
DA:241,0
DA:242,0
DA:244,0
DA:263,0
DA:264,0
DA:265,0
DA:266,0
DA:269,0
DA:273,0
DA:281,0
DA:285,0
DA:286,0
DA:291,0
DA:310,0
DA:314,0
DA:324,0
DA:328,0
DA:342,0
DA:346,0
DA:361,0
DA:362,0
DA:364,0
DA:374,0
DA:375,0
DA:386,0
DA:387,0
DA:391,0
DA:392,0
DA:394,0
DA:396,0
DA:398,0
DA:400,0
DA:404,5
LF:125
LH:14
BRDA:11,0,0,0
BRDA:14,1,0,0
BRDA:14,1,1,0
BRDA:14,2,0,0
BRDA:14,2,1,0
BRDA:19,3,0,0
BRDA:19,3,1,0
BRDA:37,4,0,0
BRDA:37,4,1,0
BRDA:43,5,0,0
BRDA:43,5,1,0
BRDA:66,6,0,0
BRDA:66,6,1,0
BRDA:66,7,0,0
BRDA:66,7,1,0
BRDA:90,8,0,0
BRDA:90,8,1,0
BRDA:106,9,0,0
BRDA:106,9,1,0
BRDA:106,10,0,0
BRDA:106,10,1,0
BRDA:111,11,0,0
BRDA:111,11,1,0
BRDA:112,12,0,0
BRDA:112,12,1,0
BRDA:125,13,0,0
BRDA:125,13,1,0
BRDA:139,14,0,0
BRDA:169,15,0,0
BRDA:169,15,1,0
BRDA:169,16,0,0
BRDA:169,16,1,0
BRDA:170,17,0,0
BRDA:170,17,1,0
BRDA:175,18,0,0
BRDA:175,18,1,0
BRDA:176,19,0,0
BRDA:176,19,1,0
BRDA:199,20,0,0
BRDA:199,20,1,0
BRDA:199,21,0,0
BRDA:199,21,1,0
BRDA:204,22,0,0
BRDA:204,22,1,0
BRDA:239,23,0,0
BRDA:242,24,0,0
BRDA:242,24,1,0
BRDA:279,25,0,0
BRDA:279,25,1,0
BRDA:280,26,0,0
BRDA:280,26,1,0
BRDA:281,27,0,0
BRDA:281,27,1,0
BRDA:378,28,0,0
BRDA:378,28,1,0
BRDA:379,29,0,0
BRDA:379,29,1,0
BRDA:392,30,0,0
BRDA:392,30,1,0
BRDA:392,30,2,0
BRDA:392,30,3,0
BRF:61
BRH:0
end_of_record
TN:
SF:routes\sales.js
FN:7,(anonymous_0)
FN:21,(anonymous_1)
FN:35,(anonymous_2)
FN:41,(anonymous_3)
FN:97,(anonymous_4)
FN:129,(anonymous_5)
FN:153,(anonymous_6)
FN:204,(anonymous_7)
FN:231,(anonymous_8)
FN:244,(anonymous_9)
FNF:10
FNH:0
FNDA:0,(anonymous_0)
FNDA:0,(anonymous_1)
FNDA:0,(anonymous_2)
FNDA:0,(anonymous_3)
FNDA:0,(anonymous_4)
FNDA:0,(anonymous_5)
FNDA:0,(anonymous_6)
FNDA:0,(anonymous_7)
FNDA:0,(anonymous_8)
FNDA:0,(anonymous_9)
DA:1,5
DA:2,5
DA:3,5
DA:4,5
DA:5,5
DA:7,5
DA:8,0
DA:9,0
DA:11,0
DA:12,0
DA:13,0
DA:16,0
DA:21,0
DA:22,0
DA:23,0
DA:24,0
DA:25,0
DA:28,0
DA:30,0
DA:31,0
DA:35,5
DA:36,0
DA:38,0
DA:39,0
DA:41,0
DA:42,0
DA:44,0
DA:54,0
DA:55,0
DA:63,0
DA:64,0
DA:65,0
DA:66,0
DA:70,0
DA:71,0
DA:72,0
DA:73,0
DA:74,0
DA:76,0
DA:77,0
DA:81,0
DA:82,0
DA:84,0
DA:86,0
DA:91,0
DA:92,0
DA:93,0
DA:97,5
DA:98,0
DA:99,0
DA:100,0
DA:102,0
DA:103,0
DA:104,0
DA:106,0
DA:117,0
DA:124,0
DA:125,0
DA:129,5
DA:130,0
DA:131,0
DA:142,0
DA:143,0
DA:146,0
DA:148,0
DA:149,0
DA:153,5
DA:154,0
DA:156,0
DA:157,0
DA:162,0
DA:163,0
DA:164,0
DA:167,0
DA:168,0
DA:169,0
DA:172,0
DA:173,0
DA:174,0
DA:175,0
DA:176,0
DA:180,0
DA:181,0
DA:182,0
DA:183,0
DA:184,0
DA:188,0
DA:189,0
DA:191,0
DA:193,0
DA:198,0
DA:199,0
DA:200,0
DA:204,5
DA:205,0
DA:206,0
DA:224,0
DA:226,0
DA:227,0
DA:231,5
DA:232,0
DA:233,0
DA:235,0
DA:236,0
DA:238,0
DA:244,0
DA:245,0
DA:252,0
DA:260,0
DA:262,0
DA:263,0
DA:267,5
LF:112
LH:13
BRDA:9,0,0,0
BRDA:12,1,0,0
BRDA:12,1,1,0
BRDA:22,2,0,0
BRDA:22,2,1,0
BRDA:23,3,0,0
BRDA:23,3,1,0
BRDA:39,4,0,0
BRDA:64,5,0,0
BRDA:64,5,1,0
BRDA:70,6,0,0
BRDA:70,6,1,0
BRDA:70,7,0,0
BRDA:70,7,1,0
BRDA:72,8,0,0
BRDA:72,8,1,0
BRDA:73,9,0,0
BRDA:73,9,1,0
BRDA:93,10,0,0
BRDA:93,10,1,0
BRDA:99,11,0,0
BRDA:99,12,0,0
BRDA:103,13,0,0
BRDA:103,13,1,0
BRDA:104,14,0,0
BRDA:104,14,1,0
BRDA:142,15,0,0
BRDA:142,15,1,0
BRDA:162,16,0,0
BRDA:162,16,1,0
BRDA:167,17,0,0
BRDA:167,17,1,0
BRDA:174,18,0,0
BRDA:174,18,1,0
BRDA:180,19,0,0
BRDA:180,19,1,0
BRDA:180,20,0,0
BRDA:180,20,1,0
BRDA:182,21,0,0
BRDA:182,21,1,0
BRDA:236,22,0,0
BRDA:236,22,1,0
BRF:42
BRH:0
end_of_record
TN:
SF:routes\team.js
FN:7,(anonymous_0)
FN:43,(anonymous_1)
FN:60,(anonymous_2)
FN:88,(anonymous_3)
FN:115,(anonymous_4)
FN:135,(anonymous_5)
FN:156,(anonymous_6)
FN:192,(anonymous_7)
FNF:8
FNH:0
FNDA:0,(anonymous_0)
FNDA:0,(anonymous_1)
FNDA:0,(anonymous_2)
FNDA:0,(anonymous_3)
FNDA:0,(anonymous_4)
FNDA:0,(anonymous_5)
FNDA:0,(anonymous_6)
FNDA:0,(anonymous_7)
DA:1,5
DA:2,5
DA:3,5
DA:4,5
DA:5,5
DA:7,5
DA:8,0
DA:9,0
DA:10,0
DA:12,0
DA:13,0
DA:14,0
DA:19,0
DA:20,0
DA:23,0
DA:31,0
DA:38,0
DA:39,0
DA:43,5
DA:44,0
DA:45,0
DA:49,0
DA:50,0
DA:53,0
DA:55,0
DA:56,0
DA:60,5
DA:61,0
DA:62,0
DA:64,0
DA:65,0
DA:66,0
DA:69,0
DA:71,0
DA:78,0
DA:79,0
DA:81,0
DA:83,0
DA:84,0
DA:88,5
DA:89,0
DA:90,0
DA:92,0
DA:93,0
DA:96,0
DA:97,0
DA:99,0
DA:100,0
DA:103,0
DA:105,0
DA:106,0
DA:108,0
DA:110,0
DA:111,0
DA:115,5
DA:116,0
DA:117,0
DA:119,0
DA:120,0
DA:123,0
DA:124,0
DA:127,0
DA:128,0
DA:130,0
DA:131,0
DA:135,5
DA:136,0
DA:137,0
DA:139,0
DA:140,0
DA:143,0
DA:144,0
DA:146,0
DA:151,0
DA:152,0
DA:156,5
DA:157,0
DA:158,0
DA:185,0
DA:187,0
DA:188,0
DA:192,5
DA:193,0
DA:194,0
DA:207,0
DA:209,0
DA:210,0
DA:214,5
LF:88
LH:14
BRDA:9,0,0,0
BRDA:9,1,0,0
BRDA:13,2,0,0
BRDA:13,2,1,0
BRDA:19,3,0,0
BRDA:19,3,1,0
BRDA:49,4,0,0
BRDA:49,4,1,0
BRDA:65,5,0,0
BRDA:65,5,1,0
BRDA:75,6,0,0
BRDA:75,6,1,0
BRDA:92,7,0,0
BRDA:92,7,1,0
BRDA:99,8,0,0
BRDA:99,8,1,0
BRDA:119,9,0,0
BRDA:119,9,1,0
BRDA:123,10,0,0
BRDA:123,10,1,0
BRDA:139,11,0,0
BRDA:139,11,1,0
BRDA:147,12,0,0
BRDA:147,12,1,0
BRF:24
BRH:0
end_of_record
